08-Dec-2023 00:04:27.803 INFO [main] org.apache.catalina.startup.VersionLoggerListener.log Nombre de la versión del servidor: Apache Tomcat/9.0.82
08-Dec-2023 00:04:27.808 INFO [main] org.apache.catalina.startup.VersionLoggerListener.log Server built:                      Oct 11 2023 13:15:08 UTC
08-Dec-2023 00:04:27.808 INFO [main] org.apache.catalina.startup.VersionLoggerListener.log Número de versión de servidor:     9.0.82.0
08-Dec-2023 00:04:27.808 INFO [main] org.apache.catalina.startup.VersionLoggerListener.log OS Name:                           Windows 11
08-Dec-2023 00:04:27.808 INFO [main] org.apache.catalina.startup.VersionLoggerListener.log Versión de Systema Operativo:      10.0
08-Dec-2023 00:04:27.809 INFO [main] org.apache.catalina.startup.VersionLoggerListener.log Arquitectura:                      amd64
08-Dec-2023 00:04:27.809 INFO [main] org.apache.catalina.startup.VersionLoggerListener.log Java Home:                         C:\Program Files\Java\jdk-21
08-Dec-2023 00:04:27.809 INFO [main] org.apache.catalina.startup.VersionLoggerListener.log JVM Version:                       21.0.1+12-LTS-29
08-Dec-2023 00:04:27.809 INFO [main] org.apache.catalina.startup.VersionLoggerListener.log Vededor JVM:                       Oracle Corporation
08-Dec-2023 00:04:27.809 INFO [main] org.apache.catalina.startup.VersionLoggerListener.log CATALINA_BASE:                     E:\Krakedev\Modulo-3\apache-tomcat-9.0.82-windows-x64\apache-tomcat-9.0.82
08-Dec-2023 00:04:27.810 INFO [main] org.apache.catalina.startup.VersionLoggerListener.log CATALINA_HOME:                     E:\Krakedev\Modulo-3\apache-tomcat-9.0.82-windows-x64\apache-tomcat-9.0.82
08-Dec-2023 00:04:27.828 INFO [main] org.apache.catalina.startup.VersionLoggerListener.log Command line argument:             --add-opens=java.base/java.lang=ALL-UNNAMED
08-Dec-2023 00:04:27.828 INFO [main] org.apache.catalina.startup.VersionLoggerListener.log Command line argument:             --add-opens=java.base/java.io=ALL-UNNAMED
08-Dec-2023 00:04:27.829 INFO [main] org.apache.catalina.startup.VersionLoggerListener.log Command line argument:             --add-opens=java.base/java.util=ALL-UNNAMED
08-Dec-2023 00:04:27.829 INFO [main] org.apache.catalina.startup.VersionLoggerListener.log Command line argument:             --add-opens=java.base/java.util.concurrent=ALL-UNNAMED
08-Dec-2023 00:04:27.829 INFO [main] org.apache.catalina.startup.VersionLoggerListener.log Command line argument:             --add-opens=java.rmi/sun.rmi.transport=ALL-UNNAMED
08-Dec-2023 00:04:27.830 INFO [main] org.apache.catalina.startup.VersionLoggerListener.log Command line argument:             -Djava.util.logging.config.file=E:\Krakedev\Modulo-3\apache-tomcat-9.0.82-windows-x64\apache-tomcat-9.0.82\conf\logging.properties
08-Dec-2023 00:04:27.830 INFO [main] org.apache.catalina.startup.VersionLoggerListener.log Command line argument:             -Djava.util.logging.manager=org.apache.juli.ClassLoaderLogManager
08-Dec-2023 00:04:27.830 INFO [main] org.apache.catalina.startup.VersionLoggerListener.log Command line argument:             -Djdk.tls.ephemeralDHKeySize=2048
08-Dec-2023 00:04:27.831 INFO [main] org.apache.catalina.startup.VersionLoggerListener.log Command line argument:             -Djava.protocol.handler.pkgs=org.apache.catalina.webresources
08-Dec-2023 00:04:27.832 INFO [main] org.apache.catalina.startup.VersionLoggerListener.log Command line argument:             -Dignore.endorsed.dirs=
08-Dec-2023 00:04:27.832 INFO [main] org.apache.catalina.startup.VersionLoggerListener.log Command line argument:             -Dcatalina.base=E:\Krakedev\Modulo-3\apache-tomcat-9.0.82-windows-x64\apache-tomcat-9.0.82
08-Dec-2023 00:04:27.833 INFO [main] org.apache.catalina.startup.VersionLoggerListener.log Command line argument:             -Dcatalina.home=E:\Krakedev\Modulo-3\apache-tomcat-9.0.82-windows-x64\apache-tomcat-9.0.82
08-Dec-2023 00:04:27.833 INFO [main] org.apache.catalina.startup.VersionLoggerListener.log Command line argument:             -Djava.io.tmpdir=E:\Krakedev\Modulo-3\apache-tomcat-9.0.82-windows-x64\apache-tomcat-9.0.82\temp
08-Dec-2023 00:04:27.840 INFO [main] org.apache.catalina.core.AprLifecycleListener.lifecycleEvent Cargada la biblioteca nativa APR de Apache Tomcat [1.2.39] con la versión APR [1.7.4].
08-Dec-2023 00:04:27.840 INFO [main] org.apache.catalina.core.AprLifecycleListener.lifecycleEvent Capacidades APR: IPv6 [true], enviar fichero [true], aceptar filtros [false], aleatorio [true], UDS [true].
08-Dec-2023 00:04:27.841 INFO [main] org.apache.catalina.core.AprLifecycleListener.lifecycleEvent APR/OpenSSL configuration: useAprConnector [false], useOpenSSL [true]
08-Dec-2023 00:04:27.850 INFO [main] org.apache.catalina.core.AprLifecycleListener.initializeSSL OpenSSL inicializado correctamente [OpenSSL 3.0.11 19 Sep 2023]
08-Dec-2023 00:04:29.106 INFO [main] org.apache.coyote.AbstractProtocol.init Inicializando el manejador de protocolo ["http-nio-8080"]

08-Dec-2023 00:04:29.308 INFO [main] org.apache.catalina.startup.Catalina.load Server initialization in [1845] milliseconds
08-Dec-2023 00:04:29.468 WARNING [main] java.util.ArrayList.forEach Name = ConexionInventario Property maxActive is not used in DBCP2, use maxTotal instead. maxTotal default value is 8. You have set value of "100" for "maxActive" property, which is being ignored.
08-Dec-2023 00:04:29.476 WARNING [main] java.util.ArrayList.forEach Name = ConexionInventario Property maxWait is not used in DBCP2 , use maxWaitMillis instead. maxWaitMillis default value is PT-0.001S. You have set value of "10000" for "maxWait" property, which is being ignored.
08-Dec-2023 00:04:29.481 INFO [main] java.util.ArrayList.forEach Name = ConexionInventario Ignoring unknown property: value of "jdbc/ConexionInventario" for "global" property
08-Dec-2023 00:04:29.571 WARNING [main] java.util.ArrayList.forEach Name = ConexionPG Property maxActive is not used in DBCP2, use maxTotal instead. maxTotal default value is 8. You have set value of "100" for "maxActive" property, which is being ignored.
08-Dec-2023 00:04:29.571 WARNING [main] java.util.ArrayList.forEach Name = ConexionPG Property maxWait is not used in DBCP2 , use maxWaitMillis instead. maxWaitMillis default value is PT-0.001S. You have set value of "10000" for "maxWait" property, which is being ignored.
08-Dec-2023 00:04:29.572 INFO [main] java.util.ArrayList.forEach Name = ConexionPG Ignoring unknown property: value of "jdbc/ConexionPG" for "global" property
08-Dec-2023 00:04:29.656 INFO [main] org.apache.catalina.core.StandardService.startInternal Arrancando servicio [Catalina]
08-Dec-2023 00:04:29.667 INFO [main] org.apache.catalina.core.StandardEngine.startInternal Starting Servlet engine: [Apache Tomcat/9.0.82]
08-Dec-2023 00:04:29.736 INFO [main] org.apache.catalina.startup.HostConfig.deployWAR Despliegue del archivo [E:\Krakedev\Modulo-3\apache-tomcat-9.0.82-windows-x64\apache-tomcat-9.0.82\webapps\ejemploweb.war] de la aplicación web
08-Dec-2023 00:04:31.889 INFO [main] org.apache.jasper.servlet.TldScanner.scanJars Al menos un JAR, que se ha explorado buscando TLDs, aún no contenía TLDs. Activar historial de depuración para este historiador para una completa lista de los JARs que fueron explorados y de los que nos se halló TLDs. Saltarse JARs no necesarios durante la exploración puede dar lugar a una mejora de tiempo significativa en el arranque y compilación de JSP .
08-Dec-2023 00:04:33.471 INFO [main] org.apache.catalina.startup.HostConfig.deployWAR Deployment of web application archive [E:\Krakedev\Modulo-3\apache-tomcat-9.0.82-windows-x64\apache-tomcat-9.0.82\webapps\ejemploweb.war] has finished in [3.735] ms
08-Dec-2023 00:04:33.473 INFO [main] org.apache.catalina.startup.HostConfig.deployWAR Despliegue del archivo [E:\Krakedev\Modulo-3\apache-tomcat-9.0.82-windows-x64\apache-tomcat-9.0.82\webapps\inventario.war] de la aplicación web
08-Dec-2023 00:04:34.990 INFO [main] org.apache.jasper.servlet.TldScanner.scanJars Al menos un JAR, que se ha explorado buscando TLDs, aún no contenía TLDs. Activar historial de depuración para este historiador para una completa lista de los JARs que fueron explorados y de los que nos se halló TLDs. Saltarse JARs no necesarios durante la exploración puede dar lugar a una mejora de tiempo significativa en el arranque y compilación de JSP .
08-Dec-2023 00:04:36.110 INFO [main] org.apache.catalina.startup.HostConfig.deployWAR Deployment of web application archive [E:\Krakedev\Modulo-3\apache-tomcat-9.0.82-windows-x64\apache-tomcat-9.0.82\webapps\inventario.war] has finished in [2.636] ms
08-Dec-2023 00:04:36.112 INFO [main] org.apache.catalina.startup.HostConfig.deployWAR Despliegue del archivo [E:\Krakedev\Modulo-3\apache-tomcat-9.0.82-windows-x64\apache-tomcat-9.0.82\webapps\inventarios-1.0.0.war] de la aplicación web
08-Dec-2023 00:04:36.115 INFO [main] org.apache.catalina.startup.ExpandWar.expand An expanded directory [E:\Krakedev\Modulo-3\apache-tomcat-9.0.82-windows-x64\apache-tomcat-9.0.82\webapps\inventarios-1.0.0] was found with a last modified time that did not match the associated WAR. It will be deleted.
08-Dec-2023 00:04:37.603 INFO [main] org.apache.jasper.servlet.TldScanner.scanJars Al menos un JAR, que se ha explorado buscando TLDs, aún no contenía TLDs. Activar historial de depuración para este historiador para una completa lista de los JARs que fueron explorados y de los que nos se halló TLDs. Saltarse JARs no necesarios durante la exploración puede dar lugar a una mejora de tiempo significativa en el arranque y compilación de JSP .
08-Dec-2023 00:04:37.626 INFO [main] org.apache.catalina.startup.HostConfig.deployWAR Deployment of web application archive [E:\Krakedev\Modulo-3\apache-tomcat-9.0.82-windows-x64\apache-tomcat-9.0.82\webapps\inventarios-1.0.0.war] has finished in [1.513] ms
08-Dec-2023 00:04:37.627 INFO [main] org.apache.catalina.startup.HostConfig.deployDirectory Desplegando el directorio [E:\Krakedev\Modulo-3\apache-tomcat-9.0.82-windows-x64\apache-tomcat-9.0.82\webapps\coffee] de la aplicación web
08-Dec-2023 00:04:37.783 INFO [main] org.apache.jasper.servlet.TldScanner.scanJars Al menos un JAR, que se ha explorado buscando TLDs, aún no contenía TLDs. Activar historial de depuración para este historiador para una completa lista de los JARs que fueron explorados y de los que nos se halló TLDs. Saltarse JARs no necesarios durante la exploración puede dar lugar a una mejora de tiempo significativa en el arranque y compilación de JSP .
08-Dec-2023 00:04:37.787 INFO [main] org.apache.catalina.startup.HostConfig.deployDirectory Deployment of web application directory [E:\Krakedev\Modulo-3\apache-tomcat-9.0.82-windows-x64\apache-tomcat-9.0.82\webapps\coffee] has finished in [160] ms
08-Dec-2023 00:04:37.788 INFO [main] org.apache.catalina.startup.HostConfig.deployDirectory Desplegando el directorio [E:\Krakedev\Modulo-3\apache-tomcat-9.0.82-windows-x64\apache-tomcat-9.0.82\webapps\docs] de la aplicación web
08-Dec-2023 00:04:37.965 INFO [main] org.apache.jasper.servlet.TldScanner.scanJars Al menos un JAR, que se ha explorado buscando TLDs, aún no contenía TLDs. Activar historial de depuración para este historiador para una completa lista de los JARs que fueron explorados y de los que nos se halló TLDs. Saltarse JARs no necesarios durante la exploración puede dar lugar a una mejora de tiempo significativa en el arranque y compilación de JSP .
08-Dec-2023 00:04:37.968 INFO [main] org.apache.catalina.startup.HostConfig.deployDirectory Deployment of web application directory [E:\Krakedev\Modulo-3\apache-tomcat-9.0.82-windows-x64\apache-tomcat-9.0.82\webapps\docs] has finished in [180] ms
08-Dec-2023 00:04:37.969 INFO [main] org.apache.catalina.startup.HostConfig.deployDirectory Desplegando el directorio [E:\Krakedev\Modulo-3\apache-tomcat-9.0.82-windows-x64\apache-tomcat-9.0.82\webapps\examples] de la aplicación web
08-Dec-2023 00:04:38.552 INFO [main] org.apache.jasper.servlet.TldScanner.scanJars Al menos un JAR, que se ha explorado buscando TLDs, aún no contenía TLDs. Activar historial de depuración para este historiador para una completa lista de los JARs que fueron explorados y de los que nos se halló TLDs. Saltarse JARs no necesarios durante la exploración puede dar lugar a una mejora de tiempo significativa en el arranque y compilación de JSP .
08-Dec-2023 00:04:38.642 INFO [main] org.apache.catalina.startup.HostConfig.deployDirectory Deployment of web application directory [E:\Krakedev\Modulo-3\apache-tomcat-9.0.82-windows-x64\apache-tomcat-9.0.82\webapps\examples] has finished in [672] ms
08-Dec-2023 00:04:38.643 INFO [main] org.apache.catalina.startup.HostConfig.deployDirectory Desplegando el directorio [E:\Krakedev\Modulo-3\apache-tomcat-9.0.82-windows-x64\apache-tomcat-9.0.82\webapps\host-manager] de la aplicación web
08-Dec-2023 00:04:38.862 INFO [main] org.apache.jasper.servlet.TldScanner.scanJars Al menos un JAR, que se ha explorado buscando TLDs, aún no contenía TLDs. Activar historial de depuración para este historiador para una completa lista de los JARs que fueron explorados y de los que nos se halló TLDs. Saltarse JARs no necesarios durante la exploración puede dar lugar a una mejora de tiempo significativa en el arranque y compilación de JSP .
08-Dec-2023 00:04:38.883 INFO [main] org.apache.catalina.startup.HostConfig.deployDirectory Deployment of web application directory [E:\Krakedev\Modulo-3\apache-tomcat-9.0.82-windows-x64\apache-tomcat-9.0.82\webapps\host-manager] has finished in [240] ms
08-Dec-2023 00:04:38.885 INFO [main] org.apache.catalina.startup.HostConfig.deployDirectory Desplegando el directorio [E:\Krakedev\Modulo-3\apache-tomcat-9.0.82-windows-x64\apache-tomcat-9.0.82\webapps\krakedev] de la aplicación web
08-Dec-2023 00:04:39.041 INFO [main] org.apache.jasper.servlet.TldScanner.scanJars Al menos un JAR, que se ha explorado buscando TLDs, aún no contenía TLDs. Activar historial de depuración para este historiador para una completa lista de los JARs que fueron explorados y de los que nos se halló TLDs. Saltarse JARs no necesarios durante la exploración puede dar lugar a una mejora de tiempo significativa en el arranque y compilación de JSP .
08-Dec-2023 00:04:39.047 INFO [main] org.apache.catalina.startup.HostConfig.deployDirectory Deployment of web application directory [E:\Krakedev\Modulo-3\apache-tomcat-9.0.82-windows-x64\apache-tomcat-9.0.82\webapps\krakedev] has finished in [161] ms
08-Dec-2023 00:04:39.048 INFO [main] org.apache.catalina.startup.HostConfig.deployDirectory Desplegando el directorio [E:\Krakedev\Modulo-3\apache-tomcat-9.0.82-windows-x64\apache-tomcat-9.0.82\webapps\manager] de la aplicación web
08-Dec-2023 00:04:39.321 INFO [main] org.apache.jasper.servlet.TldScanner.scanJars Al menos un JAR, que se ha explorado buscando TLDs, aún no contenía TLDs. Activar historial de depuración para este historiador para una completa lista de los JARs que fueron explorados y de los que nos se halló TLDs. Saltarse JARs no necesarios durante la exploración puede dar lugar a una mejora de tiempo significativa en el arranque y compilación de JSP .
08-Dec-2023 00:04:39.326 INFO [main] org.apache.catalina.startup.HostConfig.deployDirectory Deployment of web application directory [E:\Krakedev\Modulo-3\apache-tomcat-9.0.82-windows-x64\apache-tomcat-9.0.82\webapps\manager] has finished in [277] ms
08-Dec-2023 00:04:39.327 INFO [main] org.apache.catalina.startup.HostConfig.deployDirectory Desplegando el directorio [E:\Krakedev\Modulo-3\apache-tomcat-9.0.82-windows-x64\apache-tomcat-9.0.82\webapps\ROOT] de la aplicación web
08-Dec-2023 00:04:39.522 INFO [main] org.apache.jasper.servlet.TldScanner.scanJars Al menos un JAR, que se ha explorado buscando TLDs, aún no contenía TLDs. Activar historial de depuración para este historiador para una completa lista de los JARs que fueron explorados y de los que nos se halló TLDs. Saltarse JARs no necesarios durante la exploración puede dar lugar a una mejora de tiempo significativa en el arranque y compilación de JSP .
08-Dec-2023 00:04:39.525 INFO [main] org.apache.catalina.startup.HostConfig.deployDirectory Deployment of web application directory [E:\Krakedev\Modulo-3\apache-tomcat-9.0.82-windows-x64\apache-tomcat-9.0.82\webapps\ROOT] has finished in [198] ms
08-Dec-2023 00:04:39.529 INFO [main] org.apache.coyote.AbstractProtocol.start Starting ProtocolHandler ["http-nio-8080"]
08-Dec-2023 00:04:39.563 INFO [main] org.apache.catalina.startup.Catalina.start Server startup in [10235] milliseconds
08-Dec-2023 00:06:09.679 INFO [Catalina-utility-2] org.apache.catalina.startup.HostConfig.undeploy Repliegue (undeploy) de la aplicación web que tiene como trayectoria de contexto [/inventarios-1.0.0]
08-Dec-2023 00:06:09.758 INFO [Catalina-utility-2] org.apache.catalina.startup.HostConfig.deployWAR Despliegue del archivo [E:\Krakedev\Modulo-3\apache-tomcat-9.0.82-windows-x64\apache-tomcat-9.0.82\webapps\inventarios-1.0.0.war] de la aplicación web
08-Dec-2023 00:06:12.048 INFO [Catalina-utility-2] org.apache.jasper.servlet.TldScanner.scanJars Al menos un JAR, que se ha explorado buscando TLDs, aún no contenía TLDs. Activar historial de depuración para este historiador para una completa lista de los JARs que fueron explorados y de los que nos se halló TLDs. Saltarse JARs no necesarios durante la exploración puede dar lugar a una mejora de tiempo significativa en el arranque y compilación de JSP .
08-Dec-2023 00:06:12.073 INFO [Catalina-utility-2] org.apache.catalina.startup.HostConfig.deployWAR Deployment of web application archive [E:\Krakedev\Modulo-3\apache-tomcat-9.0.82-windows-x64\apache-tomcat-9.0.82\webapps\inventarios-1.0.0.war] has finished in [2.314] ms
08-Dec-2023 00:06:15.773 INFO [main] org.apache.catalina.startup.VersionLoggerListener.log Nombre de la versión del servidor: Apache Tomcat/9.0.82
08-Dec-2023 00:06:15.780 INFO [main] org.apache.catalina.startup.VersionLoggerListener.log Server built:                      Oct 11 2023 13:15:08 UTC
08-Dec-2023 00:06:15.782 INFO [main] org.apache.catalina.startup.VersionLoggerListener.log Número de versión de servidor:     9.0.82.0
08-Dec-2023 00:06:15.783 INFO [main] org.apache.catalina.startup.VersionLoggerListener.log OS Name:                           Windows 11
08-Dec-2023 00:06:15.783 INFO [main] org.apache.catalina.startup.VersionLoggerListener.log Versión de Systema Operativo:      10.0
08-Dec-2023 00:06:15.783 INFO [main] org.apache.catalina.startup.VersionLoggerListener.log Arquitectura:                      amd64
08-Dec-2023 00:06:15.783 INFO [main] org.apache.catalina.startup.VersionLoggerListener.log Java Home:                         C:\Program Files\Java\jdk-21
08-Dec-2023 00:06:15.783 INFO [main] org.apache.catalina.startup.VersionLoggerListener.log JVM Version:                       21.0.1+12-LTS-29
08-Dec-2023 00:06:15.784 INFO [main] org.apache.catalina.startup.VersionLoggerListener.log Vededor JVM:                       Oracle Corporation
08-Dec-2023 00:06:15.784 INFO [main] org.apache.catalina.startup.VersionLoggerListener.log CATALINA_BASE:                     E:\Krakedev\Modulo-3\apache-tomcat-9.0.82-windows-x64\apache-tomcat-9.0.82
08-Dec-2023 00:06:15.785 INFO [main] org.apache.catalina.startup.VersionLoggerListener.log CATALINA_HOME:                     E:\Krakedev\Modulo-3\apache-tomcat-9.0.82-windows-x64\apache-tomcat-9.0.82
08-Dec-2023 00:06:15.800 INFO [main] org.apache.catalina.startup.VersionLoggerListener.log Command line argument:             --add-opens=java.base/java.lang=ALL-UNNAMED
08-Dec-2023 00:06:15.802 INFO [main] org.apache.catalina.startup.VersionLoggerListener.log Command line argument:             --add-opens=java.base/java.io=ALL-UNNAMED
08-Dec-2023 00:06:15.803 INFO [main] org.apache.catalina.startup.VersionLoggerListener.log Command line argument:             --add-opens=java.base/java.util=ALL-UNNAMED
08-Dec-2023 00:06:15.803 INFO [main] org.apache.catalina.startup.VersionLoggerListener.log Command line argument:             --add-opens=java.base/java.util.concurrent=ALL-UNNAMED
08-Dec-2023 00:06:15.804 INFO [main] org.apache.catalina.startup.VersionLoggerListener.log Command line argument:             --add-opens=java.rmi/sun.rmi.transport=ALL-UNNAMED
08-Dec-2023 00:06:15.805 INFO [main] org.apache.catalina.startup.VersionLoggerListener.log Command line argument:             -Djava.util.logging.config.file=E:\Krakedev\Modulo-3\apache-tomcat-9.0.82-windows-x64\apache-tomcat-9.0.82\conf\logging.properties
08-Dec-2023 00:06:15.806 INFO [main] org.apache.catalina.startup.VersionLoggerListener.log Command line argument:             -Djava.util.logging.manager=org.apache.juli.ClassLoaderLogManager
08-Dec-2023 00:06:15.807 INFO [main] org.apache.catalina.startup.VersionLoggerListener.log Command line argument:             -Djdk.tls.ephemeralDHKeySize=2048
08-Dec-2023 00:06:15.809 INFO [main] org.apache.catalina.startup.VersionLoggerListener.log Command line argument:             -Djava.protocol.handler.pkgs=org.apache.catalina.webresources
08-Dec-2023 00:06:15.809 INFO [main] org.apache.catalina.startup.VersionLoggerListener.log Command line argument:             -Dignore.endorsed.dirs=
08-Dec-2023 00:06:15.810 INFO [main] org.apache.catalina.startup.VersionLoggerListener.log Command line argument:             -Dcatalina.base=E:\Krakedev\Modulo-3\apache-tomcat-9.0.82-windows-x64\apache-tomcat-9.0.82
08-Dec-2023 00:06:15.811 INFO [main] org.apache.catalina.startup.VersionLoggerListener.log Command line argument:             -Dcatalina.home=E:\Krakedev\Modulo-3\apache-tomcat-9.0.82-windows-x64\apache-tomcat-9.0.82
08-Dec-2023 00:06:15.811 INFO [main] org.apache.catalina.startup.VersionLoggerListener.log Command line argument:             -Djava.io.tmpdir=E:\Krakedev\Modulo-3\apache-tomcat-9.0.82-windows-x64\apache-tomcat-9.0.82\temp
08-Dec-2023 00:06:15.819 INFO [main] org.apache.catalina.core.AprLifecycleListener.lifecycleEvent Cargada la biblioteca nativa APR de Apache Tomcat [1.2.39] con la versión APR [1.7.4].
08-Dec-2023 00:06:15.819 INFO [main] org.apache.catalina.core.AprLifecycleListener.lifecycleEvent Capacidades APR: IPv6 [true], enviar fichero [true], aceptar filtros [false], aleatorio [true], UDS [true].
08-Dec-2023 00:06:15.819 INFO [main] org.apache.catalina.core.AprLifecycleListener.lifecycleEvent APR/OpenSSL configuration: useAprConnector [false], useOpenSSL [true]
08-Dec-2023 00:06:15.829 INFO [main] org.apache.catalina.core.AprLifecycleListener.initializeSSL OpenSSL inicializado correctamente [OpenSSL 3.0.11 19 Sep 2023]
08-Dec-2023 00:06:16.435 INFO [main] org.apache.coyote.AbstractProtocol.init Inicializando el manejador de protocolo ["http-nio-8080"]

08-Dec-2023 00:06:16.476 INFO [main] org.apache.catalina.startup.Catalina.load Server initialization in [1101] milliseconds
08-Dec-2023 00:06:16.521 WARNING [main] java.util.ArrayList.forEach Name = ConexionInventario Property maxActive is not used in DBCP2, use maxTotal instead. maxTotal default value is 8. You have set value of "100" for "maxActive" property, which is being ignored.
08-Dec-2023 00:06:16.522 WARNING [main] java.util.ArrayList.forEach Name = ConexionInventario Property maxWait is not used in DBCP2 , use maxWaitMillis instead. maxWaitMillis default value is PT-0.001S. You have set value of "10000" for "maxWait" property, which is being ignored.
08-Dec-2023 00:06:16.523 INFO [main] java.util.ArrayList.forEach Name = ConexionInventario Ignoring unknown property: value of "jdbc/ConexionInventario" for "global" property
08-Dec-2023 00:06:16.576 WARNING [main] java.util.ArrayList.forEach Name = ConexionPG Property maxActive is not used in DBCP2, use maxTotal instead. maxTotal default value is 8. You have set value of "100" for "maxActive" property, which is being ignored.
08-Dec-2023 00:06:16.576 WARNING [main] java.util.ArrayList.forEach Name = ConexionPG Property maxWait is not used in DBCP2 , use maxWaitMillis instead. maxWaitMillis default value is PT-0.001S. You have set value of "10000" for "maxWait" property, which is being ignored.
08-Dec-2023 00:06:16.576 INFO [main] java.util.ArrayList.forEach Name = ConexionPG Ignoring unknown property: value of "jdbc/ConexionPG" for "global" property
08-Dec-2023 00:06:16.632 INFO [main] org.apache.catalina.core.StandardService.startInternal Arrancando servicio [Catalina]
08-Dec-2023 00:06:16.635 INFO [main] org.apache.catalina.core.StandardEngine.startInternal Starting Servlet engine: [Apache Tomcat/9.0.82]
08-Dec-2023 00:06:16.660 INFO [main] org.apache.catalina.startup.HostConfig.deployWAR Despliegue del archivo [E:\Krakedev\Modulo-3\apache-tomcat-9.0.82-windows-x64\apache-tomcat-9.0.82\webapps\ejemploweb.war] de la aplicación web
08-Dec-2023 00:06:18.791 INFO [main] org.apache.jasper.servlet.TldScanner.scanJars Al menos un JAR, que se ha explorado buscando TLDs, aún no contenía TLDs. Activar historial de depuración para este historiador para una completa lista de los JARs que fueron explorados y de los que nos se halló TLDs. Saltarse JARs no necesarios durante la exploración puede dar lugar a una mejora de tiempo significativa en el arranque y compilación de JSP .
08-Dec-2023 00:06:20.284 INFO [main] org.apache.catalina.startup.HostConfig.deployWAR Deployment of web application archive [E:\Krakedev\Modulo-3\apache-tomcat-9.0.82-windows-x64\apache-tomcat-9.0.82\webapps\ejemploweb.war] has finished in [3.623] ms
08-Dec-2023 00:06:20.287 INFO [main] org.apache.catalina.startup.HostConfig.deployWAR Despliegue del archivo [E:\Krakedev\Modulo-3\apache-tomcat-9.0.82-windows-x64\apache-tomcat-9.0.82\webapps\inventario.war] de la aplicación web
08-Dec-2023 00:06:21.669 INFO [main] org.apache.jasper.servlet.TldScanner.scanJars Al menos un JAR, que se ha explorado buscando TLDs, aún no contenía TLDs. Activar historial de depuración para este historiador para una completa lista de los JARs que fueron explorados y de los que nos se halló TLDs. Saltarse JARs no necesarios durante la exploración puede dar lugar a una mejora de tiempo significativa en el arranque y compilación de JSP .
08-Dec-2023 00:06:22.822 INFO [main] org.apache.catalina.startup.HostConfig.deployWAR Deployment of web application archive [E:\Krakedev\Modulo-3\apache-tomcat-9.0.82-windows-x64\apache-tomcat-9.0.82\webapps\inventario.war] has finished in [2.536] ms
08-Dec-2023 00:06:22.824 INFO [main] org.apache.catalina.startup.HostConfig.deployWAR Despliegue del archivo [E:\Krakedev\Modulo-3\apache-tomcat-9.0.82-windows-x64\apache-tomcat-9.0.82\webapps\inventarios-1.0.0.war] de la aplicación web
08-Dec-2023 00:06:24.011 INFO [main] org.apache.jasper.servlet.TldScanner.scanJars Al menos un JAR, que se ha explorado buscando TLDs, aún no contenía TLDs. Activar historial de depuración para este historiador para una completa lista de los JARs que fueron explorados y de los que nos se halló TLDs. Saltarse JARs no necesarios durante la exploración puede dar lugar a una mejora de tiempo significativa en el arranque y compilación de JSP .
08-Dec-2023 00:06:24.033 INFO [main] org.apache.catalina.startup.HostConfig.deployWAR Deployment of web application archive [E:\Krakedev\Modulo-3\apache-tomcat-9.0.82-windows-x64\apache-tomcat-9.0.82\webapps\inventarios-1.0.0.war] has finished in [1.210] ms
08-Dec-2023 00:06:24.034 INFO [main] org.apache.catalina.startup.HostConfig.deployDirectory Desplegando el directorio [E:\Krakedev\Modulo-3\apache-tomcat-9.0.82-windows-x64\apache-tomcat-9.0.82\webapps\coffee] de la aplicación web
08-Dec-2023 00:06:24.178 INFO [main] org.apache.jasper.servlet.TldScanner.scanJars Al menos un JAR, que se ha explorado buscando TLDs, aún no contenía TLDs. Activar historial de depuración para este historiador para una completa lista de los JARs que fueron explorados y de los que nos se halló TLDs. Saltarse JARs no necesarios durante la exploración puede dar lugar a una mejora de tiempo significativa en el arranque y compilación de JSP .
08-Dec-2023 00:06:24.183 INFO [main] org.apache.catalina.startup.HostConfig.deployDirectory Deployment of web application directory [E:\Krakedev\Modulo-3\apache-tomcat-9.0.82-windows-x64\apache-tomcat-9.0.82\webapps\coffee] has finished in [148] ms
08-Dec-2023 00:06:24.183 INFO [main] org.apache.catalina.startup.HostConfig.deployDirectory Desplegando el directorio [E:\Krakedev\Modulo-3\apache-tomcat-9.0.82-windows-x64\apache-tomcat-9.0.82\webapps\docs] de la aplicación web
08-Dec-2023 00:06:24.349 INFO [main] org.apache.jasper.servlet.TldScanner.scanJars Al menos un JAR, que se ha explorado buscando TLDs, aún no contenía TLDs. Activar historial de depuración para este historiador para una completa lista de los JARs que fueron explorados y de los que nos se halló TLDs. Saltarse JARs no necesarios durante la exploración puede dar lugar a una mejora de tiempo significativa en el arranque y compilación de JSP .
08-Dec-2023 00:06:24.352 INFO [main] org.apache.catalina.startup.HostConfig.deployDirectory Deployment of web application directory [E:\Krakedev\Modulo-3\apache-tomcat-9.0.82-windows-x64\apache-tomcat-9.0.82\webapps\docs] has finished in [169] ms
08-Dec-2023 00:06:24.353 INFO [main] org.apache.catalina.startup.HostConfig.deployDirectory Desplegando el directorio [E:\Krakedev\Modulo-3\apache-tomcat-9.0.82-windows-x64\apache-tomcat-9.0.82\webapps\examples] de la aplicación web
08-Dec-2023 00:06:24.969 INFO [main] org.apache.jasper.servlet.TldScanner.scanJars Al menos un JAR, que se ha explorado buscando TLDs, aún no contenía TLDs. Activar historial de depuración para este historiador para una completa lista de los JARs que fueron explorados y de los que nos se halló TLDs. Saltarse JARs no necesarios durante la exploración puede dar lugar a una mejora de tiempo significativa en el arranque y compilación de JSP .
08-Dec-2023 00:06:25.072 INFO [main] org.apache.catalina.startup.HostConfig.deployDirectory Deployment of web application directory [E:\Krakedev\Modulo-3\apache-tomcat-9.0.82-windows-x64\apache-tomcat-9.0.82\webapps\examples] has finished in [719] ms
08-Dec-2023 00:06:25.073 INFO [main] org.apache.catalina.startup.HostConfig.deployDirectory Desplegando el directorio [E:\Krakedev\Modulo-3\apache-tomcat-9.0.82-windows-x64\apache-tomcat-9.0.82\webapps\host-manager] de la aplicación web
08-Dec-2023 00:06:25.281 INFO [main] org.apache.jasper.servlet.TldScanner.scanJars Al menos un JAR, que se ha explorado buscando TLDs, aún no contenía TLDs. Activar historial de depuración para este historiador para una completa lista de los JARs que fueron explorados y de los que nos se halló TLDs. Saltarse JARs no necesarios durante la exploración puede dar lugar a una mejora de tiempo significativa en el arranque y compilación de JSP .
08-Dec-2023 00:06:25.290 INFO [main] org.apache.catalina.startup.HostConfig.deployDirectory Deployment of web application directory [E:\Krakedev\Modulo-3\apache-tomcat-9.0.82-windows-x64\apache-tomcat-9.0.82\webapps\host-manager] has finished in [217] ms
08-Dec-2023 00:06:25.291 INFO [main] org.apache.catalina.startup.HostConfig.deployDirectory Desplegando el directorio [E:\Krakedev\Modulo-3\apache-tomcat-9.0.82-windows-x64\apache-tomcat-9.0.82\webapps\krakedev] de la aplicación web
08-Dec-2023 00:06:25.435 INFO [main] org.apache.jasper.servlet.TldScanner.scanJars Al menos un JAR, que se ha explorado buscando TLDs, aún no contenía TLDs. Activar historial de depuración para este historiador para una completa lista de los JARs que fueron explorados y de los que nos se halló TLDs. Saltarse JARs no necesarios durante la exploración puede dar lugar a una mejora de tiempo significativa en el arranque y compilación de JSP .
08-Dec-2023 00:06:25.438 INFO [main] org.apache.catalina.startup.HostConfig.deployDirectory Deployment of web application directory [E:\Krakedev\Modulo-3\apache-tomcat-9.0.82-windows-x64\apache-tomcat-9.0.82\webapps\krakedev] has finished in [147] ms
08-Dec-2023 00:06:25.438 INFO [main] org.apache.catalina.startup.HostConfig.deployDirectory Desplegando el directorio [E:\Krakedev\Modulo-3\apache-tomcat-9.0.82-windows-x64\apache-tomcat-9.0.82\webapps\manager] de la aplicación web
08-Dec-2023 00:06:25.614 INFO [main] org.apache.jasper.servlet.TldScanner.scanJars Al menos un JAR, que se ha explorado buscando TLDs, aún no contenía TLDs. Activar historial de depuración para este historiador para una completa lista de los JARs que fueron explorados y de los que nos se halló TLDs. Saltarse JARs no necesarios durante la exploración puede dar lugar a una mejora de tiempo significativa en el arranque y compilación de JSP .
08-Dec-2023 00:06:25.619 INFO [main] org.apache.catalina.startup.HostConfig.deployDirectory Deployment of web application directory [E:\Krakedev\Modulo-3\apache-tomcat-9.0.82-windows-x64\apache-tomcat-9.0.82\webapps\manager] has finished in [180] ms
08-Dec-2023 00:06:25.620 INFO [main] org.apache.catalina.startup.HostConfig.deployDirectory Desplegando el directorio [E:\Krakedev\Modulo-3\apache-tomcat-9.0.82-windows-x64\apache-tomcat-9.0.82\webapps\ROOT] de la aplicación web
08-Dec-2023 00:06:25.771 INFO [main] org.apache.jasper.servlet.TldScanner.scanJars Al menos un JAR, que se ha explorado buscando TLDs, aún no contenía TLDs. Activar historial de depuración para este historiador para una completa lista de los JARs que fueron explorados y de los que nos se halló TLDs. Saltarse JARs no necesarios durante la exploración puede dar lugar a una mejora de tiempo significativa en el arranque y compilación de JSP .
08-Dec-2023 00:06:25.775 INFO [main] org.apache.catalina.startup.HostConfig.deployDirectory Deployment of web application directory [E:\Krakedev\Modulo-3\apache-tomcat-9.0.82-windows-x64\apache-tomcat-9.0.82\webapps\ROOT] has finished in [155] ms
08-Dec-2023 00:06:25.779 INFO [main] org.apache.coyote.AbstractProtocol.start Starting ProtocolHandler ["http-nio-8080"]
08-Dec-2023 00:06:25.814 INFO [main] org.apache.catalina.startup.Catalina.start Server startup in [9335] milliseconds
08-Dec-2023 00:12:10.291 INFO [main] org.apache.catalina.startup.VersionLoggerListener.log Nombre de la versión del servidor: Apache Tomcat/9.0.82
08-Dec-2023 00:12:10.295 INFO [main] org.apache.catalina.startup.VersionLoggerListener.log Server built:                      Oct 11 2023 13:15:08 UTC
08-Dec-2023 00:12:10.296 INFO [main] org.apache.catalina.startup.VersionLoggerListener.log Número de versión de servidor:     9.0.82.0
08-Dec-2023 00:12:10.296 INFO [main] org.apache.catalina.startup.VersionLoggerListener.log OS Name:                           Windows 11
08-Dec-2023 00:12:10.296 INFO [main] org.apache.catalina.startup.VersionLoggerListener.log Versión de Systema Operativo:      10.0
08-Dec-2023 00:12:10.296 INFO [main] org.apache.catalina.startup.VersionLoggerListener.log Arquitectura:                      amd64
08-Dec-2023 00:12:10.297 INFO [main] org.apache.catalina.startup.VersionLoggerListener.log Java Home:                         C:\Program Files\Java\jdk-21
08-Dec-2023 00:12:10.297 INFO [main] org.apache.catalina.startup.VersionLoggerListener.log JVM Version:                       21.0.1+12-LTS-29
08-Dec-2023 00:12:10.297 INFO [main] org.apache.catalina.startup.VersionLoggerListener.log Vededor JVM:                       Oracle Corporation
08-Dec-2023 00:12:10.297 INFO [main] org.apache.catalina.startup.VersionLoggerListener.log CATALINA_BASE:                     E:\Krakedev\Modulo-3\apache-tomcat-9.0.82-windows-x64\apache-tomcat-9.0.82
08-Dec-2023 00:12:10.298 INFO [main] org.apache.catalina.startup.VersionLoggerListener.log CATALINA_HOME:                     E:\Krakedev\Modulo-3\apache-tomcat-9.0.82-windows-x64\apache-tomcat-9.0.82
08-Dec-2023 00:12:10.309 INFO [main] org.apache.catalina.startup.VersionLoggerListener.log Command line argument:             --add-opens=java.base/java.lang=ALL-UNNAMED
08-Dec-2023 00:12:10.310 INFO [main] org.apache.catalina.startup.VersionLoggerListener.log Command line argument:             --add-opens=java.base/java.io=ALL-UNNAMED
08-Dec-2023 00:12:10.310 INFO [main] org.apache.catalina.startup.VersionLoggerListener.log Command line argument:             --add-opens=java.base/java.util=ALL-UNNAMED
08-Dec-2023 00:12:10.311 INFO [main] org.apache.catalina.startup.VersionLoggerListener.log Command line argument:             --add-opens=java.base/java.util.concurrent=ALL-UNNAMED
08-Dec-2023 00:12:10.311 INFO [main] org.apache.catalina.startup.VersionLoggerListener.log Command line argument:             --add-opens=java.rmi/sun.rmi.transport=ALL-UNNAMED
08-Dec-2023 00:12:10.311 INFO [main] org.apache.catalina.startup.VersionLoggerListener.log Command line argument:             -Djava.util.logging.config.file=E:\Krakedev\Modulo-3\apache-tomcat-9.0.82-windows-x64\apache-tomcat-9.0.82\conf\logging.properties
08-Dec-2023 00:12:10.311 INFO [main] org.apache.catalina.startup.VersionLoggerListener.log Command line argument:             -Djava.util.logging.manager=org.apache.juli.ClassLoaderLogManager
08-Dec-2023 00:12:10.312 INFO [main] org.apache.catalina.startup.VersionLoggerListener.log Command line argument:             -Djdk.tls.ephemeralDHKeySize=2048
08-Dec-2023 00:12:10.312 INFO [main] org.apache.catalina.startup.VersionLoggerListener.log Command line argument:             -Djava.protocol.handler.pkgs=org.apache.catalina.webresources
08-Dec-2023 00:12:10.312 INFO [main] org.apache.catalina.startup.VersionLoggerListener.log Command line argument:             -Dignore.endorsed.dirs=
08-Dec-2023 00:12:10.312 INFO [main] org.apache.catalina.startup.VersionLoggerListener.log Command line argument:             -Dcatalina.base=E:\Krakedev\Modulo-3\apache-tomcat-9.0.82-windows-x64\apache-tomcat-9.0.82
08-Dec-2023 00:12:10.313 INFO [main] org.apache.catalina.startup.VersionLoggerListener.log Command line argument:             -Dcatalina.home=E:\Krakedev\Modulo-3\apache-tomcat-9.0.82-windows-x64\apache-tomcat-9.0.82
08-Dec-2023 00:12:10.313 INFO [main] org.apache.catalina.startup.VersionLoggerListener.log Command line argument:             -Djava.io.tmpdir=E:\Krakedev\Modulo-3\apache-tomcat-9.0.82-windows-x64\apache-tomcat-9.0.82\temp
08-Dec-2023 00:12:10.317 INFO [main] org.apache.catalina.core.AprLifecycleListener.lifecycleEvent Cargada la biblioteca nativa APR de Apache Tomcat [1.2.39] con la versión APR [1.7.4].
08-Dec-2023 00:12:10.317 INFO [main] org.apache.catalina.core.AprLifecycleListener.lifecycleEvent Capacidades APR: IPv6 [true], enviar fichero [true], aceptar filtros [false], aleatorio [true], UDS [true].
08-Dec-2023 00:12:10.318 INFO [main] org.apache.catalina.core.AprLifecycleListener.lifecycleEvent APR/OpenSSL configuration: useAprConnector [false], useOpenSSL [true]
08-Dec-2023 00:12:10.326 INFO [main] org.apache.catalina.core.AprLifecycleListener.initializeSSL OpenSSL inicializado correctamente [OpenSSL 3.0.11 19 Sep 2023]
08-Dec-2023 00:12:10.873 INFO [main] org.apache.coyote.AbstractProtocol.init Inicializando el manejador de protocolo ["http-nio-8080"]

08-Dec-2023 00:12:10.916 INFO [main] org.apache.catalina.startup.Catalina.load Server initialization in [980] milliseconds
08-Dec-2023 00:12:10.963 WARNING [main] java.util.ArrayList.forEach Name = ConexionInventario Property maxActive is not used in DBCP2, use maxTotal instead. maxTotal default value is 8. You have set value of "100" for "maxActive" property, which is being ignored.
08-Dec-2023 00:12:10.964 WARNING [main] java.util.ArrayList.forEach Name = ConexionInventario Property maxWait is not used in DBCP2 , use maxWaitMillis instead. maxWaitMillis default value is PT-0.001S. You have set value of "10000" for "maxWait" property, which is being ignored.
08-Dec-2023 00:12:10.966 INFO [main] java.util.ArrayList.forEach Name = ConexionInventario Ignoring unknown property: value of "jdbc/ConexionInventario" for "global" property
08-Dec-2023 00:12:11.030 WARNING [main] java.util.ArrayList.forEach Name = ConexionPG Property maxActive is not used in DBCP2, use maxTotal instead. maxTotal default value is 8. You have set value of "100" for "maxActive" property, which is being ignored.
08-Dec-2023 00:12:11.030 WARNING [main] java.util.ArrayList.forEach Name = ConexionPG Property maxWait is not used in DBCP2 , use maxWaitMillis instead. maxWaitMillis default value is PT-0.001S. You have set value of "10000" for "maxWait" property, which is being ignored.
08-Dec-2023 00:12:11.031 INFO [main] java.util.ArrayList.forEach Name = ConexionPG Ignoring unknown property: value of "jdbc/ConexionPG" for "global" property
08-Dec-2023 00:12:11.094 INFO [main] org.apache.catalina.core.StandardService.startInternal Arrancando servicio [Catalina]
08-Dec-2023 00:12:11.094 INFO [main] org.apache.catalina.core.StandardEngine.startInternal Starting Servlet engine: [Apache Tomcat/9.0.82]
08-Dec-2023 00:12:11.132 INFO [main] org.apache.catalina.startup.HostConfig.deployWAR Despliegue del archivo [E:\Krakedev\Modulo-3\apache-tomcat-9.0.82-windows-x64\apache-tomcat-9.0.82\webapps\ejemploweb.war] de la aplicación web
08-Dec-2023 00:12:13.482 INFO [main] org.apache.jasper.servlet.TldScanner.scanJars Al menos un JAR, que se ha explorado buscando TLDs, aún no contenía TLDs. Activar historial de depuración para este historiador para una completa lista de los JARs que fueron explorados y de los que nos se halló TLDs. Saltarse JARs no necesarios durante la exploración puede dar lugar a una mejora de tiempo significativa en el arranque y compilación de JSP .
08-Dec-2023 00:12:14.881 INFO [main] org.apache.catalina.startup.HostConfig.deployWAR Deployment of web application archive [E:\Krakedev\Modulo-3\apache-tomcat-9.0.82-windows-x64\apache-tomcat-9.0.82\webapps\ejemploweb.war] has finished in [3.749] ms
08-Dec-2023 00:12:14.884 INFO [main] org.apache.catalina.startup.HostConfig.deployWAR Despliegue del archivo [E:\Krakedev\Modulo-3\apache-tomcat-9.0.82-windows-x64\apache-tomcat-9.0.82\webapps\inventario.war] de la aplicación web
08-Dec-2023 00:12:16.282 INFO [main] org.apache.jasper.servlet.TldScanner.scanJars Al menos un JAR, que se ha explorado buscando TLDs, aún no contenía TLDs. Activar historial de depuración para este historiador para una completa lista de los JARs que fueron explorados y de los que nos se halló TLDs. Saltarse JARs no necesarios durante la exploración puede dar lugar a una mejora de tiempo significativa en el arranque y compilación de JSP .
08-Dec-2023 00:12:17.394 INFO [main] org.apache.catalina.startup.HostConfig.deployWAR Deployment of web application archive [E:\Krakedev\Modulo-3\apache-tomcat-9.0.82-windows-x64\apache-tomcat-9.0.82\webapps\inventario.war] has finished in [2.510] ms
08-Dec-2023 00:12:17.396 INFO [main] org.apache.catalina.startup.HostConfig.deployWAR Despliegue del archivo [E:\Krakedev\Modulo-3\apache-tomcat-9.0.82-windows-x64\apache-tomcat-9.0.82\webapps\inventarios-1.0.0.war] de la aplicación web
08-Dec-2023 00:12:17.400 INFO [main] org.apache.catalina.startup.ExpandWar.expand An expanded directory [E:\Krakedev\Modulo-3\apache-tomcat-9.0.82-windows-x64\apache-tomcat-9.0.82\webapps\inventarios-1.0.0] was found with a last modified time that did not match the associated WAR. It will be deleted.
08-Dec-2023 00:12:18.818 INFO [main] org.apache.jasper.servlet.TldScanner.scanJars Al menos un JAR, que se ha explorado buscando TLDs, aún no contenía TLDs. Activar historial de depuración para este historiador para una completa lista de los JARs que fueron explorados y de los que nos se halló TLDs. Saltarse JARs no necesarios durante la exploración puede dar lugar a una mejora de tiempo significativa en el arranque y compilación de JSP .
08-Dec-2023 00:12:18.845 INFO [main] org.apache.catalina.startup.HostConfig.deployWAR Deployment of web application archive [E:\Krakedev\Modulo-3\apache-tomcat-9.0.82-windows-x64\apache-tomcat-9.0.82\webapps\inventarios-1.0.0.war] has finished in [1.449] ms
08-Dec-2023 00:12:18.846 INFO [main] org.apache.catalina.startup.HostConfig.deployDirectory Desplegando el directorio [E:\Krakedev\Modulo-3\apache-tomcat-9.0.82-windows-x64\apache-tomcat-9.0.82\webapps\coffee] de la aplicación web
08-Dec-2023 00:12:19.004 INFO [main] org.apache.jasper.servlet.TldScanner.scanJars Al menos un JAR, que se ha explorado buscando TLDs, aún no contenía TLDs. Activar historial de depuración para este historiador para una completa lista de los JARs que fueron explorados y de los que nos se halló TLDs. Saltarse JARs no necesarios durante la exploración puede dar lugar a una mejora de tiempo significativa en el arranque y compilación de JSP .
08-Dec-2023 00:12:19.008 INFO [main] org.apache.catalina.startup.HostConfig.deployDirectory Deployment of web application directory [E:\Krakedev\Modulo-3\apache-tomcat-9.0.82-windows-x64\apache-tomcat-9.0.82\webapps\coffee] has finished in [162] ms
08-Dec-2023 00:12:19.010 INFO [main] org.apache.catalina.startup.HostConfig.deployDirectory Desplegando el directorio [E:\Krakedev\Modulo-3\apache-tomcat-9.0.82-windows-x64\apache-tomcat-9.0.82\webapps\docs] de la aplicación web
08-Dec-2023 00:12:19.176 INFO [main] org.apache.jasper.servlet.TldScanner.scanJars Al menos un JAR, que se ha explorado buscando TLDs, aún no contenía TLDs. Activar historial de depuración para este historiador para una completa lista de los JARs que fueron explorados y de los que nos se halló TLDs. Saltarse JARs no necesarios durante la exploración puede dar lugar a una mejora de tiempo significativa en el arranque y compilación de JSP .
08-Dec-2023 00:12:19.179 INFO [main] org.apache.catalina.startup.HostConfig.deployDirectory Deployment of web application directory [E:\Krakedev\Modulo-3\apache-tomcat-9.0.82-windows-x64\apache-tomcat-9.0.82\webapps\docs] has finished in [169] ms
08-Dec-2023 00:12:19.180 INFO [main] org.apache.catalina.startup.HostConfig.deployDirectory Desplegando el directorio [E:\Krakedev\Modulo-3\apache-tomcat-9.0.82-windows-x64\apache-tomcat-9.0.82\webapps\examples] de la aplicación web
08-Dec-2023 00:12:19.771 INFO [main] org.apache.jasper.servlet.TldScanner.scanJars Al menos un JAR, que se ha explorado buscando TLDs, aún no contenía TLDs. Activar historial de depuración para este historiador para una completa lista de los JARs que fueron explorados y de los que nos se halló TLDs. Saltarse JARs no necesarios durante la exploración puede dar lugar a una mejora de tiempo significativa en el arranque y compilación de JSP .
08-Dec-2023 00:12:19.853 INFO [main] org.apache.catalina.startup.HostConfig.deployDirectory Deployment of web application directory [E:\Krakedev\Modulo-3\apache-tomcat-9.0.82-windows-x64\apache-tomcat-9.0.82\webapps\examples] has finished in [673] ms
08-Dec-2023 00:12:19.856 INFO [main] org.apache.catalina.startup.HostConfig.deployDirectory Desplegando el directorio [E:\Krakedev\Modulo-3\apache-tomcat-9.0.82-windows-x64\apache-tomcat-9.0.82\webapps\host-manager] de la aplicación web
08-Dec-2023 00:12:20.047 INFO [main] org.apache.jasper.servlet.TldScanner.scanJars Al menos un JAR, que se ha explorado buscando TLDs, aún no contenía TLDs. Activar historial de depuración para este historiador para una completa lista de los JARs que fueron explorados y de los que nos se halló TLDs. Saltarse JARs no necesarios durante la exploración puede dar lugar a una mejora de tiempo significativa en el arranque y compilación de JSP .
08-Dec-2023 00:12:20.054 INFO [main] org.apache.catalina.startup.HostConfig.deployDirectory Deployment of web application directory [E:\Krakedev\Modulo-3\apache-tomcat-9.0.82-windows-x64\apache-tomcat-9.0.82\webapps\host-manager] has finished in [199] ms
08-Dec-2023 00:12:20.054 INFO [main] org.apache.catalina.startup.HostConfig.deployDirectory Desplegando el directorio [E:\Krakedev\Modulo-3\apache-tomcat-9.0.82-windows-x64\apache-tomcat-9.0.82\webapps\krakedev] de la aplicación web
08-Dec-2023 00:12:20.197 INFO [main] org.apache.jasper.servlet.TldScanner.scanJars Al menos un JAR, que se ha explorado buscando TLDs, aún no contenía TLDs. Activar historial de depuración para este historiador para una completa lista de los JARs que fueron explorados y de los que nos se halló TLDs. Saltarse JARs no necesarios durante la exploración puede dar lugar a una mejora de tiempo significativa en el arranque y compilación de JSP .
08-Dec-2023 00:12:20.201 INFO [main] org.apache.catalina.startup.HostConfig.deployDirectory Deployment of web application directory [E:\Krakedev\Modulo-3\apache-tomcat-9.0.82-windows-x64\apache-tomcat-9.0.82\webapps\krakedev] has finished in [146] ms
08-Dec-2023 00:12:20.201 INFO [main] org.apache.catalina.startup.HostConfig.deployDirectory Desplegando el directorio [E:\Krakedev\Modulo-3\apache-tomcat-9.0.82-windows-x64\apache-tomcat-9.0.82\webapps\manager] de la aplicación web
08-Dec-2023 00:12:20.389 INFO [main] org.apache.jasper.servlet.TldScanner.scanJars Al menos un JAR, que se ha explorado buscando TLDs, aún no contenía TLDs. Activar historial de depuración para este historiador para una completa lista de los JARs que fueron explorados y de los que nos se halló TLDs. Saltarse JARs no necesarios durante la exploración puede dar lugar a una mejora de tiempo significativa en el arranque y compilación de JSP .
08-Dec-2023 00:12:20.393 INFO [main] org.apache.catalina.startup.HostConfig.deployDirectory Deployment of web application directory [E:\Krakedev\Modulo-3\apache-tomcat-9.0.82-windows-x64\apache-tomcat-9.0.82\webapps\manager] has finished in [192] ms
08-Dec-2023 00:12:20.393 INFO [main] org.apache.catalina.startup.HostConfig.deployDirectory Desplegando el directorio [E:\Krakedev\Modulo-3\apache-tomcat-9.0.82-windows-x64\apache-tomcat-9.0.82\webapps\ROOT] de la aplicación web
08-Dec-2023 00:12:20.546 INFO [main] org.apache.jasper.servlet.TldScanner.scanJars Al menos un JAR, que se ha explorado buscando TLDs, aún no contenía TLDs. Activar historial de depuración para este historiador para una completa lista de los JARs que fueron explorados y de los que nos se halló TLDs. Saltarse JARs no necesarios durante la exploración puede dar lugar a una mejora de tiempo significativa en el arranque y compilación de JSP .
08-Dec-2023 00:12:20.549 INFO [main] org.apache.catalina.startup.HostConfig.deployDirectory Deployment of web application directory [E:\Krakedev\Modulo-3\apache-tomcat-9.0.82-windows-x64\apache-tomcat-9.0.82\webapps\ROOT] has finished in [155] ms
08-Dec-2023 00:12:20.553 INFO [main] org.apache.coyote.AbstractProtocol.start Starting ProtocolHandler ["http-nio-8080"]
08-Dec-2023 00:12:20.586 INFO [main] org.apache.catalina.startup.Catalina.start Server startup in [9666] milliseconds
08-Dec-2023 00:14:30.785 INFO [main] org.apache.catalina.startup.VersionLoggerListener.log Nombre de la versión del servidor: Apache Tomcat/9.0.82
08-Dec-2023 00:14:30.790 INFO [main] org.apache.catalina.startup.VersionLoggerListener.log Server built:                      Oct 11 2023 13:15:08 UTC
08-Dec-2023 00:14:30.791 INFO [main] org.apache.catalina.startup.VersionLoggerListener.log Número de versión de servidor:     9.0.82.0
08-Dec-2023 00:14:30.791 INFO [main] org.apache.catalina.startup.VersionLoggerListener.log OS Name:                           Windows 11
08-Dec-2023 00:14:30.791 INFO [main] org.apache.catalina.startup.VersionLoggerListener.log Versión de Systema Operativo:      10.0
08-Dec-2023 00:14:30.791 INFO [main] org.apache.catalina.startup.VersionLoggerListener.log Arquitectura:                      amd64
08-Dec-2023 00:14:30.792 INFO [main] org.apache.catalina.startup.VersionLoggerListener.log Java Home:                         C:\Program Files\Java\jdk-21
08-Dec-2023 00:14:30.792 INFO [main] org.apache.catalina.startup.VersionLoggerListener.log JVM Version:                       21.0.1+12-LTS-29
08-Dec-2023 00:14:30.792 INFO [main] org.apache.catalina.startup.VersionLoggerListener.log Vededor JVM:                       Oracle Corporation
08-Dec-2023 00:14:30.792 INFO [main] org.apache.catalina.startup.VersionLoggerListener.log CATALINA_BASE:                     E:\Krakedev\Modulo-3\apache-tomcat-9.0.82-windows-x64\apache-tomcat-9.0.82
08-Dec-2023 00:14:30.792 INFO [main] org.apache.catalina.startup.VersionLoggerListener.log CATALINA_HOME:                     E:\Krakedev\Modulo-3\apache-tomcat-9.0.82-windows-x64\apache-tomcat-9.0.82
08-Dec-2023 00:14:30.805 INFO [main] org.apache.catalina.startup.VersionLoggerListener.log Command line argument:             --add-opens=java.base/java.lang=ALL-UNNAMED
08-Dec-2023 00:14:30.805 INFO [main] org.apache.catalina.startup.VersionLoggerListener.log Command line argument:             --add-opens=java.base/java.io=ALL-UNNAMED
08-Dec-2023 00:14:30.806 INFO [main] org.apache.catalina.startup.VersionLoggerListener.log Command line argument:             --add-opens=java.base/java.util=ALL-UNNAMED
08-Dec-2023 00:14:30.806 INFO [main] org.apache.catalina.startup.VersionLoggerListener.log Command line argument:             --add-opens=java.base/java.util.concurrent=ALL-UNNAMED
08-Dec-2023 00:14:30.807 INFO [main] org.apache.catalina.startup.VersionLoggerListener.log Command line argument:             --add-opens=java.rmi/sun.rmi.transport=ALL-UNNAMED
08-Dec-2023 00:14:30.807 INFO [main] org.apache.catalina.startup.VersionLoggerListener.log Command line argument:             -Djava.util.logging.config.file=E:\Krakedev\Modulo-3\apache-tomcat-9.0.82-windows-x64\apache-tomcat-9.0.82\conf\logging.properties
08-Dec-2023 00:14:30.807 INFO [main] org.apache.catalina.startup.VersionLoggerListener.log Command line argument:             -Djava.util.logging.manager=org.apache.juli.ClassLoaderLogManager
08-Dec-2023 00:14:30.807 INFO [main] org.apache.catalina.startup.VersionLoggerListener.log Command line argument:             -Djdk.tls.ephemeralDHKeySize=2048
08-Dec-2023 00:14:30.808 INFO [main] org.apache.catalina.startup.VersionLoggerListener.log Command line argument:             -Djava.protocol.handler.pkgs=org.apache.catalina.webresources
08-Dec-2023 00:14:30.808 INFO [main] org.apache.catalina.startup.VersionLoggerListener.log Command line argument:             -Dignore.endorsed.dirs=
08-Dec-2023 00:14:30.808 INFO [main] org.apache.catalina.startup.VersionLoggerListener.log Command line argument:             -Dcatalina.base=E:\Krakedev\Modulo-3\apache-tomcat-9.0.82-windows-x64\apache-tomcat-9.0.82
08-Dec-2023 00:14:30.808 INFO [main] org.apache.catalina.startup.VersionLoggerListener.log Command line argument:             -Dcatalina.home=E:\Krakedev\Modulo-3\apache-tomcat-9.0.82-windows-x64\apache-tomcat-9.0.82
08-Dec-2023 00:14:30.808 INFO [main] org.apache.catalina.startup.VersionLoggerListener.log Command line argument:             -Djava.io.tmpdir=E:\Krakedev\Modulo-3\apache-tomcat-9.0.82-windows-x64\apache-tomcat-9.0.82\temp
08-Dec-2023 00:14:30.814 INFO [main] org.apache.catalina.core.AprLifecycleListener.lifecycleEvent Cargada la biblioteca nativa APR de Apache Tomcat [1.2.39] con la versión APR [1.7.4].
08-Dec-2023 00:14:30.814 INFO [main] org.apache.catalina.core.AprLifecycleListener.lifecycleEvent Capacidades APR: IPv6 [true], enviar fichero [true], aceptar filtros [false], aleatorio [true], UDS [true].
08-Dec-2023 00:14:30.814 INFO [main] org.apache.catalina.core.AprLifecycleListener.lifecycleEvent APR/OpenSSL configuration: useAprConnector [false], useOpenSSL [true]
08-Dec-2023 00:14:30.823 INFO [main] org.apache.catalina.core.AprLifecycleListener.initializeSSL OpenSSL inicializado correctamente [OpenSSL 3.0.11 19 Sep 2023]
08-Dec-2023 00:14:31.567 INFO [main] org.apache.coyote.AbstractProtocol.init Inicializando el manejador de protocolo ["http-nio-8080"]

08-Dec-2023 00:14:31.616 INFO [main] org.apache.catalina.startup.Catalina.load Server initialization in [1160] milliseconds
08-Dec-2023 00:14:31.659 WARNING [main] java.util.ArrayList.forEach Name = ConexionInventario Property maxActive is not used in DBCP2, use maxTotal instead. maxTotal default value is 8. You have set value of "100" for "maxActive" property, which is being ignored.
08-Dec-2023 00:14:31.661 WARNING [main] java.util.ArrayList.forEach Name = ConexionInventario Property maxWait is not used in DBCP2 , use maxWaitMillis instead. maxWaitMillis default value is PT-0.001S. You have set value of "10000" for "maxWait" property, which is being ignored.
08-Dec-2023 00:14:31.664 INFO [main] java.util.ArrayList.forEach Name = ConexionInventario Ignoring unknown property: value of "jdbc/ConexionInventario" for "global" property
08-Dec-2023 00:14:31.715 WARNING [main] java.util.ArrayList.forEach Name = ConexionPG Property maxActive is not used in DBCP2, use maxTotal instead. maxTotal default value is 8. You have set value of "100" for "maxActive" property, which is being ignored.
08-Dec-2023 00:14:31.715 WARNING [main] java.util.ArrayList.forEach Name = ConexionPG Property maxWait is not used in DBCP2 , use maxWaitMillis instead. maxWaitMillis default value is PT-0.001S. You have set value of "10000" for "maxWait" property, which is being ignored.
08-Dec-2023 00:14:31.716 INFO [main] java.util.ArrayList.forEach Name = ConexionPG Ignoring unknown property: value of "jdbc/ConexionPG" for "global" property
08-Dec-2023 00:14:31.764 INFO [main] org.apache.catalina.core.StandardService.startInternal Arrancando servicio [Catalina]
08-Dec-2023 00:14:31.764 INFO [main] org.apache.catalina.core.StandardEngine.startInternal Starting Servlet engine: [Apache Tomcat/9.0.82]
08-Dec-2023 00:14:31.794 INFO [main] org.apache.catalina.startup.HostConfig.deployWAR Despliegue del archivo [E:\Krakedev\Modulo-3\apache-tomcat-9.0.82-windows-x64\apache-tomcat-9.0.82\webapps\ejemploweb.war] de la aplicación web
08-Dec-2023 00:14:34.363 INFO [main] org.apache.jasper.servlet.TldScanner.scanJars Al menos un JAR, que se ha explorado buscando TLDs, aún no contenía TLDs. Activar historial de depuración para este historiador para una completa lista de los JARs que fueron explorados y de los que nos se halló TLDs. Saltarse JARs no necesarios durante la exploración puede dar lugar a una mejora de tiempo significativa en el arranque y compilación de JSP .
08-Dec-2023 00:14:35.969 INFO [main] org.apache.catalina.startup.HostConfig.deployWAR Deployment of web application archive [E:\Krakedev\Modulo-3\apache-tomcat-9.0.82-windows-x64\apache-tomcat-9.0.82\webapps\ejemploweb.war] has finished in [4.174] ms
08-Dec-2023 00:14:35.991 INFO [main] org.apache.catalina.startup.HostConfig.deployWAR Despliegue del archivo [E:\Krakedev\Modulo-3\apache-tomcat-9.0.82-windows-x64\apache-tomcat-9.0.82\webapps\inventario.war] de la aplicación web
08-Dec-2023 00:14:37.607 INFO [main] org.apache.jasper.servlet.TldScanner.scanJars Al menos un JAR, que se ha explorado buscando TLDs, aún no contenía TLDs. Activar historial de depuración para este historiador para una completa lista de los JARs que fueron explorados y de los que nos se halló TLDs. Saltarse JARs no necesarios durante la exploración puede dar lugar a una mejora de tiempo significativa en el arranque y compilación de JSP .
08-Dec-2023 00:14:38.718 INFO [main] org.apache.catalina.startup.HostConfig.deployWAR Deployment of web application archive [E:\Krakedev\Modulo-3\apache-tomcat-9.0.82-windows-x64\apache-tomcat-9.0.82\webapps\inventario.war] has finished in [2.727] ms
08-Dec-2023 00:14:38.720 INFO [main] org.apache.catalina.startup.HostConfig.deployWAR Despliegue del archivo [E:\Krakedev\Modulo-3\apache-tomcat-9.0.82-windows-x64\apache-tomcat-9.0.82\webapps\inventarios-1.0.0.war] de la aplicación web
08-Dec-2023 00:14:38.724 INFO [main] org.apache.catalina.startup.ExpandWar.expand An expanded directory [E:\Krakedev\Modulo-3\apache-tomcat-9.0.82-windows-x64\apache-tomcat-9.0.82\webapps\inventarios-1.0.0] was found with a last modified time that did not match the associated WAR. It will be deleted.
08-Dec-2023 00:14:40.211 INFO [main] org.apache.jasper.servlet.TldScanner.scanJars Al menos un JAR, que se ha explorado buscando TLDs, aún no contenía TLDs. Activar historial de depuración para este historiador para una completa lista de los JARs que fueron explorados y de los que nos se halló TLDs. Saltarse JARs no necesarios durante la exploración puede dar lugar a una mejora de tiempo significativa en el arranque y compilación de JSP .
08-Dec-2023 00:14:40.233 INFO [main] org.apache.catalina.startup.HostConfig.deployWAR Deployment of web application archive [E:\Krakedev\Modulo-3\apache-tomcat-9.0.82-windows-x64\apache-tomcat-9.0.82\webapps\inventarios-1.0.0.war] has finished in [1.513] ms
08-Dec-2023 00:14:40.235 INFO [main] org.apache.catalina.startup.HostConfig.deployDirectory Desplegando el directorio [E:\Krakedev\Modulo-3\apache-tomcat-9.0.82-windows-x64\apache-tomcat-9.0.82\webapps\coffee] de la aplicación web
08-Dec-2023 00:14:40.390 INFO [main] org.apache.jasper.servlet.TldScanner.scanJars Al menos un JAR, que se ha explorado buscando TLDs, aún no contenía TLDs. Activar historial de depuración para este historiador para una completa lista de los JARs que fueron explorados y de los que nos se halló TLDs. Saltarse JARs no necesarios durante la exploración puede dar lugar a una mejora de tiempo significativa en el arranque y compilación de JSP .
08-Dec-2023 00:14:40.393 INFO [main] org.apache.catalina.startup.HostConfig.deployDirectory Deployment of web application directory [E:\Krakedev\Modulo-3\apache-tomcat-9.0.82-windows-x64\apache-tomcat-9.0.82\webapps\coffee] has finished in [158] ms
08-Dec-2023 00:14:40.393 INFO [main] org.apache.catalina.startup.HostConfig.deployDirectory Desplegando el directorio [E:\Krakedev\Modulo-3\apache-tomcat-9.0.82-windows-x64\apache-tomcat-9.0.82\webapps\docs] de la aplicación web
08-Dec-2023 00:14:40.564 INFO [main] org.apache.jasper.servlet.TldScanner.scanJars Al menos un JAR, que se ha explorado buscando TLDs, aún no contenía TLDs. Activar historial de depuración para este historiador para una completa lista de los JARs que fueron explorados y de los que nos se halló TLDs. Saltarse JARs no necesarios durante la exploración puede dar lugar a una mejora de tiempo significativa en el arranque y compilación de JSP .
08-Dec-2023 00:14:40.568 INFO [main] org.apache.catalina.startup.HostConfig.deployDirectory Deployment of web application directory [E:\Krakedev\Modulo-3\apache-tomcat-9.0.82-windows-x64\apache-tomcat-9.0.82\webapps\docs] has finished in [175] ms
08-Dec-2023 00:14:40.569 INFO [main] org.apache.catalina.startup.HostConfig.deployDirectory Desplegando el directorio [E:\Krakedev\Modulo-3\apache-tomcat-9.0.82-windows-x64\apache-tomcat-9.0.82\webapps\examples] de la aplicación web
08-Dec-2023 00:14:41.150 INFO [main] org.apache.jasper.servlet.TldScanner.scanJars Al menos un JAR, que se ha explorado buscando TLDs, aún no contenía TLDs. Activar historial de depuración para este historiador para una completa lista de los JARs que fueron explorados y de los que nos se halló TLDs. Saltarse JARs no necesarios durante la exploración puede dar lugar a una mejora de tiempo significativa en el arranque y compilación de JSP .
08-Dec-2023 00:14:41.256 INFO [main] org.apache.catalina.startup.HostConfig.deployDirectory Deployment of web application directory [E:\Krakedev\Modulo-3\apache-tomcat-9.0.82-windows-x64\apache-tomcat-9.0.82\webapps\examples] has finished in [688] ms
08-Dec-2023 00:14:41.256 INFO [main] org.apache.catalina.startup.HostConfig.deployDirectory Desplegando el directorio [E:\Krakedev\Modulo-3\apache-tomcat-9.0.82-windows-x64\apache-tomcat-9.0.82\webapps\host-manager] de la aplicación web
08-Dec-2023 00:14:41.432 INFO [main] org.apache.jasper.servlet.TldScanner.scanJars Al menos un JAR, que se ha explorado buscando TLDs, aún no contenía TLDs. Activar historial de depuración para este historiador para una completa lista de los JARs que fueron explorados y de los que nos se halló TLDs. Saltarse JARs no necesarios durante la exploración puede dar lugar a una mejora de tiempo significativa en el arranque y compilación de JSP .
08-Dec-2023 00:14:41.439 INFO [main] org.apache.catalina.startup.HostConfig.deployDirectory Deployment of web application directory [E:\Krakedev\Modulo-3\apache-tomcat-9.0.82-windows-x64\apache-tomcat-9.0.82\webapps\host-manager] has finished in [183] ms
08-Dec-2023 00:14:41.440 INFO [main] org.apache.catalina.startup.HostConfig.deployDirectory Desplegando el directorio [E:\Krakedev\Modulo-3\apache-tomcat-9.0.82-windows-x64\apache-tomcat-9.0.82\webapps\krakedev] de la aplicación web
08-Dec-2023 00:14:41.596 INFO [main] org.apache.jasper.servlet.TldScanner.scanJars Al menos un JAR, que se ha explorado buscando TLDs, aún no contenía TLDs. Activar historial de depuración para este historiador para una completa lista de los JARs que fueron explorados y de los que nos se halló TLDs. Saltarse JARs no necesarios durante la exploración puede dar lugar a una mejora de tiempo significativa en el arranque y compilación de JSP .
08-Dec-2023 00:14:41.601 INFO [main] org.apache.catalina.startup.HostConfig.deployDirectory Deployment of web application directory [E:\Krakedev\Modulo-3\apache-tomcat-9.0.82-windows-x64\apache-tomcat-9.0.82\webapps\krakedev] has finished in [160] ms
08-Dec-2023 00:14:41.602 INFO [main] org.apache.catalina.startup.HostConfig.deployDirectory Desplegando el directorio [E:\Krakedev\Modulo-3\apache-tomcat-9.0.82-windows-x64\apache-tomcat-9.0.82\webapps\manager] de la aplicación web
08-Dec-2023 00:14:41.863 INFO [main] org.apache.jasper.servlet.TldScanner.scanJars Al menos un JAR, que se ha explorado buscando TLDs, aún no contenía TLDs. Activar historial de depuración para este historiador para una completa lista de los JARs que fueron explorados y de los que nos se halló TLDs. Saltarse JARs no necesarios durante la exploración puede dar lugar a una mejora de tiempo significativa en el arranque y compilación de JSP .
08-Dec-2023 00:14:41.872 INFO [main] org.apache.catalina.startup.HostConfig.deployDirectory Deployment of web application directory [E:\Krakedev\Modulo-3\apache-tomcat-9.0.82-windows-x64\apache-tomcat-9.0.82\webapps\manager] has finished in [270] ms
08-Dec-2023 00:14:41.873 INFO [main] org.apache.catalina.startup.HostConfig.deployDirectory Desplegando el directorio [E:\Krakedev\Modulo-3\apache-tomcat-9.0.82-windows-x64\apache-tomcat-9.0.82\webapps\ROOT] de la aplicación web
08-Dec-2023 00:14:42.030 INFO [main] org.apache.jasper.servlet.TldScanner.scanJars Al menos un JAR, que se ha explorado buscando TLDs, aún no contenía TLDs. Activar historial de depuración para este historiador para una completa lista de los JARs que fueron explorados y de los que nos se halló TLDs. Saltarse JARs no necesarios durante la exploración puede dar lugar a una mejora de tiempo significativa en el arranque y compilación de JSP .
08-Dec-2023 00:14:42.033 INFO [main] org.apache.catalina.startup.HostConfig.deployDirectory Deployment of web application directory [E:\Krakedev\Modulo-3\apache-tomcat-9.0.82-windows-x64\apache-tomcat-9.0.82\webapps\ROOT] has finished in [160] ms
08-Dec-2023 00:14:42.037 INFO [main] org.apache.coyote.AbstractProtocol.start Starting ProtocolHandler ["http-nio-8080"]
08-Dec-2023 00:14:42.074 INFO [main] org.apache.catalina.startup.Catalina.start Server startup in [10453] milliseconds
