28-Nov-2023 23:09:36.516 INFO [main] org.apache.catalina.startup.VersionLoggerListener.log Nombre de la versión del servidor: Apache Tomcat/9.0.82
28-Nov-2023 23:09:36.522 INFO [main] org.apache.catalina.startup.VersionLoggerListener.log Server built:                      Oct 11 2023 13:15:08 UTC
28-Nov-2023 23:09:36.523 INFO [main] org.apache.catalina.startup.VersionLoggerListener.log Número de versión de servidor:     9.0.82.0
28-Nov-2023 23:09:36.523 INFO [main] org.apache.catalina.startup.VersionLoggerListener.log OS Name:                           Windows 11
28-Nov-2023 23:09:36.523 INFO [main] org.apache.catalina.startup.VersionLoggerListener.log Versión de Systema Operativo:      10.0
28-Nov-2023 23:09:36.524 INFO [main] org.apache.catalina.startup.VersionLoggerListener.log Arquitectura:                      amd64
28-Nov-2023 23:09:36.524 INFO [main] org.apache.catalina.startup.VersionLoggerListener.log Java Home:                         C:\Program Files\Java\jdk-21
28-Nov-2023 23:09:36.524 INFO [main] org.apache.catalina.startup.VersionLoggerListener.log JVM Version:                       21.0.1+12-LTS-29
28-Nov-2023 23:09:36.524 INFO [main] org.apache.catalina.startup.VersionLoggerListener.log Vededor JVM:                       Oracle Corporation
28-Nov-2023 23:09:36.525 INFO [main] org.apache.catalina.startup.VersionLoggerListener.log CATALINA_BASE:                     E:\Krakedev\Modulo-3\apache-tomcat-9.0.82-windows-x64\apache-tomcat-9.0.82
28-Nov-2023 23:09:36.525 INFO [main] org.apache.catalina.startup.VersionLoggerListener.log CATALINA_HOME:                     E:\Krakedev\Modulo-3\apache-tomcat-9.0.82-windows-x64\apache-tomcat-9.0.82
28-Nov-2023 23:09:36.553 INFO [main] org.apache.catalina.startup.VersionLoggerListener.log Command line argument:             --add-opens=java.base/java.lang=ALL-UNNAMED
28-Nov-2023 23:09:36.553 INFO [main] org.apache.catalina.startup.VersionLoggerListener.log Command line argument:             --add-opens=java.base/java.io=ALL-UNNAMED
28-Nov-2023 23:09:36.554 INFO [main] org.apache.catalina.startup.VersionLoggerListener.log Command line argument:             --add-opens=java.base/java.util=ALL-UNNAMED
28-Nov-2023 23:09:36.554 INFO [main] org.apache.catalina.startup.VersionLoggerListener.log Command line argument:             --add-opens=java.base/java.util.concurrent=ALL-UNNAMED
28-Nov-2023 23:09:36.554 INFO [main] org.apache.catalina.startup.VersionLoggerListener.log Command line argument:             --add-opens=java.rmi/sun.rmi.transport=ALL-UNNAMED
28-Nov-2023 23:09:36.555 INFO [main] org.apache.catalina.startup.VersionLoggerListener.log Command line argument:             -Djava.util.logging.config.file=E:\Krakedev\Modulo-3\apache-tomcat-9.0.82-windows-x64\apache-tomcat-9.0.82\conf\logging.properties
28-Nov-2023 23:09:36.555 INFO [main] org.apache.catalina.startup.VersionLoggerListener.log Command line argument:             -Djava.util.logging.manager=org.apache.juli.ClassLoaderLogManager
28-Nov-2023 23:09:36.555 INFO [main] org.apache.catalina.startup.VersionLoggerListener.log Command line argument:             -Djdk.tls.ephemeralDHKeySize=2048
28-Nov-2023 23:09:36.556 INFO [main] org.apache.catalina.startup.VersionLoggerListener.log Command line argument:             -Djava.protocol.handler.pkgs=org.apache.catalina.webresources
28-Nov-2023 23:09:36.556 INFO [main] org.apache.catalina.startup.VersionLoggerListener.log Command line argument:             -Dignore.endorsed.dirs=
28-Nov-2023 23:09:36.556 INFO [main] org.apache.catalina.startup.VersionLoggerListener.log Command line argument:             -Dcatalina.base=E:\Krakedev\Modulo-3\apache-tomcat-9.0.82-windows-x64\apache-tomcat-9.0.82
28-Nov-2023 23:09:36.557 INFO [main] org.apache.catalina.startup.VersionLoggerListener.log Command line argument:             -Dcatalina.home=E:\Krakedev\Modulo-3\apache-tomcat-9.0.82-windows-x64\apache-tomcat-9.0.82
28-Nov-2023 23:09:36.557 INFO [main] org.apache.catalina.startup.VersionLoggerListener.log Command line argument:             -Djava.io.tmpdir=E:\Krakedev\Modulo-3\apache-tomcat-9.0.82-windows-x64\apache-tomcat-9.0.82\temp
28-Nov-2023 23:09:36.592 INFO [main] org.apache.catalina.core.AprLifecycleListener.lifecycleEvent Cargada la biblioteca nativa APR de Apache Tomcat [1.2.39] con la versión APR [1.7.4].
28-Nov-2023 23:09:36.593 INFO [main] org.apache.catalina.core.AprLifecycleListener.lifecycleEvent Capacidades APR: IPv6 [true], enviar fichero [true], aceptar filtros [false], aleatorio [true], UDS [true].
28-Nov-2023 23:09:36.593 INFO [main] org.apache.catalina.core.AprLifecycleListener.lifecycleEvent APR/OpenSSL configuration: useAprConnector [false], useOpenSSL [true]
28-Nov-2023 23:09:36.617 INFO [main] org.apache.catalina.core.AprLifecycleListener.initializeSSL OpenSSL inicializado correctamente [OpenSSL 3.0.11 19 Sep 2023]
28-Nov-2023 23:09:37.387 INFO [main] org.apache.coyote.AbstractProtocol.init Inicializando el manejador de protocolo ["http-nio-8080"]

28-Nov-2023 23:09:37.445 INFO [main] org.apache.catalina.startup.Catalina.load Server initialization in [1438] milliseconds
28-Nov-2023 23:09:37.490 WARNING [main] java.util.ArrayList.forEach Name = ConexionInventario Property maxActive is not used in DBCP2, use maxTotal instead. maxTotal default value is 8. You have set value of "100" for "maxActive" property, which is being ignored.
28-Nov-2023 23:09:37.491 WARNING [main] java.util.ArrayList.forEach Name = ConexionInventario Property maxWait is not used in DBCP2 , use maxWaitMillis instead. maxWaitMillis default value is PT-0.001S. You have set value of "10000" for "maxWait" property, which is being ignored.
28-Nov-2023 23:09:37.492 INFO [main] java.util.ArrayList.forEach Name = ConexionInventario Ignoring unknown property: value of "jdbc/ConexionInventario" for "global" property
28-Nov-2023 23:09:37.541 WARNING [main] java.util.ArrayList.forEach Name = ConexionPG Property maxActive is not used in DBCP2, use maxTotal instead. maxTotal default value is 8. You have set value of "100" for "maxActive" property, which is being ignored.
28-Nov-2023 23:09:37.541 WARNING [main] java.util.ArrayList.forEach Name = ConexionPG Property maxWait is not used in DBCP2 , use maxWaitMillis instead. maxWaitMillis default value is PT-0.001S. You have set value of "10000" for "maxWait" property, which is being ignored.
28-Nov-2023 23:09:37.541 INFO [main] java.util.ArrayList.forEach Name = ConexionPG Ignoring unknown property: value of "jdbc/ConexionPG" for "global" property
28-Nov-2023 23:09:37.598 INFO [main] org.apache.catalina.core.StandardService.startInternal Arrancando servicio [Catalina]
28-Nov-2023 23:09:37.599 INFO [main] org.apache.catalina.core.StandardEngine.startInternal Starting Servlet engine: [Apache Tomcat/9.0.82]
28-Nov-2023 23:09:37.628 INFO [main] org.apache.catalina.startup.HostConfig.deployWAR Despliegue del archivo [E:\Krakedev\Modulo-3\apache-tomcat-9.0.82-windows-x64\apache-tomcat-9.0.82\webapps\ejemploweb.war] de la aplicación web
28-Nov-2023 23:09:44.361 INFO [main] org.apache.jasper.servlet.TldScanner.scanJars Al menos un JAR, que se ha explorado buscando TLDs, aún no contenía TLDs. Activar historial de depuración para este historiador para una completa lista de los JARs que fueron explorados y de los que nos se halló TLDs. Saltarse JARs no necesarios durante la exploración puede dar lugar a una mejora de tiempo significativa en el arranque y compilación de JSP .
28-Nov-2023 23:09:46.371 INFO [main] org.apache.catalina.startup.HostConfig.deployWAR Deployment of web application archive [E:\Krakedev\Modulo-3\apache-tomcat-9.0.82-windows-x64\apache-tomcat-9.0.82\webapps\ejemploweb.war] has finished in [8.742] ms
28-Nov-2023 23:09:46.375 INFO [main] org.apache.catalina.startup.HostConfig.deployWAR Despliegue del archivo [E:\Krakedev\Modulo-3\apache-tomcat-9.0.82-windows-x64\apache-tomcat-9.0.82\webapps\inventario.war] de la aplicación web
28-Nov-2023 23:09:51.802 INFO [main] org.apache.jasper.servlet.TldScanner.scanJars Al menos un JAR, que se ha explorado buscando TLDs, aún no contenía TLDs. Activar historial de depuración para este historiador para una completa lista de los JARs que fueron explorados y de los que nos se halló TLDs. Saltarse JARs no necesarios durante la exploración puede dar lugar a una mejora de tiempo significativa en el arranque y compilación de JSP .
28-Nov-2023 23:09:53.251 INFO [main] org.apache.catalina.startup.HostConfig.deployWAR Deployment of web application archive [E:\Krakedev\Modulo-3\apache-tomcat-9.0.82-windows-x64\apache-tomcat-9.0.82\webapps\inventario.war] has finished in [6.872] ms
28-Nov-2023 23:09:53.254 INFO [main] org.apache.catalina.startup.HostConfig.deployWAR Despliegue del archivo [E:\Krakedev\Modulo-3\apache-tomcat-9.0.82-windows-x64\apache-tomcat-9.0.82\webapps\inventarios-1.0.0.war] de la aplicación web
28-Nov-2023 23:09:58.031 INFO [main] org.apache.jasper.servlet.TldScanner.scanJars Al menos un JAR, que se ha explorado buscando TLDs, aún no contenía TLDs. Activar historial de depuración para este historiador para una completa lista de los JARs que fueron explorados y de los que nos se halló TLDs. Saltarse JARs no necesarios durante la exploración puede dar lugar a una mejora de tiempo significativa en el arranque y compilación de JSP .
28-Nov-2023 23:09:58.059 INFO [main] org.apache.catalina.startup.HostConfig.deployWAR Deployment of web application archive [E:\Krakedev\Modulo-3\apache-tomcat-9.0.82-windows-x64\apache-tomcat-9.0.82\webapps\inventarios-1.0.0.war] has finished in [4.804] ms
28-Nov-2023 23:09:58.059 INFO [main] org.apache.catalina.startup.HostConfig.deployDirectory Desplegando el directorio [E:\Krakedev\Modulo-3\apache-tomcat-9.0.82-windows-x64\apache-tomcat-9.0.82\webapps\coffee] de la aplicación web
28-Nov-2023 23:09:58.232 INFO [main] org.apache.jasper.servlet.TldScanner.scanJars Al menos un JAR, que se ha explorado buscando TLDs, aún no contenía TLDs. Activar historial de depuración para este historiador para una completa lista de los JARs que fueron explorados y de los que nos se halló TLDs. Saltarse JARs no necesarios durante la exploración puede dar lugar a una mejora de tiempo significativa en el arranque y compilación de JSP .
28-Nov-2023 23:09:58.238 INFO [main] org.apache.catalina.startup.HostConfig.deployDirectory Deployment of web application directory [E:\Krakedev\Modulo-3\apache-tomcat-9.0.82-windows-x64\apache-tomcat-9.0.82\webapps\coffee] has finished in [179] ms
28-Nov-2023 23:09:58.239 INFO [main] org.apache.catalina.startup.HostConfig.deployDirectory Desplegando el directorio [E:\Krakedev\Modulo-3\apache-tomcat-9.0.82-windows-x64\apache-tomcat-9.0.82\webapps\docs] de la aplicación web
28-Nov-2023 23:09:58.428 INFO [main] org.apache.jasper.servlet.TldScanner.scanJars Al menos un JAR, que se ha explorado buscando TLDs, aún no contenía TLDs. Activar historial de depuración para este historiador para una completa lista de los JARs que fueron explorados y de los que nos se halló TLDs. Saltarse JARs no necesarios durante la exploración puede dar lugar a una mejora de tiempo significativa en el arranque y compilación de JSP .
28-Nov-2023 23:09:58.433 INFO [main] org.apache.catalina.startup.HostConfig.deployDirectory Deployment of web application directory [E:\Krakedev\Modulo-3\apache-tomcat-9.0.82-windows-x64\apache-tomcat-9.0.82\webapps\docs] has finished in [194] ms
28-Nov-2023 23:09:58.435 INFO [main] org.apache.catalina.startup.HostConfig.deployDirectory Desplegando el directorio [E:\Krakedev\Modulo-3\apache-tomcat-9.0.82-windows-x64\apache-tomcat-9.0.82\webapps\examples] de la aplicación web
28-Nov-2023 23:09:59.238 INFO [main] org.apache.jasper.servlet.TldScanner.scanJars Al menos un JAR, que se ha explorado buscando TLDs, aún no contenía TLDs. Activar historial de depuración para este historiador para una completa lista de los JARs que fueron explorados y de los que nos se halló TLDs. Saltarse JARs no necesarios durante la exploración puede dar lugar a una mejora de tiempo significativa en el arranque y compilación de JSP .
28-Nov-2023 23:09:59.311 INFO [main] org.apache.catalina.startup.HostConfig.deployDirectory Deployment of web application directory [E:\Krakedev\Modulo-3\apache-tomcat-9.0.82-windows-x64\apache-tomcat-9.0.82\webapps\examples] has finished in [875] ms
28-Nov-2023 23:09:59.311 INFO [main] org.apache.catalina.startup.HostConfig.deployDirectory Desplegando el directorio [E:\Krakedev\Modulo-3\apache-tomcat-9.0.82-windows-x64\apache-tomcat-9.0.82\webapps\host-manager] de la aplicación web
28-Nov-2023 23:09:59.549 INFO [main] org.apache.jasper.servlet.TldScanner.scanJars Al menos un JAR, que se ha explorado buscando TLDs, aún no contenía TLDs. Activar historial de depuración para este historiador para una completa lista de los JARs que fueron explorados y de los que nos se halló TLDs. Saltarse JARs no necesarios durante la exploración puede dar lugar a una mejora de tiempo significativa en el arranque y compilación de JSP .
28-Nov-2023 23:09:59.562 INFO [main] org.apache.catalina.startup.HostConfig.deployDirectory Deployment of web application directory [E:\Krakedev\Modulo-3\apache-tomcat-9.0.82-windows-x64\apache-tomcat-9.0.82\webapps\host-manager] has finished in [251] ms
28-Nov-2023 23:09:59.563 INFO [main] org.apache.catalina.startup.HostConfig.deployDirectory Desplegando el directorio [E:\Krakedev\Modulo-3\apache-tomcat-9.0.82-windows-x64\apache-tomcat-9.0.82\webapps\krakedev] de la aplicación web
28-Nov-2023 23:09:59.749 INFO [main] org.apache.jasper.servlet.TldScanner.scanJars Al menos un JAR, que se ha explorado buscando TLDs, aún no contenía TLDs. Activar historial de depuración para este historiador para una completa lista de los JARs que fueron explorados y de los que nos se halló TLDs. Saltarse JARs no necesarios durante la exploración puede dar lugar a una mejora de tiempo significativa en el arranque y compilación de JSP .
28-Nov-2023 23:09:59.755 INFO [main] org.apache.catalina.startup.HostConfig.deployDirectory Deployment of web application directory [E:\Krakedev\Modulo-3\apache-tomcat-9.0.82-windows-x64\apache-tomcat-9.0.82\webapps\krakedev] has finished in [190] ms
28-Nov-2023 23:09:59.757 INFO [main] org.apache.catalina.startup.HostConfig.deployDirectory Desplegando el directorio [E:\Krakedev\Modulo-3\apache-tomcat-9.0.82-windows-x64\apache-tomcat-9.0.82\webapps\manager] de la aplicación web
28-Nov-2023 23:09:59.951 INFO [main] org.apache.jasper.servlet.TldScanner.scanJars Al menos un JAR, que se ha explorado buscando TLDs, aún no contenía TLDs. Activar historial de depuración para este historiador para una completa lista de los JARs que fueron explorados y de los que nos se halló TLDs. Saltarse JARs no necesarios durante la exploración puede dar lugar a una mejora de tiempo significativa en el arranque y compilación de JSP .
28-Nov-2023 23:09:59.954 INFO [main] org.apache.catalina.startup.HostConfig.deployDirectory Deployment of web application directory [E:\Krakedev\Modulo-3\apache-tomcat-9.0.82-windows-x64\apache-tomcat-9.0.82\webapps\manager] has finished in [197] ms
28-Nov-2023 23:09:59.955 INFO [main] org.apache.catalina.startup.HostConfig.deployDirectory Desplegando el directorio [E:\Krakedev\Modulo-3\apache-tomcat-9.0.82-windows-x64\apache-tomcat-9.0.82\webapps\ROOT] de la aplicación web
28-Nov-2023 23:10:00.131 INFO [main] org.apache.jasper.servlet.TldScanner.scanJars Al menos un JAR, que se ha explorado buscando TLDs, aún no contenía TLDs. Activar historial de depuración para este historiador para una completa lista de los JARs que fueron explorados y de los que nos se halló TLDs. Saltarse JARs no necesarios durante la exploración puede dar lugar a una mejora de tiempo significativa en el arranque y compilación de JSP .
28-Nov-2023 23:10:00.136 INFO [main] org.apache.catalina.startup.HostConfig.deployDirectory Deployment of web application directory [E:\Krakedev\Modulo-3\apache-tomcat-9.0.82-windows-x64\apache-tomcat-9.0.82\webapps\ROOT] has finished in [182] ms
28-Nov-2023 23:10:00.143 INFO [main] org.apache.coyote.AbstractProtocol.start Starting ProtocolHandler ["http-nio-8080"]
28-Nov-2023 23:10:00.196 INFO [main] org.apache.catalina.startup.Catalina.start Server startup in [22748] milliseconds
28-Nov-2023 23:19:31.532 INFO [Catalina-utility-2] org.apache.catalina.startup.HostConfig.undeploy Repliegue (undeploy) de la aplicación web que tiene como trayectoria de contexto [/inventarios-1.0.0]
28-Nov-2023 23:19:31.657 INFO [Catalina-utility-2] org.apache.catalina.startup.HostConfig.deployWAR Despliegue del archivo [E:\Krakedev\Modulo-3\apache-tomcat-9.0.82-windows-x64\apache-tomcat-9.0.82\webapps\inventarios-1.0.0.war] de la aplicación web
28-Nov-2023 23:19:36.260 INFO [Catalina-utility-2] org.apache.jasper.servlet.TldScanner.scanJars Al menos un JAR, que se ha explorado buscando TLDs, aún no contenía TLDs. Activar historial de depuración para este historiador para una completa lista de los JARs que fueron explorados y de los que nos se halló TLDs. Saltarse JARs no necesarios durante la exploración puede dar lugar a una mejora de tiempo significativa en el arranque y compilación de JSP .
28-Nov-2023 23:19:36.280 INFO [Catalina-utility-2] org.apache.catalina.startup.HostConfig.deployWAR Deployment of web application archive [E:\Krakedev\Modulo-3\apache-tomcat-9.0.82-windows-x64\apache-tomcat-9.0.82\webapps\inventarios-1.0.0.war] has finished in [4.622] ms
28-Nov-2023 23:29:18.207 INFO [Catalina-utility-1] org.apache.catalina.startup.HostConfig.undeploy Repliegue (undeploy) de la aplicación web que tiene como trayectoria de contexto [/inventarios-1.0.0]
28-Nov-2023 23:29:18.451 INFO [Catalina-utility-1] org.apache.catalina.startup.HostConfig.deployWAR Despliegue del archivo [E:\Krakedev\Modulo-3\apache-tomcat-9.0.82-windows-x64\apache-tomcat-9.0.82\webapps\inventarios-1.0.0.war] de la aplicación web
28-Nov-2023 23:29:24.708 INFO [Catalina-utility-1] org.apache.jasper.servlet.TldScanner.scanJars Al menos un JAR, que se ha explorado buscando TLDs, aún no contenía TLDs. Activar historial de depuración para este historiador para una completa lista de los JARs que fueron explorados y de los que nos se halló TLDs. Saltarse JARs no necesarios durante la exploración puede dar lugar a una mejora de tiempo significativa en el arranque y compilación de JSP .
28-Nov-2023 23:29:24.983 INFO [Catalina-utility-1] org.apache.catalina.startup.HostConfig.deployWAR Deployment of web application archive [E:\Krakedev\Modulo-3\apache-tomcat-9.0.82-windows-x64\apache-tomcat-9.0.82\webapps\inventarios-1.0.0.war] has finished in [6.531] ms
28-Nov-2023 23:29:41.241 INFO [main] org.apache.catalina.startup.VersionLoggerListener.log Nombre de la versión del servidor: Apache Tomcat/9.0.82
28-Nov-2023 23:29:41.248 INFO [main] org.apache.catalina.startup.VersionLoggerListener.log Server built:                      Oct 11 2023 13:15:08 UTC
28-Nov-2023 23:29:41.248 INFO [main] org.apache.catalina.startup.VersionLoggerListener.log Número de versión de servidor:     9.0.82.0
28-Nov-2023 23:29:41.249 INFO [main] org.apache.catalina.startup.VersionLoggerListener.log OS Name:                           Windows 11
28-Nov-2023 23:29:41.249 INFO [main] org.apache.catalina.startup.VersionLoggerListener.log Versión de Systema Operativo:      10.0
28-Nov-2023 23:29:41.250 INFO [main] org.apache.catalina.startup.VersionLoggerListener.log Arquitectura:                      amd64
28-Nov-2023 23:29:41.250 INFO [main] org.apache.catalina.startup.VersionLoggerListener.log Java Home:                         C:\Program Files\Java\jdk-21
28-Nov-2023 23:29:41.250 INFO [main] org.apache.catalina.startup.VersionLoggerListener.log JVM Version:                       21.0.1+12-LTS-29
28-Nov-2023 23:29:41.250 INFO [main] org.apache.catalina.startup.VersionLoggerListener.log Vededor JVM:                       Oracle Corporation
28-Nov-2023 23:29:41.251 INFO [main] org.apache.catalina.startup.VersionLoggerListener.log CATALINA_BASE:                     E:\Krakedev\Modulo-3\apache-tomcat-9.0.82-windows-x64\apache-tomcat-9.0.82
28-Nov-2023 23:29:41.251 INFO [main] org.apache.catalina.startup.VersionLoggerListener.log CATALINA_HOME:                     E:\Krakedev\Modulo-3\apache-tomcat-9.0.82-windows-x64\apache-tomcat-9.0.82
28-Nov-2023 23:29:41.268 INFO [main] org.apache.catalina.startup.VersionLoggerListener.log Command line argument:             --add-opens=java.base/java.lang=ALL-UNNAMED
28-Nov-2023 23:29:41.269 INFO [main] org.apache.catalina.startup.VersionLoggerListener.log Command line argument:             --add-opens=java.base/java.io=ALL-UNNAMED
28-Nov-2023 23:29:41.269 INFO [main] org.apache.catalina.startup.VersionLoggerListener.log Command line argument:             --add-opens=java.base/java.util=ALL-UNNAMED
28-Nov-2023 23:29:41.269 INFO [main] org.apache.catalina.startup.VersionLoggerListener.log Command line argument:             --add-opens=java.base/java.util.concurrent=ALL-UNNAMED
28-Nov-2023 23:29:41.269 INFO [main] org.apache.catalina.startup.VersionLoggerListener.log Command line argument:             --add-opens=java.rmi/sun.rmi.transport=ALL-UNNAMED
28-Nov-2023 23:29:41.270 INFO [main] org.apache.catalina.startup.VersionLoggerListener.log Command line argument:             -Djava.util.logging.config.file=E:\Krakedev\Modulo-3\apache-tomcat-9.0.82-windows-x64\apache-tomcat-9.0.82\conf\logging.properties
28-Nov-2023 23:29:41.270 INFO [main] org.apache.catalina.startup.VersionLoggerListener.log Command line argument:             -Djava.util.logging.manager=org.apache.juli.ClassLoaderLogManager
28-Nov-2023 23:29:41.270 INFO [main] org.apache.catalina.startup.VersionLoggerListener.log Command line argument:             -Djdk.tls.ephemeralDHKeySize=2048
28-Nov-2023 23:29:41.270 INFO [main] org.apache.catalina.startup.VersionLoggerListener.log Command line argument:             -Djava.protocol.handler.pkgs=org.apache.catalina.webresources
28-Nov-2023 23:29:41.271 INFO [main] org.apache.catalina.startup.VersionLoggerListener.log Command line argument:             -Dignore.endorsed.dirs=
28-Nov-2023 23:29:41.271 INFO [main] org.apache.catalina.startup.VersionLoggerListener.log Command line argument:             -Dcatalina.base=E:\Krakedev\Modulo-3\apache-tomcat-9.0.82-windows-x64\apache-tomcat-9.0.82
28-Nov-2023 23:29:41.271 INFO [main] org.apache.catalina.startup.VersionLoggerListener.log Command line argument:             -Dcatalina.home=E:\Krakedev\Modulo-3\apache-tomcat-9.0.82-windows-x64\apache-tomcat-9.0.82
28-Nov-2023 23:29:41.271 INFO [main] org.apache.catalina.startup.VersionLoggerListener.log Command line argument:             -Djava.io.tmpdir=E:\Krakedev\Modulo-3\apache-tomcat-9.0.82-windows-x64\apache-tomcat-9.0.82\temp
28-Nov-2023 23:29:41.273 INFO [main] org.apache.catalina.core.AprLifecycleListener.lifecycleEvent Cargada la biblioteca nativa APR de Apache Tomcat [1.2.39] con la versión APR [1.7.4].
28-Nov-2023 23:29:41.273 INFO [main] org.apache.catalina.core.AprLifecycleListener.lifecycleEvent Capacidades APR: IPv6 [true], enviar fichero [true], aceptar filtros [false], aleatorio [true], UDS [true].
28-Nov-2023 23:29:41.273 INFO [main] org.apache.catalina.core.AprLifecycleListener.lifecycleEvent APR/OpenSSL configuration: useAprConnector [false], useOpenSSL [true]
28-Nov-2023 23:29:41.273 INFO [main] org.apache.catalina.core.AprLifecycleListener.initializeSSL OpenSSL inicializado correctamente [OpenSSL 3.0.11 19 Sep 2023]
28-Nov-2023 23:29:41.893 INFO [main] org.apache.coyote.AbstractProtocol.init Inicializando el manejador de protocolo ["http-nio-8080"]

28-Nov-2023 23:29:41.940 INFO [main] org.apache.catalina.startup.Catalina.load Server initialization in [1073] milliseconds
28-Nov-2023 23:29:42.004 WARNING [main] java.util.ArrayList.forEach Name = ConexionInventario Property maxActive is not used in DBCP2, use maxTotal instead. maxTotal default value is 8. You have set value of "100" for "maxActive" property, which is being ignored.
28-Nov-2023 23:29:42.006 WARNING [main] java.util.ArrayList.forEach Name = ConexionInventario Property maxWait is not used in DBCP2 , use maxWaitMillis instead. maxWaitMillis default value is PT-0.001S. You have set value of "10000" for "maxWait" property, which is being ignored.
28-Nov-2023 23:29:42.009 INFO [main] java.util.ArrayList.forEach Name = ConexionInventario Ignoring unknown property: value of "jdbc/ConexionInventario" for "global" property
28-Nov-2023 23:29:42.069 WARNING [main] java.util.ArrayList.forEach Name = ConexionPG Property maxActive is not used in DBCP2, use maxTotal instead. maxTotal default value is 8. You have set value of "100" for "maxActive" property, which is being ignored.
28-Nov-2023 23:29:42.071 WARNING [main] java.util.ArrayList.forEach Name = ConexionPG Property maxWait is not used in DBCP2 , use maxWaitMillis instead. maxWaitMillis default value is PT-0.001S. You have set value of "10000" for "maxWait" property, which is being ignored.
28-Nov-2023 23:29:42.072 INFO [main] java.util.ArrayList.forEach Name = ConexionPG Ignoring unknown property: value of "jdbc/ConexionPG" for "global" property
28-Nov-2023 23:29:42.124 INFO [main] org.apache.catalina.core.StandardService.startInternal Arrancando servicio [Catalina]
28-Nov-2023 23:29:42.125 INFO [main] org.apache.catalina.core.StandardEngine.startInternal Starting Servlet engine: [Apache Tomcat/9.0.82]
28-Nov-2023 23:29:42.154 INFO [main] org.apache.catalina.startup.HostConfig.deployWAR Despliegue del archivo [E:\Krakedev\Modulo-3\apache-tomcat-9.0.82-windows-x64\apache-tomcat-9.0.82\webapps\ejemploweb.war] de la aplicación web
28-Nov-2023 23:29:44.336 INFO [main] org.apache.jasper.servlet.TldScanner.scanJars Al menos un JAR, que se ha explorado buscando TLDs, aún no contenía TLDs. Activar historial de depuración para este historiador para una completa lista de los JARs que fueron explorados y de los que nos se halló TLDs. Saltarse JARs no necesarios durante la exploración puede dar lugar a una mejora de tiempo significativa en el arranque y compilación de JSP .
28-Nov-2023 23:29:45.698 INFO [main] org.apache.catalina.startup.HostConfig.deployWAR Deployment of web application archive [E:\Krakedev\Modulo-3\apache-tomcat-9.0.82-windows-x64\apache-tomcat-9.0.82\webapps\ejemploweb.war] has finished in [3.544] ms
28-Nov-2023 23:29:45.702 INFO [main] org.apache.catalina.startup.HostConfig.deployWAR Despliegue del archivo [E:\Krakedev\Modulo-3\apache-tomcat-9.0.82-windows-x64\apache-tomcat-9.0.82\webapps\inventario.war] de la aplicación web
28-Nov-2023 23:29:47.185 INFO [main] org.apache.jasper.servlet.TldScanner.scanJars Al menos un JAR, que se ha explorado buscando TLDs, aún no contenía TLDs. Activar historial de depuración para este historiador para una completa lista de los JARs que fueron explorados y de los que nos se halló TLDs. Saltarse JARs no necesarios durante la exploración puede dar lugar a una mejora de tiempo significativa en el arranque y compilación de JSP .
28-Nov-2023 23:29:48.278 INFO [main] org.apache.catalina.startup.HostConfig.deployWAR Deployment of web application archive [E:\Krakedev\Modulo-3\apache-tomcat-9.0.82-windows-x64\apache-tomcat-9.0.82\webapps\inventario.war] has finished in [2.575] ms
28-Nov-2023 23:29:48.280 INFO [main] org.apache.catalina.startup.HostConfig.deployWAR Despliegue del archivo [E:\Krakedev\Modulo-3\apache-tomcat-9.0.82-windows-x64\apache-tomcat-9.0.82\webapps\inventarios-1.0.0.war] de la aplicación web
28-Nov-2023 23:29:49.468 INFO [main] org.apache.jasper.servlet.TldScanner.scanJars Al menos un JAR, que se ha explorado buscando TLDs, aún no contenía TLDs. Activar historial de depuración para este historiador para una completa lista de los JARs que fueron explorados y de los que nos se halló TLDs. Saltarse JARs no necesarios durante la exploración puede dar lugar a una mejora de tiempo significativa en el arranque y compilación de JSP .
28-Nov-2023 23:29:49.510 INFO [main] org.apache.catalina.startup.HostConfig.deployWAR Deployment of web application archive [E:\Krakedev\Modulo-3\apache-tomcat-9.0.82-windows-x64\apache-tomcat-9.0.82\webapps\inventarios-1.0.0.war] has finished in [1.229] ms
28-Nov-2023 23:29:49.511 INFO [main] org.apache.catalina.startup.HostConfig.deployDirectory Desplegando el directorio [E:\Krakedev\Modulo-3\apache-tomcat-9.0.82-windows-x64\apache-tomcat-9.0.82\webapps\coffee] de la aplicación web
28-Nov-2023 23:29:49.706 INFO [main] org.apache.jasper.servlet.TldScanner.scanJars Al menos un JAR, que se ha explorado buscando TLDs, aún no contenía TLDs. Activar historial de depuración para este historiador para una completa lista de los JARs que fueron explorados y de los que nos se halló TLDs. Saltarse JARs no necesarios durante la exploración puede dar lugar a una mejora de tiempo significativa en el arranque y compilación de JSP .
28-Nov-2023 23:29:49.709 INFO [main] org.apache.catalina.startup.HostConfig.deployDirectory Deployment of web application directory [E:\Krakedev\Modulo-3\apache-tomcat-9.0.82-windows-x64\apache-tomcat-9.0.82\webapps\coffee] has finished in [198] ms
28-Nov-2023 23:29:49.709 INFO [main] org.apache.catalina.startup.HostConfig.deployDirectory Desplegando el directorio [E:\Krakedev\Modulo-3\apache-tomcat-9.0.82-windows-x64\apache-tomcat-9.0.82\webapps\docs] de la aplicación web
28-Nov-2023 23:29:49.881 INFO [main] org.apache.jasper.servlet.TldScanner.scanJars Al menos un JAR, que se ha explorado buscando TLDs, aún no contenía TLDs. Activar historial de depuración para este historiador para una completa lista de los JARs que fueron explorados y de los que nos se halló TLDs. Saltarse JARs no necesarios durante la exploración puede dar lugar a una mejora de tiempo significativa en el arranque y compilación de JSP .
28-Nov-2023 23:29:49.884 INFO [main] org.apache.catalina.startup.HostConfig.deployDirectory Deployment of web application directory [E:\Krakedev\Modulo-3\apache-tomcat-9.0.82-windows-x64\apache-tomcat-9.0.82\webapps\docs] has finished in [175] ms
28-Nov-2023 23:29:49.884 INFO [main] org.apache.catalina.startup.HostConfig.deployDirectory Desplegando el directorio [E:\Krakedev\Modulo-3\apache-tomcat-9.0.82-windows-x64\apache-tomcat-9.0.82\webapps\examples] de la aplicación web
28-Nov-2023 23:29:50.460 INFO [main] org.apache.jasper.servlet.TldScanner.scanJars Al menos un JAR, que se ha explorado buscando TLDs, aún no contenía TLDs. Activar historial de depuración para este historiador para una completa lista de los JARs que fueron explorados y de los que nos se halló TLDs. Saltarse JARs no necesarios durante la exploración puede dar lugar a una mejora de tiempo significativa en el arranque y compilación de JSP .
28-Nov-2023 23:29:50.543 INFO [main] org.apache.catalina.startup.HostConfig.deployDirectory Deployment of web application directory [E:\Krakedev\Modulo-3\apache-tomcat-9.0.82-windows-x64\apache-tomcat-9.0.82\webapps\examples] has finished in [658] ms
28-Nov-2023 23:29:50.543 INFO [main] org.apache.catalina.startup.HostConfig.deployDirectory Desplegando el directorio [E:\Krakedev\Modulo-3\apache-tomcat-9.0.82-windows-x64\apache-tomcat-9.0.82\webapps\host-manager] de la aplicación web
28-Nov-2023 23:29:50.731 INFO [main] org.apache.jasper.servlet.TldScanner.scanJars Al menos un JAR, que se ha explorado buscando TLDs, aún no contenía TLDs. Activar historial de depuración para este historiador para una completa lista de los JARs que fueron explorados y de los que nos se halló TLDs. Saltarse JARs no necesarios durante la exploración puede dar lugar a una mejora de tiempo significativa en el arranque y compilación de JSP .
28-Nov-2023 23:29:50.739 INFO [main] org.apache.catalina.startup.HostConfig.deployDirectory Deployment of web application directory [E:\Krakedev\Modulo-3\apache-tomcat-9.0.82-windows-x64\apache-tomcat-9.0.82\webapps\host-manager] has finished in [196] ms
28-Nov-2023 23:29:50.740 INFO [main] org.apache.catalina.startup.HostConfig.deployDirectory Desplegando el directorio [E:\Krakedev\Modulo-3\apache-tomcat-9.0.82-windows-x64\apache-tomcat-9.0.82\webapps\krakedev] de la aplicación web
28-Nov-2023 23:29:50.877 INFO [main] org.apache.jasper.servlet.TldScanner.scanJars Al menos un JAR, que se ha explorado buscando TLDs, aún no contenía TLDs. Activar historial de depuración para este historiador para una completa lista de los JARs que fueron explorados y de los que nos se halló TLDs. Saltarse JARs no necesarios durante la exploración puede dar lugar a una mejora de tiempo significativa en el arranque y compilación de JSP .
28-Nov-2023 23:29:50.881 INFO [main] org.apache.catalina.startup.HostConfig.deployDirectory Deployment of web application directory [E:\Krakedev\Modulo-3\apache-tomcat-9.0.82-windows-x64\apache-tomcat-9.0.82\webapps\krakedev] has finished in [140] ms
28-Nov-2023 23:29:50.881 INFO [main] org.apache.catalina.startup.HostConfig.deployDirectory Desplegando el directorio [E:\Krakedev\Modulo-3\apache-tomcat-9.0.82-windows-x64\apache-tomcat-9.0.82\webapps\manager] de la aplicación web
28-Nov-2023 23:29:51.057 INFO [main] org.apache.jasper.servlet.TldScanner.scanJars Al menos un JAR, que se ha explorado buscando TLDs, aún no contenía TLDs. Activar historial de depuración para este historiador para una completa lista de los JARs que fueron explorados y de los que nos se halló TLDs. Saltarse JARs no necesarios durante la exploración puede dar lugar a una mejora de tiempo significativa en el arranque y compilación de JSP .
28-Nov-2023 23:29:51.060 INFO [main] org.apache.catalina.startup.HostConfig.deployDirectory Deployment of web application directory [E:\Krakedev\Modulo-3\apache-tomcat-9.0.82-windows-x64\apache-tomcat-9.0.82\webapps\manager] has finished in [179] ms
28-Nov-2023 23:29:51.060 INFO [main] org.apache.catalina.startup.HostConfig.deployDirectory Desplegando el directorio [E:\Krakedev\Modulo-3\apache-tomcat-9.0.82-windows-x64\apache-tomcat-9.0.82\webapps\ROOT] de la aplicación web
28-Nov-2023 23:29:51.200 INFO [main] org.apache.jasper.servlet.TldScanner.scanJars Al menos un JAR, que se ha explorado buscando TLDs, aún no contenía TLDs. Activar historial de depuración para este historiador para una completa lista de los JARs que fueron explorados y de los que nos se halló TLDs. Saltarse JARs no necesarios durante la exploración puede dar lugar a una mejora de tiempo significativa en el arranque y compilación de JSP .
28-Nov-2023 23:29:51.204 INFO [main] org.apache.catalina.startup.HostConfig.deployDirectory Deployment of web application directory [E:\Krakedev\Modulo-3\apache-tomcat-9.0.82-windows-x64\apache-tomcat-9.0.82\webapps\ROOT] has finished in [143] ms
28-Nov-2023 23:29:51.208 INFO [main] org.apache.coyote.AbstractProtocol.start Starting ProtocolHandler ["http-nio-8080"]
28-Nov-2023 23:29:51.244 INFO [main] org.apache.catalina.startup.Catalina.start Server startup in [9300] milliseconds
28-Nov-2023 23:30:02.033 WARNING [http-nio-8080-exec-2] org.apache.catalina.webresources.AbstractFileResourceSet.logIgnoredSymlink Resource for web application [] at path [/inventarios-1.0.0./rest/proveedores/buscar/sa] was not loaded as the canonical path [/inventarios-1.0.0/rest/proveedores/buscar/sa] did not match. Use of symlinks is one possible cause.
28-Nov-2023 23:35:21.979 INFO [Catalina-utility-2] org.apache.catalina.startup.HostConfig.undeploy Repliegue (undeploy) de la aplicación web que tiene como trayectoria de contexto [/inventarios-1.0.0]
28-Nov-2023 23:35:22.075 INFO [Catalina-utility-2] org.apache.catalina.startup.HostConfig.deployWAR Despliegue del archivo [E:\Krakedev\Modulo-3\apache-tomcat-9.0.82-windows-x64\apache-tomcat-9.0.82\webapps\inventarios-1.0.0.war] de la aplicación web
28-Nov-2023 23:35:23.655 INFO [Catalina-utility-2] org.apache.jasper.servlet.TldScanner.scanJars Al menos un JAR, que se ha explorado buscando TLDs, aún no contenía TLDs. Activar historial de depuración para este historiador para una completa lista de los JARs que fueron explorados y de los que nos se halló TLDs. Saltarse JARs no necesarios durante la exploración puede dar lugar a una mejora de tiempo significativa en el arranque y compilación de JSP .
28-Nov-2023 23:35:23.690 INFO [Catalina-utility-2] org.apache.catalina.startup.HostConfig.deployWAR Deployment of web application archive [E:\Krakedev\Modulo-3\apache-tomcat-9.0.82-windows-x64\apache-tomcat-9.0.82\webapps\inventarios-1.0.0.war] has finished in [1.615] ms
28-Nov-2023 23:35:32.181 INFO [main] org.apache.catalina.startup.VersionLoggerListener.log Nombre de la versión del servidor: Apache Tomcat/9.0.82
28-Nov-2023 23:35:32.186 INFO [main] org.apache.catalina.startup.VersionLoggerListener.log Server built:                      Oct 11 2023 13:15:08 UTC
28-Nov-2023 23:35:32.187 INFO [main] org.apache.catalina.startup.VersionLoggerListener.log Número de versión de servidor:     9.0.82.0
28-Nov-2023 23:35:32.187 INFO [main] org.apache.catalina.startup.VersionLoggerListener.log OS Name:                           Windows 11
28-Nov-2023 23:35:32.187 INFO [main] org.apache.catalina.startup.VersionLoggerListener.log Versión de Systema Operativo:      10.0
28-Nov-2023 23:35:32.187 INFO [main] org.apache.catalina.startup.VersionLoggerListener.log Arquitectura:                      amd64
28-Nov-2023 23:35:32.188 INFO [main] org.apache.catalina.startup.VersionLoggerListener.log Java Home:                         C:\Program Files\Java\jdk-21
28-Nov-2023 23:35:32.188 INFO [main] org.apache.catalina.startup.VersionLoggerListener.log JVM Version:                       21.0.1+12-LTS-29
28-Nov-2023 23:35:32.188 INFO [main] org.apache.catalina.startup.VersionLoggerListener.log Vededor JVM:                       Oracle Corporation
28-Nov-2023 23:35:32.188 INFO [main] org.apache.catalina.startup.VersionLoggerListener.log CATALINA_BASE:                     E:\Krakedev\Modulo-3\apache-tomcat-9.0.82-windows-x64\apache-tomcat-9.0.82
28-Nov-2023 23:35:32.189 INFO [main] org.apache.catalina.startup.VersionLoggerListener.log CATALINA_HOME:                     E:\Krakedev\Modulo-3\apache-tomcat-9.0.82-windows-x64\apache-tomcat-9.0.82
28-Nov-2023 23:35:32.200 INFO [main] org.apache.catalina.startup.VersionLoggerListener.log Command line argument:             --add-opens=java.base/java.lang=ALL-UNNAMED
28-Nov-2023 23:35:32.200 INFO [main] org.apache.catalina.startup.VersionLoggerListener.log Command line argument:             --add-opens=java.base/java.io=ALL-UNNAMED
28-Nov-2023 23:35:32.200 INFO [main] org.apache.catalina.startup.VersionLoggerListener.log Command line argument:             --add-opens=java.base/java.util=ALL-UNNAMED
28-Nov-2023 23:35:32.201 INFO [main] org.apache.catalina.startup.VersionLoggerListener.log Command line argument:             --add-opens=java.base/java.util.concurrent=ALL-UNNAMED
28-Nov-2023 23:35:32.201 INFO [main] org.apache.catalina.startup.VersionLoggerListener.log Command line argument:             --add-opens=java.rmi/sun.rmi.transport=ALL-UNNAMED
28-Nov-2023 23:35:32.202 INFO [main] org.apache.catalina.startup.VersionLoggerListener.log Command line argument:             -Djava.util.logging.config.file=E:\Krakedev\Modulo-3\apache-tomcat-9.0.82-windows-x64\apache-tomcat-9.0.82\conf\logging.properties
28-Nov-2023 23:35:32.202 INFO [main] org.apache.catalina.startup.VersionLoggerListener.log Command line argument:             -Djava.util.logging.manager=org.apache.juli.ClassLoaderLogManager
28-Nov-2023 23:35:32.202 INFO [main] org.apache.catalina.startup.VersionLoggerListener.log Command line argument:             -Djdk.tls.ephemeralDHKeySize=2048
28-Nov-2023 23:35:32.203 INFO [main] org.apache.catalina.startup.VersionLoggerListener.log Command line argument:             -Djava.protocol.handler.pkgs=org.apache.catalina.webresources
28-Nov-2023 23:35:32.203 INFO [main] org.apache.catalina.startup.VersionLoggerListener.log Command line argument:             -Dignore.endorsed.dirs=
28-Nov-2023 23:35:32.203 INFO [main] org.apache.catalina.startup.VersionLoggerListener.log Command line argument:             -Dcatalina.base=E:\Krakedev\Modulo-3\apache-tomcat-9.0.82-windows-x64\apache-tomcat-9.0.82
28-Nov-2023 23:35:32.204 INFO [main] org.apache.catalina.startup.VersionLoggerListener.log Command line argument:             -Dcatalina.home=E:\Krakedev\Modulo-3\apache-tomcat-9.0.82-windows-x64\apache-tomcat-9.0.82
28-Nov-2023 23:35:32.204 INFO [main] org.apache.catalina.startup.VersionLoggerListener.log Command line argument:             -Djava.io.tmpdir=E:\Krakedev\Modulo-3\apache-tomcat-9.0.82-windows-x64\apache-tomcat-9.0.82\temp
28-Nov-2023 23:35:32.208 INFO [main] org.apache.catalina.core.AprLifecycleListener.lifecycleEvent Cargada la biblioteca nativa APR de Apache Tomcat [1.2.39] con la versión APR [1.7.4].
28-Nov-2023 23:35:32.208 INFO [main] org.apache.catalina.core.AprLifecycleListener.lifecycleEvent Capacidades APR: IPv6 [true], enviar fichero [true], aceptar filtros [false], aleatorio [true], UDS [true].
28-Nov-2023 23:35:32.209 INFO [main] org.apache.catalina.core.AprLifecycleListener.lifecycleEvent APR/OpenSSL configuration: useAprConnector [false], useOpenSSL [true]
28-Nov-2023 23:35:32.216 INFO [main] org.apache.catalina.core.AprLifecycleListener.initializeSSL OpenSSL inicializado correctamente [OpenSSL 3.0.11 19 Sep 2023]
28-Nov-2023 23:35:32.758 INFO [main] org.apache.coyote.AbstractProtocol.init Inicializando el manejador de protocolo ["http-nio-8080"]

28-Nov-2023 23:35:32.811 INFO [main] org.apache.catalina.startup.Catalina.load Server initialization in [941] milliseconds
28-Nov-2023 23:35:32.856 WARNING [main] java.util.ArrayList.forEach Name = ConexionInventario Property maxActive is not used in DBCP2, use maxTotal instead. maxTotal default value is 8. You have set value of "100" for "maxActive" property, which is being ignored.
28-Nov-2023 23:35:32.857 WARNING [main] java.util.ArrayList.forEach Name = ConexionInventario Property maxWait is not used in DBCP2 , use maxWaitMillis instead. maxWaitMillis default value is PT-0.001S. You have set value of "10000" for "maxWait" property, which is being ignored.
28-Nov-2023 23:35:32.859 INFO [main] java.util.ArrayList.forEach Name = ConexionInventario Ignoring unknown property: value of "jdbc/ConexionInventario" for "global" property
28-Nov-2023 23:35:32.918 WARNING [main] java.util.ArrayList.forEach Name = ConexionPG Property maxActive is not used in DBCP2, use maxTotal instead. maxTotal default value is 8. You have set value of "100" for "maxActive" property, which is being ignored.
28-Nov-2023 23:35:32.919 WARNING [main] java.util.ArrayList.forEach Name = ConexionPG Property maxWait is not used in DBCP2 , use maxWaitMillis instead. maxWaitMillis default value is PT-0.001S. You have set value of "10000" for "maxWait" property, which is being ignored.
28-Nov-2023 23:35:32.920 INFO [main] java.util.ArrayList.forEach Name = ConexionPG Ignoring unknown property: value of "jdbc/ConexionPG" for "global" property
28-Nov-2023 23:35:32.973 INFO [main] org.apache.catalina.core.StandardService.startInternal Arrancando servicio [Catalina]
28-Nov-2023 23:35:32.974 INFO [main] org.apache.catalina.core.StandardEngine.startInternal Starting Servlet engine: [Apache Tomcat/9.0.82]
28-Nov-2023 23:35:33.002 INFO [main] org.apache.catalina.startup.HostConfig.deployWAR Despliegue del archivo [E:\Krakedev\Modulo-3\apache-tomcat-9.0.82-windows-x64\apache-tomcat-9.0.82\webapps\ejemploweb.war] de la aplicación web
28-Nov-2023 23:35:35.077 INFO [main] org.apache.jasper.servlet.TldScanner.scanJars Al menos un JAR, que se ha explorado buscando TLDs, aún no contenía TLDs. Activar historial de depuración para este historiador para una completa lista de los JARs que fueron explorados y de los que nos se halló TLDs. Saltarse JARs no necesarios durante la exploración puede dar lugar a una mejora de tiempo significativa en el arranque y compilación de JSP .
28-Nov-2023 23:35:36.476 INFO [main] org.apache.catalina.startup.HostConfig.deployWAR Deployment of web application archive [E:\Krakedev\Modulo-3\apache-tomcat-9.0.82-windows-x64\apache-tomcat-9.0.82\webapps\ejemploweb.war] has finished in [3.474] ms
28-Nov-2023 23:35:36.479 INFO [main] org.apache.catalina.startup.HostConfig.deployWAR Despliegue del archivo [E:\Krakedev\Modulo-3\apache-tomcat-9.0.82-windows-x64\apache-tomcat-9.0.82\webapps\inventario.war] de la aplicación web
28-Nov-2023 23:35:37.926 INFO [main] org.apache.jasper.servlet.TldScanner.scanJars Al menos un JAR, que se ha explorado buscando TLDs, aún no contenía TLDs. Activar historial de depuración para este historiador para una completa lista de los JARs que fueron explorados y de los que nos se halló TLDs. Saltarse JARs no necesarios durante la exploración puede dar lugar a una mejora de tiempo significativa en el arranque y compilación de JSP .
28-Nov-2023 23:35:39.021 INFO [main] org.apache.catalina.startup.HostConfig.deployWAR Deployment of web application archive [E:\Krakedev\Modulo-3\apache-tomcat-9.0.82-windows-x64\apache-tomcat-9.0.82\webapps\inventario.war] has finished in [2.541] ms
28-Nov-2023 23:35:39.022 INFO [main] org.apache.catalina.startup.HostConfig.deployWAR Despliegue del archivo [E:\Krakedev\Modulo-3\apache-tomcat-9.0.82-windows-x64\apache-tomcat-9.0.82\webapps\inventarios-1.0.0.war] de la aplicación web
28-Nov-2023 23:35:40.361 INFO [main] org.apache.jasper.servlet.TldScanner.scanJars Al menos un JAR, que se ha explorado buscando TLDs, aún no contenía TLDs. Activar historial de depuración para este historiador para una completa lista de los JARs que fueron explorados y de los que nos se halló TLDs. Saltarse JARs no necesarios durante la exploración puede dar lugar a una mejora de tiempo significativa en el arranque y compilación de JSP .
28-Nov-2023 23:35:40.385 INFO [main] org.apache.catalina.startup.HostConfig.deployWAR Deployment of web application archive [E:\Krakedev\Modulo-3\apache-tomcat-9.0.82-windows-x64\apache-tomcat-9.0.82\webapps\inventarios-1.0.0.war] has finished in [1.362] ms
28-Nov-2023 23:35:40.388 INFO [main] org.apache.catalina.startup.HostConfig.deployDirectory Desplegando el directorio [E:\Krakedev\Modulo-3\apache-tomcat-9.0.82-windows-x64\apache-tomcat-9.0.82\webapps\coffee] de la aplicación web
28-Nov-2023 23:35:40.541 INFO [main] org.apache.jasper.servlet.TldScanner.scanJars Al menos un JAR, que se ha explorado buscando TLDs, aún no contenía TLDs. Activar historial de depuración para este historiador para una completa lista de los JARs que fueron explorados y de los que nos se halló TLDs. Saltarse JARs no necesarios durante la exploración puede dar lugar a una mejora de tiempo significativa en el arranque y compilación de JSP .
28-Nov-2023 23:35:40.545 INFO [main] org.apache.catalina.startup.HostConfig.deployDirectory Deployment of web application directory [E:\Krakedev\Modulo-3\apache-tomcat-9.0.82-windows-x64\apache-tomcat-9.0.82\webapps\coffee] has finished in [157] ms
28-Nov-2023 23:35:40.546 INFO [main] org.apache.catalina.startup.HostConfig.deployDirectory Desplegando el directorio [E:\Krakedev\Modulo-3\apache-tomcat-9.0.82-windows-x64\apache-tomcat-9.0.82\webapps\docs] de la aplicación web
28-Nov-2023 23:35:40.746 INFO [main] org.apache.jasper.servlet.TldScanner.scanJars Al menos un JAR, que se ha explorado buscando TLDs, aún no contenía TLDs. Activar historial de depuración para este historiador para una completa lista de los JARs que fueron explorados y de los que nos se halló TLDs. Saltarse JARs no necesarios durante la exploración puede dar lugar a una mejora de tiempo significativa en el arranque y compilación de JSP .
28-Nov-2023 23:35:40.750 INFO [main] org.apache.catalina.startup.HostConfig.deployDirectory Deployment of web application directory [E:\Krakedev\Modulo-3\apache-tomcat-9.0.82-windows-x64\apache-tomcat-9.0.82\webapps\docs] has finished in [204] ms
28-Nov-2023 23:35:40.751 INFO [main] org.apache.catalina.startup.HostConfig.deployDirectory Desplegando el directorio [E:\Krakedev\Modulo-3\apache-tomcat-9.0.82-windows-x64\apache-tomcat-9.0.82\webapps\examples] de la aplicación web
28-Nov-2023 23:35:41.604 INFO [main] org.apache.jasper.servlet.TldScanner.scanJars Al menos un JAR, que se ha explorado buscando TLDs, aún no contenía TLDs. Activar historial de depuración para este historiador para una completa lista de los JARs que fueron explorados y de los que nos se halló TLDs. Saltarse JARs no necesarios durante la exploración puede dar lugar a una mejora de tiempo significativa en el arranque y compilación de JSP .
28-Nov-2023 23:35:41.676 INFO [main] org.apache.catalina.startup.HostConfig.deployDirectory Deployment of web application directory [E:\Krakedev\Modulo-3\apache-tomcat-9.0.82-windows-x64\apache-tomcat-9.0.82\webapps\examples] has finished in [925] ms
28-Nov-2023 23:35:41.677 INFO [main] org.apache.catalina.startup.HostConfig.deployDirectory Desplegando el directorio [E:\Krakedev\Modulo-3\apache-tomcat-9.0.82-windows-x64\apache-tomcat-9.0.82\webapps\host-manager] de la aplicación web
28-Nov-2023 23:35:41.893 INFO [main] org.apache.jasper.servlet.TldScanner.scanJars Al menos un JAR, que se ha explorado buscando TLDs, aún no contenía TLDs. Activar historial de depuración para este historiador para una completa lista de los JARs que fueron explorados y de los que nos se halló TLDs. Saltarse JARs no necesarios durante la exploración puede dar lugar a una mejora de tiempo significativa en el arranque y compilación de JSP .
28-Nov-2023 23:35:41.902 INFO [main] org.apache.catalina.startup.HostConfig.deployDirectory Deployment of web application directory [E:\Krakedev\Modulo-3\apache-tomcat-9.0.82-windows-x64\apache-tomcat-9.0.82\webapps\host-manager] has finished in [225] ms
28-Nov-2023 23:35:41.904 INFO [main] org.apache.catalina.startup.HostConfig.deployDirectory Desplegando el directorio [E:\Krakedev\Modulo-3\apache-tomcat-9.0.82-windows-x64\apache-tomcat-9.0.82\webapps\krakedev] de la aplicación web
28-Nov-2023 23:35:42.095 INFO [main] org.apache.jasper.servlet.TldScanner.scanJars Al menos un JAR, que se ha explorado buscando TLDs, aún no contenía TLDs. Activar historial de depuración para este historiador para una completa lista de los JARs que fueron explorados y de los que nos se halló TLDs. Saltarse JARs no necesarios durante la exploración puede dar lugar a una mejora de tiempo significativa en el arranque y compilación de JSP .
28-Nov-2023 23:35:42.099 INFO [main] org.apache.catalina.startup.HostConfig.deployDirectory Deployment of web application directory [E:\Krakedev\Modulo-3\apache-tomcat-9.0.82-windows-x64\apache-tomcat-9.0.82\webapps\krakedev] has finished in [196] ms
28-Nov-2023 23:35:42.100 INFO [main] org.apache.catalina.startup.HostConfig.deployDirectory Desplegando el directorio [E:\Krakedev\Modulo-3\apache-tomcat-9.0.82-windows-x64\apache-tomcat-9.0.82\webapps\manager] de la aplicación web
28-Nov-2023 23:35:42.285 INFO [main] org.apache.jasper.servlet.TldScanner.scanJars Al menos un JAR, que se ha explorado buscando TLDs, aún no contenía TLDs. Activar historial de depuración para este historiador para una completa lista de los JARs que fueron explorados y de los que nos se halló TLDs. Saltarse JARs no necesarios durante la exploración puede dar lugar a una mejora de tiempo significativa en el arranque y compilación de JSP .
28-Nov-2023 23:35:42.288 INFO [main] org.apache.catalina.startup.HostConfig.deployDirectory Deployment of web application directory [E:\Krakedev\Modulo-3\apache-tomcat-9.0.82-windows-x64\apache-tomcat-9.0.82\webapps\manager] has finished in [188] ms
28-Nov-2023 23:35:42.288 INFO [main] org.apache.catalina.startup.HostConfig.deployDirectory Desplegando el directorio [E:\Krakedev\Modulo-3\apache-tomcat-9.0.82-windows-x64\apache-tomcat-9.0.82\webapps\ROOT] de la aplicación web
28-Nov-2023 23:35:42.430 INFO [main] org.apache.jasper.servlet.TldScanner.scanJars Al menos un JAR, que se ha explorado buscando TLDs, aún no contenía TLDs. Activar historial de depuración para este historiador para una completa lista de los JARs que fueron explorados y de los que nos se halló TLDs. Saltarse JARs no necesarios durante la exploración puede dar lugar a una mejora de tiempo significativa en el arranque y compilación de JSP .
28-Nov-2023 23:35:42.433 INFO [main] org.apache.catalina.startup.HostConfig.deployDirectory Deployment of web application directory [E:\Krakedev\Modulo-3\apache-tomcat-9.0.82-windows-x64\apache-tomcat-9.0.82\webapps\ROOT] has finished in [145] ms
28-Nov-2023 23:35:42.438 INFO [main] org.apache.coyote.AbstractProtocol.start Starting ProtocolHandler ["http-nio-8080"]
28-Nov-2023 23:35:42.476 INFO [main] org.apache.catalina.startup.Catalina.start Server startup in [9662] milliseconds
28-Nov-2023 23:42:39.530 INFO [main] org.apache.catalina.startup.VersionLoggerListener.log Nombre de la versión del servidor: Apache Tomcat/9.0.82
28-Nov-2023 23:42:39.535 INFO [main] org.apache.catalina.startup.VersionLoggerListener.log Server built:                      Oct 11 2023 13:15:08 UTC
28-Nov-2023 23:42:39.536 INFO [main] org.apache.catalina.startup.VersionLoggerListener.log Número de versión de servidor:     9.0.82.0
28-Nov-2023 23:42:39.536 INFO [main] org.apache.catalina.startup.VersionLoggerListener.log OS Name:                           Windows 11
28-Nov-2023 23:42:39.536 INFO [main] org.apache.catalina.startup.VersionLoggerListener.log Versión de Systema Operativo:      10.0
28-Nov-2023 23:42:39.536 INFO [main] org.apache.catalina.startup.VersionLoggerListener.log Arquitectura:                      amd64
28-Nov-2023 23:42:39.536 INFO [main] org.apache.catalina.startup.VersionLoggerListener.log Java Home:                         C:\Program Files\Java\jdk-21
28-Nov-2023 23:42:39.537 INFO [main] org.apache.catalina.startup.VersionLoggerListener.log JVM Version:                       21.0.1+12-LTS-29
28-Nov-2023 23:42:39.537 INFO [main] org.apache.catalina.startup.VersionLoggerListener.log Vededor JVM:                       Oracle Corporation
28-Nov-2023 23:42:39.537 INFO [main] org.apache.catalina.startup.VersionLoggerListener.log CATALINA_BASE:                     E:\Krakedev\Modulo-3\apache-tomcat-9.0.82-windows-x64\apache-tomcat-9.0.82
28-Nov-2023 23:42:39.537 INFO [main] org.apache.catalina.startup.VersionLoggerListener.log CATALINA_HOME:                     E:\Krakedev\Modulo-3\apache-tomcat-9.0.82-windows-x64\apache-tomcat-9.0.82
28-Nov-2023 23:42:39.550 INFO [main] org.apache.catalina.startup.VersionLoggerListener.log Command line argument:             --add-opens=java.base/java.lang=ALL-UNNAMED
28-Nov-2023 23:42:39.550 INFO [main] org.apache.catalina.startup.VersionLoggerListener.log Command line argument:             --add-opens=java.base/java.io=ALL-UNNAMED
28-Nov-2023 23:42:39.550 INFO [main] org.apache.catalina.startup.VersionLoggerListener.log Command line argument:             --add-opens=java.base/java.util=ALL-UNNAMED
28-Nov-2023 23:42:39.550 INFO [main] org.apache.catalina.startup.VersionLoggerListener.log Command line argument:             --add-opens=java.base/java.util.concurrent=ALL-UNNAMED
28-Nov-2023 23:42:39.551 INFO [main] org.apache.catalina.startup.VersionLoggerListener.log Command line argument:             --add-opens=java.rmi/sun.rmi.transport=ALL-UNNAMED
28-Nov-2023 23:42:39.551 INFO [main] org.apache.catalina.startup.VersionLoggerListener.log Command line argument:             -Djava.util.logging.config.file=E:\Krakedev\Modulo-3\apache-tomcat-9.0.82-windows-x64\apache-tomcat-9.0.82\conf\logging.properties
28-Nov-2023 23:42:39.551 INFO [main] org.apache.catalina.startup.VersionLoggerListener.log Command line argument:             -Djava.util.logging.manager=org.apache.juli.ClassLoaderLogManager
28-Nov-2023 23:42:39.552 INFO [main] org.apache.catalina.startup.VersionLoggerListener.log Command line argument:             -Djdk.tls.ephemeralDHKeySize=2048
28-Nov-2023 23:42:39.552 INFO [main] org.apache.catalina.startup.VersionLoggerListener.log Command line argument:             -Djava.protocol.handler.pkgs=org.apache.catalina.webresources
28-Nov-2023 23:42:39.552 INFO [main] org.apache.catalina.startup.VersionLoggerListener.log Command line argument:             -Dignore.endorsed.dirs=
28-Nov-2023 23:42:39.552 INFO [main] org.apache.catalina.startup.VersionLoggerListener.log Command line argument:             -Dcatalina.base=E:\Krakedev\Modulo-3\apache-tomcat-9.0.82-windows-x64\apache-tomcat-9.0.82
28-Nov-2023 23:42:39.553 INFO [main] org.apache.catalina.startup.VersionLoggerListener.log Command line argument:             -Dcatalina.home=E:\Krakedev\Modulo-3\apache-tomcat-9.0.82-windows-x64\apache-tomcat-9.0.82
28-Nov-2023 23:42:39.553 INFO [main] org.apache.catalina.startup.VersionLoggerListener.log Command line argument:             -Djava.io.tmpdir=E:\Krakedev\Modulo-3\apache-tomcat-9.0.82-windows-x64\apache-tomcat-9.0.82\temp
28-Nov-2023 23:42:39.557 INFO [main] org.apache.catalina.core.AprLifecycleListener.lifecycleEvent Cargada la biblioteca nativa APR de Apache Tomcat [1.2.39] con la versión APR [1.7.4].
28-Nov-2023 23:42:39.557 INFO [main] org.apache.catalina.core.AprLifecycleListener.lifecycleEvent Capacidades APR: IPv6 [true], enviar fichero [true], aceptar filtros [false], aleatorio [true], UDS [true].
28-Nov-2023 23:42:39.557 INFO [main] org.apache.catalina.core.AprLifecycleListener.lifecycleEvent APR/OpenSSL configuration: useAprConnector [false], useOpenSSL [true]
28-Nov-2023 23:42:39.566 INFO [main] org.apache.catalina.core.AprLifecycleListener.initializeSSL OpenSSL inicializado correctamente [OpenSSL 3.0.11 19 Sep 2023]
28-Nov-2023 23:42:40.112 INFO [main] org.apache.coyote.AbstractProtocol.init Inicializando el manejador de protocolo ["http-nio-8080"]

28-Nov-2023 23:42:40.156 INFO [main] org.apache.catalina.startup.Catalina.load Server initialization in [952] milliseconds
28-Nov-2023 23:42:40.199 WARNING [main] java.util.ArrayList.forEach Name = ConexionInventario Property maxActive is not used in DBCP2, use maxTotal instead. maxTotal default value is 8. You have set value of "100" for "maxActive" property, which is being ignored.
28-Nov-2023 23:42:40.201 WARNING [main] java.util.ArrayList.forEach Name = ConexionInventario Property maxWait is not used in DBCP2 , use maxWaitMillis instead. maxWaitMillis default value is PT-0.001S. You have set value of "10000" for "maxWait" property, which is being ignored.
28-Nov-2023 23:42:40.202 INFO [main] java.util.ArrayList.forEach Name = ConexionInventario Ignoring unknown property: value of "jdbc/ConexionInventario" for "global" property
28-Nov-2023 23:42:40.245 WARNING [main] java.util.ArrayList.forEach Name = ConexionPG Property maxActive is not used in DBCP2, use maxTotal instead. maxTotal default value is 8. You have set value of "100" for "maxActive" property, which is being ignored.
28-Nov-2023 23:42:40.246 WARNING [main] java.util.ArrayList.forEach Name = ConexionPG Property maxWait is not used in DBCP2 , use maxWaitMillis instead. maxWaitMillis default value is PT-0.001S. You have set value of "10000" for "maxWait" property, which is being ignored.
28-Nov-2023 23:42:40.248 INFO [main] java.util.ArrayList.forEach Name = ConexionPG Ignoring unknown property: value of "jdbc/ConexionPG" for "global" property
28-Nov-2023 23:42:40.303 INFO [main] org.apache.catalina.core.StandardService.startInternal Arrancando servicio [Catalina]
28-Nov-2023 23:42:40.304 INFO [main] org.apache.catalina.core.StandardEngine.startInternal Starting Servlet engine: [Apache Tomcat/9.0.82]
28-Nov-2023 23:42:40.339 INFO [main] org.apache.catalina.startup.HostConfig.deployWAR Despliegue del archivo [E:\Krakedev\Modulo-3\apache-tomcat-9.0.82-windows-x64\apache-tomcat-9.0.82\webapps\ejemploweb.war] de la aplicación web
28-Nov-2023 23:42:42.482 INFO [main] org.apache.jasper.servlet.TldScanner.scanJars Al menos un JAR, que se ha explorado buscando TLDs, aún no contenía TLDs. Activar historial de depuración para este historiador para una completa lista de los JARs que fueron explorados y de los que nos se halló TLDs. Saltarse JARs no necesarios durante la exploración puede dar lugar a una mejora de tiempo significativa en el arranque y compilación de JSP .
28-Nov-2023 23:42:44.033 INFO [main] org.apache.catalina.startup.HostConfig.deployWAR Deployment of web application archive [E:\Krakedev\Modulo-3\apache-tomcat-9.0.82-windows-x64\apache-tomcat-9.0.82\webapps\ejemploweb.war] has finished in [3.693] ms
28-Nov-2023 23:42:44.036 INFO [main] org.apache.catalina.startup.HostConfig.deployWAR Despliegue del archivo [E:\Krakedev\Modulo-3\apache-tomcat-9.0.82-windows-x64\apache-tomcat-9.0.82\webapps\inventario.war] de la aplicación web
28-Nov-2023 23:42:45.639 INFO [main] org.apache.jasper.servlet.TldScanner.scanJars Al menos un JAR, que se ha explorado buscando TLDs, aún no contenía TLDs. Activar historial de depuración para este historiador para una completa lista de los JARs que fueron explorados y de los que nos se halló TLDs. Saltarse JARs no necesarios durante la exploración puede dar lugar a una mejora de tiempo significativa en el arranque y compilación de JSP .
28-Nov-2023 23:42:46.728 INFO [main] org.apache.catalina.startup.HostConfig.deployWAR Deployment of web application archive [E:\Krakedev\Modulo-3\apache-tomcat-9.0.82-windows-x64\apache-tomcat-9.0.82\webapps\inventario.war] has finished in [2.693] ms
28-Nov-2023 23:42:46.730 INFO [main] org.apache.catalina.startup.HostConfig.deployWAR Despliegue del archivo [E:\Krakedev\Modulo-3\apache-tomcat-9.0.82-windows-x64\apache-tomcat-9.0.82\webapps\inventarios-1.0.0.war] de la aplicación web
28-Nov-2023 23:42:46.734 INFO [main] org.apache.catalina.startup.ExpandWar.expand An expanded directory [E:\Krakedev\Modulo-3\apache-tomcat-9.0.82-windows-x64\apache-tomcat-9.0.82\webapps\inventarios-1.0.0] was found with a last modified time that did not match the associated WAR. It will be deleted.
28-Nov-2023 23:42:48.071 INFO [main] org.apache.jasper.servlet.TldScanner.scanJars Al menos un JAR, que se ha explorado buscando TLDs, aún no contenía TLDs. Activar historial de depuración para este historiador para una completa lista de los JARs que fueron explorados y de los que nos se halló TLDs. Saltarse JARs no necesarios durante la exploración puede dar lugar a una mejora de tiempo significativa en el arranque y compilación de JSP .
28-Nov-2023 23:42:48.092 INFO [main] org.apache.catalina.startup.HostConfig.deployWAR Deployment of web application archive [E:\Krakedev\Modulo-3\apache-tomcat-9.0.82-windows-x64\apache-tomcat-9.0.82\webapps\inventarios-1.0.0.war] has finished in [1.362] ms
28-Nov-2023 23:42:48.093 INFO [main] org.apache.catalina.startup.HostConfig.deployDirectory Desplegando el directorio [E:\Krakedev\Modulo-3\apache-tomcat-9.0.82-windows-x64\apache-tomcat-9.0.82\webapps\coffee] de la aplicación web
28-Nov-2023 23:42:48.255 INFO [main] org.apache.jasper.servlet.TldScanner.scanJars Al menos un JAR, que se ha explorado buscando TLDs, aún no contenía TLDs. Activar historial de depuración para este historiador para una completa lista de los JARs que fueron explorados y de los que nos se halló TLDs. Saltarse JARs no necesarios durante la exploración puede dar lugar a una mejora de tiempo significativa en el arranque y compilación de JSP .
28-Nov-2023 23:42:48.259 INFO [main] org.apache.catalina.startup.HostConfig.deployDirectory Deployment of web application directory [E:\Krakedev\Modulo-3\apache-tomcat-9.0.82-windows-x64\apache-tomcat-9.0.82\webapps\coffee] has finished in [166] ms
28-Nov-2023 23:42:48.260 INFO [main] org.apache.catalina.startup.HostConfig.deployDirectory Desplegando el directorio [E:\Krakedev\Modulo-3\apache-tomcat-9.0.82-windows-x64\apache-tomcat-9.0.82\webapps\docs] de la aplicación web
28-Nov-2023 23:42:48.424 INFO [main] org.apache.jasper.servlet.TldScanner.scanJars Al menos un JAR, que se ha explorado buscando TLDs, aún no contenía TLDs. Activar historial de depuración para este historiador para una completa lista de los JARs que fueron explorados y de los que nos se halló TLDs. Saltarse JARs no necesarios durante la exploración puede dar lugar a una mejora de tiempo significativa en el arranque y compilación de JSP .
28-Nov-2023 23:42:48.427 INFO [main] org.apache.catalina.startup.HostConfig.deployDirectory Deployment of web application directory [E:\Krakedev\Modulo-3\apache-tomcat-9.0.82-windows-x64\apache-tomcat-9.0.82\webapps\docs] has finished in [167] ms
28-Nov-2023 23:42:48.428 INFO [main] org.apache.catalina.startup.HostConfig.deployDirectory Desplegando el directorio [E:\Krakedev\Modulo-3\apache-tomcat-9.0.82-windows-x64\apache-tomcat-9.0.82\webapps\examples] de la aplicación web
28-Nov-2023 23:42:49.043 INFO [main] org.apache.jasper.servlet.TldScanner.scanJars Al menos un JAR, que se ha explorado buscando TLDs, aún no contenía TLDs. Activar historial de depuración para este historiador para una completa lista de los JARs que fueron explorados y de los que nos se halló TLDs. Saltarse JARs no necesarios durante la exploración puede dar lugar a una mejora de tiempo significativa en el arranque y compilación de JSP .
28-Nov-2023 23:42:49.127 INFO [main] org.apache.catalina.startup.HostConfig.deployDirectory Deployment of web application directory [E:\Krakedev\Modulo-3\apache-tomcat-9.0.82-windows-x64\apache-tomcat-9.0.82\webapps\examples] has finished in [699] ms
28-Nov-2023 23:42:49.128 INFO [main] org.apache.catalina.startup.HostConfig.deployDirectory Desplegando el directorio [E:\Krakedev\Modulo-3\apache-tomcat-9.0.82-windows-x64\apache-tomcat-9.0.82\webapps\host-manager] de la aplicación web
28-Nov-2023 23:42:49.325 INFO [main] org.apache.jasper.servlet.TldScanner.scanJars Al menos un JAR, que se ha explorado buscando TLDs, aún no contenía TLDs. Activar historial de depuración para este historiador para una completa lista de los JARs que fueron explorados y de los que nos se halló TLDs. Saltarse JARs no necesarios durante la exploración puede dar lugar a una mejora de tiempo significativa en el arranque y compilación de JSP .
28-Nov-2023 23:42:49.335 INFO [main] org.apache.catalina.startup.HostConfig.deployDirectory Deployment of web application directory [E:\Krakedev\Modulo-3\apache-tomcat-9.0.82-windows-x64\apache-tomcat-9.0.82\webapps\host-manager] has finished in [206] ms
28-Nov-2023 23:42:49.335 INFO [main] org.apache.catalina.startup.HostConfig.deployDirectory Desplegando el directorio [E:\Krakedev\Modulo-3\apache-tomcat-9.0.82-windows-x64\apache-tomcat-9.0.82\webapps\krakedev] de la aplicación web
28-Nov-2023 23:42:49.478 INFO [main] org.apache.jasper.servlet.TldScanner.scanJars Al menos un JAR, que se ha explorado buscando TLDs, aún no contenía TLDs. Activar historial de depuración para este historiador para una completa lista de los JARs que fueron explorados y de los que nos se halló TLDs. Saltarse JARs no necesarios durante la exploración puede dar lugar a una mejora de tiempo significativa en el arranque y compilación de JSP .
28-Nov-2023 23:42:49.481 INFO [main] org.apache.catalina.startup.HostConfig.deployDirectory Deployment of web application directory [E:\Krakedev\Modulo-3\apache-tomcat-9.0.82-windows-x64\apache-tomcat-9.0.82\webapps\krakedev] has finished in [146] ms
28-Nov-2023 23:42:49.482 INFO [main] org.apache.catalina.startup.HostConfig.deployDirectory Desplegando el directorio [E:\Krakedev\Modulo-3\apache-tomcat-9.0.82-windows-x64\apache-tomcat-9.0.82\webapps\manager] de la aplicación web
28-Nov-2023 23:42:49.665 INFO [main] org.apache.jasper.servlet.TldScanner.scanJars Al menos un JAR, que se ha explorado buscando TLDs, aún no contenía TLDs. Activar historial de depuración para este historiador para una completa lista de los JARs que fueron explorados y de los que nos se halló TLDs. Saltarse JARs no necesarios durante la exploración puede dar lugar a una mejora de tiempo significativa en el arranque y compilación de JSP .
28-Nov-2023 23:42:49.668 INFO [main] org.apache.catalina.startup.HostConfig.deployDirectory Deployment of web application directory [E:\Krakedev\Modulo-3\apache-tomcat-9.0.82-windows-x64\apache-tomcat-9.0.82\webapps\manager] has finished in [186] ms
28-Nov-2023 23:42:49.668 INFO [main] org.apache.catalina.startup.HostConfig.deployDirectory Desplegando el directorio [E:\Krakedev\Modulo-3\apache-tomcat-9.0.82-windows-x64\apache-tomcat-9.0.82\webapps\ROOT] de la aplicación web
28-Nov-2023 23:42:49.823 INFO [main] org.apache.jasper.servlet.TldScanner.scanJars Al menos un JAR, que se ha explorado buscando TLDs, aún no contenía TLDs. Activar historial de depuración para este historiador para una completa lista de los JARs que fueron explorados y de los que nos se halló TLDs. Saltarse JARs no necesarios durante la exploración puede dar lugar a una mejora de tiempo significativa en el arranque y compilación de JSP .
28-Nov-2023 23:42:49.827 INFO [main] org.apache.catalina.startup.HostConfig.deployDirectory Deployment of web application directory [E:\Krakedev\Modulo-3\apache-tomcat-9.0.82-windows-x64\apache-tomcat-9.0.82\webapps\ROOT] has finished in [159] ms
28-Nov-2023 23:42:49.834 INFO [main] org.apache.coyote.AbstractProtocol.start Starting ProtocolHandler ["http-nio-8080"]
28-Nov-2023 23:42:49.880 INFO [main] org.apache.catalina.startup.Catalina.start Server startup in [9722] milliseconds
28-Nov-2023 23:45:05.937 INFO [main] org.apache.catalina.startup.VersionLoggerListener.log Nombre de la versión del servidor: Apache Tomcat/9.0.82
28-Nov-2023 23:45:05.944 INFO [main] org.apache.catalina.startup.VersionLoggerListener.log Server built:                      Oct 11 2023 13:15:08 UTC
28-Nov-2023 23:45:05.944 INFO [main] org.apache.catalina.startup.VersionLoggerListener.log Número de versión de servidor:     9.0.82.0
28-Nov-2023 23:45:05.945 INFO [main] org.apache.catalina.startup.VersionLoggerListener.log OS Name:                           Windows 11
28-Nov-2023 23:45:05.945 INFO [main] org.apache.catalina.startup.VersionLoggerListener.log Versión de Systema Operativo:      10.0
28-Nov-2023 23:45:05.945 INFO [main] org.apache.catalina.startup.VersionLoggerListener.log Arquitectura:                      amd64
28-Nov-2023 23:45:05.946 INFO [main] org.apache.catalina.startup.VersionLoggerListener.log Java Home:                         C:\Program Files\Java\jdk-21
28-Nov-2023 23:45:05.946 INFO [main] org.apache.catalina.startup.VersionLoggerListener.log JVM Version:                       21.0.1+12-LTS-29
28-Nov-2023 23:45:05.946 INFO [main] org.apache.catalina.startup.VersionLoggerListener.log Vededor JVM:                       Oracle Corporation
28-Nov-2023 23:45:05.947 INFO [main] org.apache.catalina.startup.VersionLoggerListener.log CATALINA_BASE:                     E:\Krakedev\Modulo-3\apache-tomcat-9.0.82-windows-x64\apache-tomcat-9.0.82
28-Nov-2023 23:45:05.947 INFO [main] org.apache.catalina.startup.VersionLoggerListener.log CATALINA_HOME:                     E:\Krakedev\Modulo-3\apache-tomcat-9.0.82-windows-x64\apache-tomcat-9.0.82
28-Nov-2023 23:45:05.958 INFO [main] org.apache.catalina.startup.VersionLoggerListener.log Command line argument:             --add-opens=java.base/java.lang=ALL-UNNAMED
28-Nov-2023 23:45:05.959 INFO [main] org.apache.catalina.startup.VersionLoggerListener.log Command line argument:             --add-opens=java.base/java.io=ALL-UNNAMED
28-Nov-2023 23:45:05.959 INFO [main] org.apache.catalina.startup.VersionLoggerListener.log Command line argument:             --add-opens=java.base/java.util=ALL-UNNAMED
28-Nov-2023 23:45:05.959 INFO [main] org.apache.catalina.startup.VersionLoggerListener.log Command line argument:             --add-opens=java.base/java.util.concurrent=ALL-UNNAMED
28-Nov-2023 23:45:05.959 INFO [main] org.apache.catalina.startup.VersionLoggerListener.log Command line argument:             --add-opens=java.rmi/sun.rmi.transport=ALL-UNNAMED
28-Nov-2023 23:45:05.959 INFO [main] org.apache.catalina.startup.VersionLoggerListener.log Command line argument:             -Djava.util.logging.config.file=E:\Krakedev\Modulo-3\apache-tomcat-9.0.82-windows-x64\apache-tomcat-9.0.82\conf\logging.properties
28-Nov-2023 23:45:05.960 INFO [main] org.apache.catalina.startup.VersionLoggerListener.log Command line argument:             -Djava.util.logging.manager=org.apache.juli.ClassLoaderLogManager
28-Nov-2023 23:45:05.960 INFO [main] org.apache.catalina.startup.VersionLoggerListener.log Command line argument:             -Djdk.tls.ephemeralDHKeySize=2048
28-Nov-2023 23:45:05.961 INFO [main] org.apache.catalina.startup.VersionLoggerListener.log Command line argument:             -Djava.protocol.handler.pkgs=org.apache.catalina.webresources
28-Nov-2023 23:45:05.961 INFO [main] org.apache.catalina.startup.VersionLoggerListener.log Command line argument:             -Dignore.endorsed.dirs=
28-Nov-2023 23:45:05.961 INFO [main] org.apache.catalina.startup.VersionLoggerListener.log Command line argument:             -Dcatalina.base=E:\Krakedev\Modulo-3\apache-tomcat-9.0.82-windows-x64\apache-tomcat-9.0.82
28-Nov-2023 23:45:05.962 INFO [main] org.apache.catalina.startup.VersionLoggerListener.log Command line argument:             -Dcatalina.home=E:\Krakedev\Modulo-3\apache-tomcat-9.0.82-windows-x64\apache-tomcat-9.0.82
28-Nov-2023 23:45:05.962 INFO [main] org.apache.catalina.startup.VersionLoggerListener.log Command line argument:             -Djava.io.tmpdir=E:\Krakedev\Modulo-3\apache-tomcat-9.0.82-windows-x64\apache-tomcat-9.0.82\temp
28-Nov-2023 23:45:05.966 INFO [main] org.apache.catalina.core.AprLifecycleListener.lifecycleEvent Cargada la biblioteca nativa APR de Apache Tomcat [1.2.39] con la versión APR [1.7.4].
28-Nov-2023 23:45:05.966 INFO [main] org.apache.catalina.core.AprLifecycleListener.lifecycleEvent Capacidades APR: IPv6 [true], enviar fichero [true], aceptar filtros [false], aleatorio [true], UDS [true].
28-Nov-2023 23:45:05.967 INFO [main] org.apache.catalina.core.AprLifecycleListener.lifecycleEvent APR/OpenSSL configuration: useAprConnector [false], useOpenSSL [true]
28-Nov-2023 23:45:05.975 INFO [main] org.apache.catalina.core.AprLifecycleListener.initializeSSL OpenSSL inicializado correctamente [OpenSSL 3.0.11 19 Sep 2023]
28-Nov-2023 23:45:06.522 INFO [main] org.apache.coyote.AbstractProtocol.init Inicializando el manejador de protocolo ["http-nio-8080"]

28-Nov-2023 23:45:06.569 INFO [main] org.apache.catalina.startup.Catalina.load Server initialization in [955] milliseconds
28-Nov-2023 23:45:06.613 WARNING [main] java.util.ArrayList.forEach Name = ConexionInventario Property maxActive is not used in DBCP2, use maxTotal instead. maxTotal default value is 8. You have set value of "100" for "maxActive" property, which is being ignored.
28-Nov-2023 23:45:06.615 WARNING [main] java.util.ArrayList.forEach Name = ConexionInventario Property maxWait is not used in DBCP2 , use maxWaitMillis instead. maxWaitMillis default value is PT-0.001S. You have set value of "10000" for "maxWait" property, which is being ignored.
28-Nov-2023 23:45:06.617 INFO [main] java.util.ArrayList.forEach Name = ConexionInventario Ignoring unknown property: value of "jdbc/ConexionInventario" for "global" property
28-Nov-2023 23:45:06.674 WARNING [main] java.util.ArrayList.forEach Name = ConexionPG Property maxActive is not used in DBCP2, use maxTotal instead. maxTotal default value is 8. You have set value of "100" for "maxActive" property, which is being ignored.
28-Nov-2023 23:45:06.674 WARNING [main] java.util.ArrayList.forEach Name = ConexionPG Property maxWait is not used in DBCP2 , use maxWaitMillis instead. maxWaitMillis default value is PT-0.001S. You have set value of "10000" for "maxWait" property, which is being ignored.
28-Nov-2023 23:45:06.675 INFO [main] java.util.ArrayList.forEach Name = ConexionPG Ignoring unknown property: value of "jdbc/ConexionPG" for "global" property
28-Nov-2023 23:45:06.726 INFO [main] org.apache.catalina.core.StandardService.startInternal Arrancando servicio [Catalina]
28-Nov-2023 23:45:06.729 INFO [main] org.apache.catalina.core.StandardEngine.startInternal Starting Servlet engine: [Apache Tomcat/9.0.82]
28-Nov-2023 23:45:06.754 INFO [main] org.apache.catalina.startup.HostConfig.deployWAR Despliegue del archivo [E:\Krakedev\Modulo-3\apache-tomcat-9.0.82-windows-x64\apache-tomcat-9.0.82\webapps\ejemploweb.war] de la aplicación web
28-Nov-2023 23:45:08.957 INFO [main] org.apache.jasper.servlet.TldScanner.scanJars Al menos un JAR, que se ha explorado buscando TLDs, aún no contenía TLDs. Activar historial de depuración para este historiador para una completa lista de los JARs que fueron explorados y de los que nos se halló TLDs. Saltarse JARs no necesarios durante la exploración puede dar lugar a una mejora de tiempo significativa en el arranque y compilación de JSP .
28-Nov-2023 23:45:10.308 INFO [main] org.apache.catalina.startup.HostConfig.deployWAR Deployment of web application archive [E:\Krakedev\Modulo-3\apache-tomcat-9.0.82-windows-x64\apache-tomcat-9.0.82\webapps\ejemploweb.war] has finished in [3.553] ms
28-Nov-2023 23:45:10.311 INFO [main] org.apache.catalina.startup.HostConfig.deployWAR Despliegue del archivo [E:\Krakedev\Modulo-3\apache-tomcat-9.0.82-windows-x64\apache-tomcat-9.0.82\webapps\inventario.war] de la aplicación web
28-Nov-2023 23:45:11.620 INFO [main] org.apache.jasper.servlet.TldScanner.scanJars Al menos un JAR, que se ha explorado buscando TLDs, aún no contenía TLDs. Activar historial de depuración para este historiador para una completa lista de los JARs que fueron explorados y de los que nos se halló TLDs. Saltarse JARs no necesarios durante la exploración puede dar lugar a una mejora de tiempo significativa en el arranque y compilación de JSP .
28-Nov-2023 23:45:12.711 INFO [main] org.apache.catalina.startup.HostConfig.deployWAR Deployment of web application archive [E:\Krakedev\Modulo-3\apache-tomcat-9.0.82-windows-x64\apache-tomcat-9.0.82\webapps\inventario.war] has finished in [2.400] ms
28-Nov-2023 23:45:12.713 INFO [main] org.apache.catalina.startup.HostConfig.deployWAR Despliegue del archivo [E:\Krakedev\Modulo-3\apache-tomcat-9.0.82-windows-x64\apache-tomcat-9.0.82\webapps\inventarios-1.0.0.war] de la aplicación web
28-Nov-2023 23:45:12.717 INFO [main] org.apache.catalina.startup.ExpandWar.expand An expanded directory [E:\Krakedev\Modulo-3\apache-tomcat-9.0.82-windows-x64\apache-tomcat-9.0.82\webapps\inventarios-1.0.0] was found with a last modified time that did not match the associated WAR. It will be deleted.
28-Nov-2023 23:45:13.988 INFO [main] org.apache.jasper.servlet.TldScanner.scanJars Al menos un JAR, que se ha explorado buscando TLDs, aún no contenía TLDs. Activar historial de depuración para este historiador para una completa lista de los JARs que fueron explorados y de los que nos se halló TLDs. Saltarse JARs no necesarios durante la exploración puede dar lugar a una mejora de tiempo significativa en el arranque y compilación de JSP .
28-Nov-2023 23:45:14.011 INFO [main] org.apache.catalina.startup.HostConfig.deployWAR Deployment of web application archive [E:\Krakedev\Modulo-3\apache-tomcat-9.0.82-windows-x64\apache-tomcat-9.0.82\webapps\inventarios-1.0.0.war] has finished in [1.298] ms
28-Nov-2023 23:45:14.013 INFO [main] org.apache.catalina.startup.HostConfig.deployDirectory Desplegando el directorio [E:\Krakedev\Modulo-3\apache-tomcat-9.0.82-windows-x64\apache-tomcat-9.0.82\webapps\coffee] de la aplicación web
28-Nov-2023 23:45:14.172 INFO [main] org.apache.jasper.servlet.TldScanner.scanJars Al menos un JAR, que se ha explorado buscando TLDs, aún no contenía TLDs. Activar historial de depuración para este historiador para una completa lista de los JARs que fueron explorados y de los que nos se halló TLDs. Saltarse JARs no necesarios durante la exploración puede dar lugar a una mejora de tiempo significativa en el arranque y compilación de JSP .
28-Nov-2023 23:45:14.177 INFO [main] org.apache.catalina.startup.HostConfig.deployDirectory Deployment of web application directory [E:\Krakedev\Modulo-3\apache-tomcat-9.0.82-windows-x64\apache-tomcat-9.0.82\webapps\coffee] has finished in [164] ms
28-Nov-2023 23:45:14.178 INFO [main] org.apache.catalina.startup.HostConfig.deployDirectory Desplegando el directorio [E:\Krakedev\Modulo-3\apache-tomcat-9.0.82-windows-x64\apache-tomcat-9.0.82\webapps\docs] de la aplicación web
28-Nov-2023 23:45:14.348 INFO [main] org.apache.jasper.servlet.TldScanner.scanJars Al menos un JAR, que se ha explorado buscando TLDs, aún no contenía TLDs. Activar historial de depuración para este historiador para una completa lista de los JARs que fueron explorados y de los que nos se halló TLDs. Saltarse JARs no necesarios durante la exploración puede dar lugar a una mejora de tiempo significativa en el arranque y compilación de JSP .
28-Nov-2023 23:45:14.352 INFO [main] org.apache.catalina.startup.HostConfig.deployDirectory Deployment of web application directory [E:\Krakedev\Modulo-3\apache-tomcat-9.0.82-windows-x64\apache-tomcat-9.0.82\webapps\docs] has finished in [174] ms
28-Nov-2023 23:45:14.353 INFO [main] org.apache.catalina.startup.HostConfig.deployDirectory Desplegando el directorio [E:\Krakedev\Modulo-3\apache-tomcat-9.0.82-windows-x64\apache-tomcat-9.0.82\webapps\examples] de la aplicación web
28-Nov-2023 23:45:14.945 INFO [main] org.apache.jasper.servlet.TldScanner.scanJars Al menos un JAR, que se ha explorado buscando TLDs, aún no contenía TLDs. Activar historial de depuración para este historiador para una completa lista de los JARs que fueron explorados y de los que nos se halló TLDs. Saltarse JARs no necesarios durante la exploración puede dar lugar a una mejora de tiempo significativa en el arranque y compilación de JSP .
28-Nov-2023 23:45:15.017 INFO [main] org.apache.catalina.startup.HostConfig.deployDirectory Deployment of web application directory [E:\Krakedev\Modulo-3\apache-tomcat-9.0.82-windows-x64\apache-tomcat-9.0.82\webapps\examples] has finished in [664] ms
28-Nov-2023 23:45:15.018 INFO [main] org.apache.catalina.startup.HostConfig.deployDirectory Desplegando el directorio [E:\Krakedev\Modulo-3\apache-tomcat-9.0.82-windows-x64\apache-tomcat-9.0.82\webapps\host-manager] de la aplicación web
28-Nov-2023 23:45:15.197 INFO [main] org.apache.jasper.servlet.TldScanner.scanJars Al menos un JAR, que se ha explorado buscando TLDs, aún no contenía TLDs. Activar historial de depuración para este historiador para una completa lista de los JARs que fueron explorados y de los que nos se halló TLDs. Saltarse JARs no necesarios durante la exploración puede dar lugar a una mejora de tiempo significativa en el arranque y compilación de JSP .
28-Nov-2023 23:45:15.203 INFO [main] org.apache.catalina.startup.HostConfig.deployDirectory Deployment of web application directory [E:\Krakedev\Modulo-3\apache-tomcat-9.0.82-windows-x64\apache-tomcat-9.0.82\webapps\host-manager] has finished in [185] ms
28-Nov-2023 23:45:15.203 INFO [main] org.apache.catalina.startup.HostConfig.deployDirectory Desplegando el directorio [E:\Krakedev\Modulo-3\apache-tomcat-9.0.82-windows-x64\apache-tomcat-9.0.82\webapps\krakedev] de la aplicación web
28-Nov-2023 23:45:15.336 INFO [main] org.apache.jasper.servlet.TldScanner.scanJars Al menos un JAR, que se ha explorado buscando TLDs, aún no contenía TLDs. Activar historial de depuración para este historiador para una completa lista de los JARs que fueron explorados y de los que nos se halló TLDs. Saltarse JARs no necesarios durante la exploración puede dar lugar a una mejora de tiempo significativa en el arranque y compilación de JSP .
28-Nov-2023 23:45:15.339 INFO [main] org.apache.catalina.startup.HostConfig.deployDirectory Deployment of web application directory [E:\Krakedev\Modulo-3\apache-tomcat-9.0.82-windows-x64\apache-tomcat-9.0.82\webapps\krakedev] has finished in [136] ms
28-Nov-2023 23:45:15.340 INFO [main] org.apache.catalina.startup.HostConfig.deployDirectory Desplegando el directorio [E:\Krakedev\Modulo-3\apache-tomcat-9.0.82-windows-x64\apache-tomcat-9.0.82\webapps\manager] de la aplicación web
28-Nov-2023 23:45:15.546 INFO [main] org.apache.jasper.servlet.TldScanner.scanJars Al menos un JAR, que se ha explorado buscando TLDs, aún no contenía TLDs. Activar historial de depuración para este historiador para una completa lista de los JARs que fueron explorados y de los que nos se halló TLDs. Saltarse JARs no necesarios durante la exploración puede dar lugar a una mejora de tiempo significativa en el arranque y compilación de JSP .
28-Nov-2023 23:45:15.550 INFO [main] org.apache.catalina.startup.HostConfig.deployDirectory Deployment of web application directory [E:\Krakedev\Modulo-3\apache-tomcat-9.0.82-windows-x64\apache-tomcat-9.0.82\webapps\manager] has finished in [209] ms
28-Nov-2023 23:45:15.550 INFO [main] org.apache.catalina.startup.HostConfig.deployDirectory Desplegando el directorio [E:\Krakedev\Modulo-3\apache-tomcat-9.0.82-windows-x64\apache-tomcat-9.0.82\webapps\ROOT] de la aplicación web
28-Nov-2023 23:45:15.717 INFO [main] org.apache.jasper.servlet.TldScanner.scanJars Al menos un JAR, que se ha explorado buscando TLDs, aún no contenía TLDs. Activar historial de depuración para este historiador para una completa lista de los JARs que fueron explorados y de los que nos se halló TLDs. Saltarse JARs no necesarios durante la exploración puede dar lugar a una mejora de tiempo significativa en el arranque y compilación de JSP .
28-Nov-2023 23:45:15.717 INFO [main] org.apache.catalina.startup.HostConfig.deployDirectory Deployment of web application directory [E:\Krakedev\Modulo-3\apache-tomcat-9.0.82-windows-x64\apache-tomcat-9.0.82\webapps\ROOT] has finished in [167] ms
28-Nov-2023 23:45:15.717 INFO [main] org.apache.coyote.AbstractProtocol.start Starting ProtocolHandler ["http-nio-8080"]
28-Nov-2023 23:45:15.770 INFO [main] org.apache.catalina.startup.Catalina.start Server startup in [9198] milliseconds
