30-Nov-2023 08:14:18.803 INFO [Catalina-utility-2] org.apache.catalina.startup.HostConfig.undeploy Repliegue (undeploy) de la aplicación web que tiene como trayectoria de contexto [/inventarios-1.0.0]
30-Nov-2023 08:14:28.997 INFO [main] org.apache.catalina.startup.VersionLoggerListener.log Nombre de la versión del servidor: Apache Tomcat/9.0.82
30-Nov-2023 08:14:29.004 INFO [main] org.apache.catalina.startup.VersionLoggerListener.log Server built:                      Oct 11 2023 13:15:08 UTC
30-Nov-2023 08:14:29.004 INFO [main] org.apache.catalina.startup.VersionLoggerListener.log Número de versión de servidor:     9.0.82.0
30-Nov-2023 08:14:29.005 INFO [main] org.apache.catalina.startup.VersionLoggerListener.log OS Name:                           Windows 11
30-Nov-2023 08:14:29.006 INFO [main] org.apache.catalina.startup.VersionLoggerListener.log Versión de Systema Operativo:      10.0
30-Nov-2023 08:14:29.006 INFO [main] org.apache.catalina.startup.VersionLoggerListener.log Arquitectura:                      amd64
30-Nov-2023 08:14:29.006 INFO [main] org.apache.catalina.startup.VersionLoggerListener.log Java Home:                         C:\Program Files\Java\jdk-21
30-Nov-2023 08:14:29.006 INFO [main] org.apache.catalina.startup.VersionLoggerListener.log JVM Version:                       21.0.1+12-LTS-29
30-Nov-2023 08:14:29.007 INFO [main] org.apache.catalina.startup.VersionLoggerListener.log Vededor JVM:                       Oracle Corporation
30-Nov-2023 08:14:29.007 INFO [main] org.apache.catalina.startup.VersionLoggerListener.log CATALINA_BASE:                     E:\Krakedev\Modulo-3\apache-tomcat-9.0.82-windows-x64\apache-tomcat-9.0.82
30-Nov-2023 08:14:29.007 INFO [main] org.apache.catalina.startup.VersionLoggerListener.log CATALINA_HOME:                     E:\Krakedev\Modulo-3\apache-tomcat-9.0.82-windows-x64\apache-tomcat-9.0.82
30-Nov-2023 08:14:29.031 INFO [main] org.apache.catalina.startup.VersionLoggerListener.log Command line argument:             --add-opens=java.base/java.lang=ALL-UNNAMED
30-Nov-2023 08:14:29.032 INFO [main] org.apache.catalina.startup.VersionLoggerListener.log Command line argument:             --add-opens=java.base/java.io=ALL-UNNAMED
30-Nov-2023 08:14:29.032 INFO [main] org.apache.catalina.startup.VersionLoggerListener.log Command line argument:             --add-opens=java.base/java.util=ALL-UNNAMED
30-Nov-2023 08:14:29.032 INFO [main] org.apache.catalina.startup.VersionLoggerListener.log Command line argument:             --add-opens=java.base/java.util.concurrent=ALL-UNNAMED
30-Nov-2023 08:14:29.033 INFO [main] org.apache.catalina.startup.VersionLoggerListener.log Command line argument:             --add-opens=java.rmi/sun.rmi.transport=ALL-UNNAMED
30-Nov-2023 08:14:29.033 INFO [main] org.apache.catalina.startup.VersionLoggerListener.log Command line argument:             -Djava.util.logging.config.file=E:\Krakedev\Modulo-3\apache-tomcat-9.0.82-windows-x64\apache-tomcat-9.0.82\conf\logging.properties
30-Nov-2023 08:14:29.033 INFO [main] org.apache.catalina.startup.VersionLoggerListener.log Command line argument:             -Djava.util.logging.manager=org.apache.juli.ClassLoaderLogManager
30-Nov-2023 08:14:29.033 INFO [main] org.apache.catalina.startup.VersionLoggerListener.log Command line argument:             -Djdk.tls.ephemeralDHKeySize=2048
30-Nov-2023 08:14:29.034 INFO [main] org.apache.catalina.startup.VersionLoggerListener.log Command line argument:             -Djava.protocol.handler.pkgs=org.apache.catalina.webresources
30-Nov-2023 08:14:29.034 INFO [main] org.apache.catalina.startup.VersionLoggerListener.log Command line argument:             -Dignore.endorsed.dirs=
30-Nov-2023 08:14:29.034 INFO [main] org.apache.catalina.startup.VersionLoggerListener.log Command line argument:             -Dcatalina.base=E:\Krakedev\Modulo-3\apache-tomcat-9.0.82-windows-x64\apache-tomcat-9.0.82
30-Nov-2023 08:14:29.035 INFO [main] org.apache.catalina.startup.VersionLoggerListener.log Command line argument:             -Dcatalina.home=E:\Krakedev\Modulo-3\apache-tomcat-9.0.82-windows-x64\apache-tomcat-9.0.82
30-Nov-2023 08:14:29.035 INFO [main] org.apache.catalina.startup.VersionLoggerListener.log Command line argument:             -Djava.io.tmpdir=E:\Krakedev\Modulo-3\apache-tomcat-9.0.82-windows-x64\apache-tomcat-9.0.82\temp
30-Nov-2023 08:14:29.074 INFO [main] org.apache.catalina.core.AprLifecycleListener.lifecycleEvent Cargada la biblioteca nativa APR de Apache Tomcat [1.2.39] con la versión APR [1.7.4].
30-Nov-2023 08:14:29.075 INFO [main] org.apache.catalina.core.AprLifecycleListener.lifecycleEvent Capacidades APR: IPv6 [true], enviar fichero [true], aceptar filtros [false], aleatorio [true], UDS [true].
30-Nov-2023 08:14:29.076 INFO [main] org.apache.catalina.core.AprLifecycleListener.lifecycleEvent APR/OpenSSL configuration: useAprConnector [false], useOpenSSL [true]
30-Nov-2023 08:14:29.095 INFO [main] org.apache.catalina.core.AprLifecycleListener.initializeSSL OpenSSL inicializado correctamente [OpenSSL 3.0.11 19 Sep 2023]
30-Nov-2023 08:14:29.755 INFO [main] org.apache.coyote.AbstractProtocol.init Inicializando el manejador de protocolo ["http-nio-8080"]

30-Nov-2023 08:14:29.821 INFO [main] org.apache.catalina.startup.Catalina.load Server initialization in [1362] milliseconds
30-Nov-2023 08:14:29.884 WARNING [main] java.util.ArrayList.forEach Name = ConexionInventario Property maxActive is not used in DBCP2, use maxTotal instead. maxTotal default value is 8. You have set value of "100" for "maxActive" property, which is being ignored.
30-Nov-2023 08:14:29.884 WARNING [main] java.util.ArrayList.forEach Name = ConexionInventario Property maxWait is not used in DBCP2 , use maxWaitMillis instead. maxWaitMillis default value is PT-0.001S. You have set value of "10000" for "maxWait" property, which is being ignored.
30-Nov-2023 08:14:29.885 INFO [main] java.util.ArrayList.forEach Name = ConexionInventario Ignoring unknown property: value of "jdbc/ConexionInventario" for "global" property
30-Nov-2023 08:14:29.939 WARNING [main] java.util.ArrayList.forEach Name = ConexionPG Property maxActive is not used in DBCP2, use maxTotal instead. maxTotal default value is 8. You have set value of "100" for "maxActive" property, which is being ignored.
30-Nov-2023 08:14:29.940 WARNING [main] java.util.ArrayList.forEach Name = ConexionPG Property maxWait is not used in DBCP2 , use maxWaitMillis instead. maxWaitMillis default value is PT-0.001S. You have set value of "10000" for "maxWait" property, which is being ignored.
30-Nov-2023 08:14:29.940 INFO [main] java.util.ArrayList.forEach Name = ConexionPG Ignoring unknown property: value of "jdbc/ConexionPG" for "global" property
30-Nov-2023 08:14:30.002 INFO [main] org.apache.catalina.core.StandardService.startInternal Arrancando servicio [Catalina]
30-Nov-2023 08:14:30.003 INFO [main] org.apache.catalina.core.StandardEngine.startInternal Starting Servlet engine: [Apache Tomcat/9.0.82]
30-Nov-2023 08:14:30.041 INFO [main] org.apache.catalina.startup.HostConfig.deployWAR Despliegue del archivo [E:\Krakedev\Modulo-3\apache-tomcat-9.0.82-windows-x64\apache-tomcat-9.0.82\webapps\ejemploweb.war] de la aplicación web
30-Nov-2023 08:14:36.483 INFO [main] org.apache.jasper.servlet.TldScanner.scanJars Al menos un JAR, que se ha explorado buscando TLDs, aún no contenía TLDs. Activar historial de depuración para este historiador para una completa lista de los JARs que fueron explorados y de los que nos se halló TLDs. Saltarse JARs no necesarios durante la exploración puede dar lugar a una mejora de tiempo significativa en el arranque y compilación de JSP .
30-Nov-2023 08:14:38.174 INFO [main] org.apache.catalina.startup.HostConfig.deployWAR Deployment of web application archive [E:\Krakedev\Modulo-3\apache-tomcat-9.0.82-windows-x64\apache-tomcat-9.0.82\webapps\ejemploweb.war] has finished in [8.132] ms
30-Nov-2023 08:14:38.179 INFO [main] org.apache.catalina.startup.HostConfig.deployWAR Despliegue del archivo [E:\Krakedev\Modulo-3\apache-tomcat-9.0.82-windows-x64\apache-tomcat-9.0.82\webapps\inventario.war] de la aplicación web
30-Nov-2023 08:14:44.084 INFO [main] org.apache.jasper.servlet.TldScanner.scanJars Al menos un JAR, que se ha explorado buscando TLDs, aún no contenía TLDs. Activar historial de depuración para este historiador para una completa lista de los JARs que fueron explorados y de los que nos se halló TLDs. Saltarse JARs no necesarios durante la exploración puede dar lugar a una mejora de tiempo significativa en el arranque y compilación de JSP .
30-Nov-2023 08:14:45.723 INFO [main] org.apache.catalina.startup.HostConfig.deployWAR Deployment of web application archive [E:\Krakedev\Modulo-3\apache-tomcat-9.0.82-windows-x64\apache-tomcat-9.0.82\webapps\inventario.war] has finished in [7.544] ms
30-Nov-2023 08:14:45.725 INFO [main] org.apache.catalina.startup.HostConfig.deployWAR Despliegue del archivo [E:\Krakedev\Modulo-3\apache-tomcat-9.0.82-windows-x64\apache-tomcat-9.0.82\webapps\inventarios-1.0.0.war] de la aplicación web
30-Nov-2023 08:14:45.729 INFO [main] org.apache.catalina.startup.ExpandWar.expand An expanded directory [E:\Krakedev\Modulo-3\apache-tomcat-9.0.82-windows-x64\apache-tomcat-9.0.82\webapps\inventarios-1.0.0] was found with a last modified time that did not match the associated WAR. It will be deleted.
30-Nov-2023 08:14:50.595 INFO [main] org.apache.jasper.servlet.TldScanner.scanJars Al menos un JAR, que se ha explorado buscando TLDs, aún no contenía TLDs. Activar historial de depuración para este historiador para una completa lista de los JARs que fueron explorados y de los que nos se halló TLDs. Saltarse JARs no necesarios durante la exploración puede dar lugar a una mejora de tiempo significativa en el arranque y compilación de JSP .
30-Nov-2023 08:14:50.621 INFO [main] org.apache.catalina.startup.HostConfig.deployWAR Deployment of web application archive [E:\Krakedev\Modulo-3\apache-tomcat-9.0.82-windows-x64\apache-tomcat-9.0.82\webapps\inventarios-1.0.0.war] has finished in [4.896] ms
30-Nov-2023 08:14:50.623 INFO [main] org.apache.catalina.startup.HostConfig.deployDirectory Desplegando el directorio [E:\Krakedev\Modulo-3\apache-tomcat-9.0.82-windows-x64\apache-tomcat-9.0.82\webapps\coffee] de la aplicación web
30-Nov-2023 08:14:50.795 INFO [main] org.apache.jasper.servlet.TldScanner.scanJars Al menos un JAR, que se ha explorado buscando TLDs, aún no contenía TLDs. Activar historial de depuración para este historiador para una completa lista de los JARs que fueron explorados y de los que nos se halló TLDs. Saltarse JARs no necesarios durante la exploración puede dar lugar a una mejora de tiempo significativa en el arranque y compilación de JSP .
30-Nov-2023 08:14:50.800 INFO [main] org.apache.catalina.startup.HostConfig.deployDirectory Deployment of web application directory [E:\Krakedev\Modulo-3\apache-tomcat-9.0.82-windows-x64\apache-tomcat-9.0.82\webapps\coffee] has finished in [177] ms
30-Nov-2023 08:14:50.800 INFO [main] org.apache.catalina.startup.HostConfig.deployDirectory Desplegando el directorio [E:\Krakedev\Modulo-3\apache-tomcat-9.0.82-windows-x64\apache-tomcat-9.0.82\webapps\docs] de la aplicación web
30-Nov-2023 08:14:50.973 INFO [main] org.apache.jasper.servlet.TldScanner.scanJars Al menos un JAR, que se ha explorado buscando TLDs, aún no contenía TLDs. Activar historial de depuración para este historiador para una completa lista de los JARs que fueron explorados y de los que nos se halló TLDs. Saltarse JARs no necesarios durante la exploración puede dar lugar a una mejora de tiempo significativa en el arranque y compilación de JSP .
30-Nov-2023 08:14:50.976 INFO [main] org.apache.catalina.startup.HostConfig.deployDirectory Deployment of web application directory [E:\Krakedev\Modulo-3\apache-tomcat-9.0.82-windows-x64\apache-tomcat-9.0.82\webapps\docs] has finished in [176] ms
30-Nov-2023 08:14:50.977 INFO [main] org.apache.catalina.startup.HostConfig.deployDirectory Desplegando el directorio [E:\Krakedev\Modulo-3\apache-tomcat-9.0.82-windows-x64\apache-tomcat-9.0.82\webapps\examples] de la aplicación web
30-Nov-2023 08:14:51.731 INFO [main] org.apache.jasper.servlet.TldScanner.scanJars Al menos un JAR, que se ha explorado buscando TLDs, aún no contenía TLDs. Activar historial de depuración para este historiador para una completa lista de los JARs que fueron explorados y de los que nos se halló TLDs. Saltarse JARs no necesarios durante la exploración puede dar lugar a una mejora de tiempo significativa en el arranque y compilación de JSP .
30-Nov-2023 08:14:51.852 INFO [main] org.apache.catalina.startup.HostConfig.deployDirectory Deployment of web application directory [E:\Krakedev\Modulo-3\apache-tomcat-9.0.82-windows-x64\apache-tomcat-9.0.82\webapps\examples] has finished in [875] ms
30-Nov-2023 08:14:51.853 INFO [main] org.apache.catalina.startup.HostConfig.deployDirectory Desplegando el directorio [E:\Krakedev\Modulo-3\apache-tomcat-9.0.82-windows-x64\apache-tomcat-9.0.82\webapps\host-manager] de la aplicación web
30-Nov-2023 08:14:52.060 INFO [main] org.apache.jasper.servlet.TldScanner.scanJars Al menos un JAR, que se ha explorado buscando TLDs, aún no contenía TLDs. Activar historial de depuración para este historiador para una completa lista de los JARs que fueron explorados y de los que nos se halló TLDs. Saltarse JARs no necesarios durante la exploración puede dar lugar a una mejora de tiempo significativa en el arranque y compilación de JSP .
30-Nov-2023 08:14:52.070 INFO [main] org.apache.catalina.startup.HostConfig.deployDirectory Deployment of web application directory [E:\Krakedev\Modulo-3\apache-tomcat-9.0.82-windows-x64\apache-tomcat-9.0.82\webapps\host-manager] has finished in [217] ms
30-Nov-2023 08:14:52.071 INFO [main] org.apache.catalina.startup.HostConfig.deployDirectory Desplegando el directorio [E:\Krakedev\Modulo-3\apache-tomcat-9.0.82-windows-x64\apache-tomcat-9.0.82\webapps\krakedev] de la aplicación web
30-Nov-2023 08:14:52.217 INFO [main] org.apache.jasper.servlet.TldScanner.scanJars Al menos un JAR, que se ha explorado buscando TLDs, aún no contenía TLDs. Activar historial de depuración para este historiador para una completa lista de los JARs que fueron explorados y de los que nos se halló TLDs. Saltarse JARs no necesarios durante la exploración puede dar lugar a una mejora de tiempo significativa en el arranque y compilación de JSP .
30-Nov-2023 08:14:52.221 INFO [main] org.apache.catalina.startup.HostConfig.deployDirectory Deployment of web application directory [E:\Krakedev\Modulo-3\apache-tomcat-9.0.82-windows-x64\apache-tomcat-9.0.82\webapps\krakedev] has finished in [151] ms
30-Nov-2023 08:14:52.222 INFO [main] org.apache.catalina.startup.HostConfig.deployDirectory Desplegando el directorio [E:\Krakedev\Modulo-3\apache-tomcat-9.0.82-windows-x64\apache-tomcat-9.0.82\webapps\manager] de la aplicación web
30-Nov-2023 08:14:52.465 INFO [main] org.apache.jasper.servlet.TldScanner.scanJars Al menos un JAR, que se ha explorado buscando TLDs, aún no contenía TLDs. Activar historial de depuración para este historiador para una completa lista de los JARs que fueron explorados y de los que nos se halló TLDs. Saltarse JARs no necesarios durante la exploración puede dar lugar a una mejora de tiempo significativa en el arranque y compilación de JSP .
30-Nov-2023 08:14:52.469 INFO [main] org.apache.catalina.startup.HostConfig.deployDirectory Deployment of web application directory [E:\Krakedev\Modulo-3\apache-tomcat-9.0.82-windows-x64\apache-tomcat-9.0.82\webapps\manager] has finished in [247] ms
30-Nov-2023 08:14:52.470 INFO [main] org.apache.catalina.startup.HostConfig.deployDirectory Desplegando el directorio [E:\Krakedev\Modulo-3\apache-tomcat-9.0.82-windows-x64\apache-tomcat-9.0.82\webapps\ROOT] de la aplicación web
30-Nov-2023 08:14:52.629 INFO [main] org.apache.jasper.servlet.TldScanner.scanJars Al menos un JAR, que se ha explorado buscando TLDs, aún no contenía TLDs. Activar historial de depuración para este historiador para una completa lista de los JARs que fueron explorados y de los que nos se halló TLDs. Saltarse JARs no necesarios durante la exploración puede dar lugar a una mejora de tiempo significativa en el arranque y compilación de JSP .
30-Nov-2023 08:14:52.632 INFO [main] org.apache.catalina.startup.HostConfig.deployDirectory Deployment of web application directory [E:\Krakedev\Modulo-3\apache-tomcat-9.0.82-windows-x64\apache-tomcat-9.0.82\webapps\ROOT] has finished in [162] ms
30-Nov-2023 08:14:52.638 INFO [main] org.apache.coyote.AbstractProtocol.start Starting ProtocolHandler ["http-nio-8080"]
30-Nov-2023 08:14:52.684 INFO [main] org.apache.catalina.startup.Catalina.start Server startup in [22855] milliseconds
30-Nov-2023 14:55:22.377 INFO [Catalina-utility-1] org.apache.catalina.startup.HostConfig.undeploy Repliegue (undeploy) de la aplicación web que tiene como trayectoria de contexto [/inventarios-1.0.0]
30-Nov-2023 14:55:37.090 INFO [main] org.apache.catalina.startup.VersionLoggerListener.log Nombre de la versión del servidor: Apache Tomcat/9.0.82
30-Nov-2023 14:55:37.099 INFO [main] org.apache.catalina.startup.VersionLoggerListener.log Server built:                      Oct 11 2023 13:15:08 UTC
30-Nov-2023 14:55:37.099 INFO [main] org.apache.catalina.startup.VersionLoggerListener.log Número de versión de servidor:     9.0.82.0
30-Nov-2023 14:55:37.099 INFO [main] org.apache.catalina.startup.VersionLoggerListener.log OS Name:                           Windows 11
30-Nov-2023 14:55:37.100 INFO [main] org.apache.catalina.startup.VersionLoggerListener.log Versión de Systema Operativo:      10.0
30-Nov-2023 14:55:37.100 INFO [main] org.apache.catalina.startup.VersionLoggerListener.log Arquitectura:                      amd64
30-Nov-2023 14:55:37.100 INFO [main] org.apache.catalina.startup.VersionLoggerListener.log Java Home:                         C:\Program Files\Java\jdk-21
30-Nov-2023 14:55:37.100 INFO [main] org.apache.catalina.startup.VersionLoggerListener.log JVM Version:                       21.0.1+12-LTS-29
30-Nov-2023 14:55:37.100 INFO [main] org.apache.catalina.startup.VersionLoggerListener.log Vededor JVM:                       Oracle Corporation
30-Nov-2023 14:55:37.101 INFO [main] org.apache.catalina.startup.VersionLoggerListener.log CATALINA_BASE:                     E:\Krakedev\Modulo-3\apache-tomcat-9.0.82-windows-x64\apache-tomcat-9.0.82
30-Nov-2023 14:55:37.101 INFO [main] org.apache.catalina.startup.VersionLoggerListener.log CATALINA_HOME:                     E:\Krakedev\Modulo-3\apache-tomcat-9.0.82-windows-x64\apache-tomcat-9.0.82
30-Nov-2023 14:55:37.126 INFO [main] org.apache.catalina.startup.VersionLoggerListener.log Command line argument:             --add-opens=java.base/java.lang=ALL-UNNAMED
30-Nov-2023 14:55:37.127 INFO [main] org.apache.catalina.startup.VersionLoggerListener.log Command line argument:             --add-opens=java.base/java.io=ALL-UNNAMED
30-Nov-2023 14:55:37.127 INFO [main] org.apache.catalina.startup.VersionLoggerListener.log Command line argument:             --add-opens=java.base/java.util=ALL-UNNAMED
30-Nov-2023 14:55:37.127 INFO [main] org.apache.catalina.startup.VersionLoggerListener.log Command line argument:             --add-opens=java.base/java.util.concurrent=ALL-UNNAMED
30-Nov-2023 14:55:37.127 INFO [main] org.apache.catalina.startup.VersionLoggerListener.log Command line argument:             --add-opens=java.rmi/sun.rmi.transport=ALL-UNNAMED
30-Nov-2023 14:55:37.128 INFO [main] org.apache.catalina.startup.VersionLoggerListener.log Command line argument:             -Djava.util.logging.config.file=E:\Krakedev\Modulo-3\apache-tomcat-9.0.82-windows-x64\apache-tomcat-9.0.82\conf\logging.properties
30-Nov-2023 14:55:37.128 INFO [main] org.apache.catalina.startup.VersionLoggerListener.log Command line argument:             -Djava.util.logging.manager=org.apache.juli.ClassLoaderLogManager
30-Nov-2023 14:55:37.128 INFO [main] org.apache.catalina.startup.VersionLoggerListener.log Command line argument:             -Djdk.tls.ephemeralDHKeySize=2048
30-Nov-2023 14:55:37.129 INFO [main] org.apache.catalina.startup.VersionLoggerListener.log Command line argument:             -Djava.protocol.handler.pkgs=org.apache.catalina.webresources
30-Nov-2023 14:55:37.129 INFO [main] org.apache.catalina.startup.VersionLoggerListener.log Command line argument:             -Dignore.endorsed.dirs=
30-Nov-2023 14:55:37.129 INFO [main] org.apache.catalina.startup.VersionLoggerListener.log Command line argument:             -Dcatalina.base=E:\Krakedev\Modulo-3\apache-tomcat-9.0.82-windows-x64\apache-tomcat-9.0.82
30-Nov-2023 14:55:37.130 INFO [main] org.apache.catalina.startup.VersionLoggerListener.log Command line argument:             -Dcatalina.home=E:\Krakedev\Modulo-3\apache-tomcat-9.0.82-windows-x64\apache-tomcat-9.0.82
30-Nov-2023 14:55:37.130 INFO [main] org.apache.catalina.startup.VersionLoggerListener.log Command line argument:             -Djava.io.tmpdir=E:\Krakedev\Modulo-3\apache-tomcat-9.0.82-windows-x64\apache-tomcat-9.0.82\temp
30-Nov-2023 14:55:37.164 INFO [main] org.apache.catalina.core.AprLifecycleListener.lifecycleEvent Cargada la biblioteca nativa APR de Apache Tomcat [1.2.39] con la versión APR [1.7.4].
30-Nov-2023 14:55:37.164 INFO [main] org.apache.catalina.core.AprLifecycleListener.lifecycleEvent Capacidades APR: IPv6 [true], enviar fichero [true], aceptar filtros [false], aleatorio [true], UDS [true].
30-Nov-2023 14:55:37.164 INFO [main] org.apache.catalina.core.AprLifecycleListener.lifecycleEvent APR/OpenSSL configuration: useAprConnector [false], useOpenSSL [true]
30-Nov-2023 14:55:37.196 INFO [main] org.apache.catalina.core.AprLifecycleListener.initializeSSL OpenSSL inicializado correctamente [OpenSSL 3.0.11 19 Sep 2023]
30-Nov-2023 14:55:38.265 INFO [main] org.apache.coyote.AbstractProtocol.init Inicializando el manejador de protocolo ["http-nio-8080"]

30-Nov-2023 14:55:38.332 INFO [main] org.apache.catalina.startup.Catalina.load Server initialization in [1740] milliseconds
30-Nov-2023 14:55:38.377 WARNING [main] java.util.ArrayList.forEach Name = ConexionInventario Property maxActive is not used in DBCP2, use maxTotal instead. maxTotal default value is 8. You have set value of "100" for "maxActive" property, which is being ignored.
30-Nov-2023 14:55:38.379 WARNING [main] java.util.ArrayList.forEach Name = ConexionInventario Property maxWait is not used in DBCP2 , use maxWaitMillis instead. maxWaitMillis default value is PT-0.001S. You have set value of "10000" for "maxWait" property, which is being ignored.
30-Nov-2023 14:55:38.380 INFO [main] java.util.ArrayList.forEach Name = ConexionInventario Ignoring unknown property: value of "jdbc/ConexionInventario" for "global" property
30-Nov-2023 14:55:38.427 WARNING [main] java.util.ArrayList.forEach Name = ConexionPG Property maxActive is not used in DBCP2, use maxTotal instead. maxTotal default value is 8. You have set value of "100" for "maxActive" property, which is being ignored.
30-Nov-2023 14:55:38.428 WARNING [main] java.util.ArrayList.forEach Name = ConexionPG Property maxWait is not used in DBCP2 , use maxWaitMillis instead. maxWaitMillis default value is PT-0.001S. You have set value of "10000" for "maxWait" property, which is being ignored.
30-Nov-2023 14:55:38.428 INFO [main] java.util.ArrayList.forEach Name = ConexionPG Ignoring unknown property: value of "jdbc/ConexionPG" for "global" property
30-Nov-2023 14:55:38.493 INFO [main] org.apache.catalina.core.StandardService.startInternal Arrancando servicio [Catalina]
30-Nov-2023 14:55:38.494 INFO [main] org.apache.catalina.core.StandardEngine.startInternal Starting Servlet engine: [Apache Tomcat/9.0.82]
30-Nov-2023 14:55:38.529 INFO [main] org.apache.catalina.startup.HostConfig.deployWAR Despliegue del archivo [E:\Krakedev\Modulo-3\apache-tomcat-9.0.82-windows-x64\apache-tomcat-9.0.82\webapps\ejemploweb.war] de la aplicación web
30-Nov-2023 14:55:44.880 INFO [main] org.apache.jasper.servlet.TldScanner.scanJars Al menos un JAR, que se ha explorado buscando TLDs, aún no contenía TLDs. Activar historial de depuración para este historiador para una completa lista de los JARs que fueron explorados y de los que nos se halló TLDs. Saltarse JARs no necesarios durante la exploración puede dar lugar a una mejora de tiempo significativa en el arranque y compilación de JSP .
30-Nov-2023 14:55:46.955 INFO [main] org.apache.catalina.startup.HostConfig.deployWAR Deployment of web application archive [E:\Krakedev\Modulo-3\apache-tomcat-9.0.82-windows-x64\apache-tomcat-9.0.82\webapps\ejemploweb.war] has finished in [8.424] ms
30-Nov-2023 14:55:46.960 INFO [main] org.apache.catalina.startup.HostConfig.deployWAR Despliegue del archivo [E:\Krakedev\Modulo-3\apache-tomcat-9.0.82-windows-x64\apache-tomcat-9.0.82\webapps\inventario.war] de la aplicación web
30-Nov-2023 14:55:52.408 INFO [main] org.apache.jasper.servlet.TldScanner.scanJars Al menos un JAR, que se ha explorado buscando TLDs, aún no contenía TLDs. Activar historial de depuración para este historiador para una completa lista de los JARs que fueron explorados y de los que nos se halló TLDs. Saltarse JARs no necesarios durante la exploración puede dar lugar a una mejora de tiempo significativa en el arranque y compilación de JSP .
30-Nov-2023 14:55:54.290 INFO [main] org.apache.catalina.startup.HostConfig.deployWAR Deployment of web application archive [E:\Krakedev\Modulo-3\apache-tomcat-9.0.82-windows-x64\apache-tomcat-9.0.82\webapps\inventario.war] has finished in [7.331] ms
30-Nov-2023 14:55:54.292 INFO [main] org.apache.catalina.startup.HostConfig.deployWAR Despliegue del archivo [E:\Krakedev\Modulo-3\apache-tomcat-9.0.82-windows-x64\apache-tomcat-9.0.82\webapps\inventarios-1.0.0.war] de la aplicación web
30-Nov-2023 14:55:54.296 INFO [main] org.apache.catalina.startup.ExpandWar.expand An expanded directory [E:\Krakedev\Modulo-3\apache-tomcat-9.0.82-windows-x64\apache-tomcat-9.0.82\webapps\inventarios-1.0.0] was found with a last modified time that did not match the associated WAR. It will be deleted.
30-Nov-2023 14:56:01.193 INFO [main] org.apache.jasper.servlet.TldScanner.scanJars Al menos un JAR, que se ha explorado buscando TLDs, aún no contenía TLDs. Activar historial de depuración para este historiador para una completa lista de los JARs que fueron explorados y de los que nos se halló TLDs. Saltarse JARs no necesarios durante la exploración puede dar lugar a una mejora de tiempo significativa en el arranque y compilación de JSP .
30-Nov-2023 14:56:01.222 INFO [main] org.apache.catalina.startup.HostConfig.deployWAR Deployment of web application archive [E:\Krakedev\Modulo-3\apache-tomcat-9.0.82-windows-x64\apache-tomcat-9.0.82\webapps\inventarios-1.0.0.war] has finished in [6.930] ms
30-Nov-2023 14:56:01.223 INFO [main] org.apache.catalina.startup.HostConfig.deployDirectory Desplegando el directorio [E:\Krakedev\Modulo-3\apache-tomcat-9.0.82-windows-x64\apache-tomcat-9.0.82\webapps\coffee] de la aplicación web
30-Nov-2023 14:56:01.393 INFO [main] org.apache.jasper.servlet.TldScanner.scanJars Al menos un JAR, que se ha explorado buscando TLDs, aún no contenía TLDs. Activar historial de depuración para este historiador para una completa lista de los JARs que fueron explorados y de los que nos se halló TLDs. Saltarse JARs no necesarios durante la exploración puede dar lugar a una mejora de tiempo significativa en el arranque y compilación de JSP .
30-Nov-2023 14:56:01.402 INFO [main] org.apache.catalina.startup.HostConfig.deployDirectory Deployment of web application directory [E:\Krakedev\Modulo-3\apache-tomcat-9.0.82-windows-x64\apache-tomcat-9.0.82\webapps\coffee] has finished in [179] ms
30-Nov-2023 14:56:01.403 INFO [main] org.apache.catalina.startup.HostConfig.deployDirectory Desplegando el directorio [E:\Krakedev\Modulo-3\apache-tomcat-9.0.82-windows-x64\apache-tomcat-9.0.82\webapps\docs] de la aplicación web
30-Nov-2023 14:56:01.579 INFO [main] org.apache.jasper.servlet.TldScanner.scanJars Al menos un JAR, que se ha explorado buscando TLDs, aún no contenía TLDs. Activar historial de depuración para este historiador para una completa lista de los JARs que fueron explorados y de los que nos se halló TLDs. Saltarse JARs no necesarios durante la exploración puede dar lugar a una mejora de tiempo significativa en el arranque y compilación de JSP .
30-Nov-2023 14:56:01.591 INFO [main] org.apache.catalina.startup.HostConfig.deployDirectory Deployment of web application directory [E:\Krakedev\Modulo-3\apache-tomcat-9.0.82-windows-x64\apache-tomcat-9.0.82\webapps\docs] has finished in [187] ms
30-Nov-2023 14:56:01.592 INFO [main] org.apache.catalina.startup.HostConfig.deployDirectory Desplegando el directorio [E:\Krakedev\Modulo-3\apache-tomcat-9.0.82-windows-x64\apache-tomcat-9.0.82\webapps\examples] de la aplicación web
30-Nov-2023 14:56:02.517 INFO [main] org.apache.jasper.servlet.TldScanner.scanJars Al menos un JAR, que se ha explorado buscando TLDs, aún no contenía TLDs. Activar historial de depuración para este historiador para una completa lista de los JARs que fueron explorados y de los que nos se halló TLDs. Saltarse JARs no necesarios durante la exploración puede dar lugar a una mejora de tiempo significativa en el arranque y compilación de JSP .
30-Nov-2023 14:56:02.596 INFO [main] org.apache.catalina.startup.HostConfig.deployDirectory Deployment of web application directory [E:\Krakedev\Modulo-3\apache-tomcat-9.0.82-windows-x64\apache-tomcat-9.0.82\webapps\examples] has finished in [1.005] ms
30-Nov-2023 14:56:02.597 INFO [main] org.apache.catalina.startup.HostConfig.deployDirectory Desplegando el directorio [E:\Krakedev\Modulo-3\apache-tomcat-9.0.82-windows-x64\apache-tomcat-9.0.82\webapps\host-manager] de la aplicación web
30-Nov-2023 14:56:02.865 INFO [main] org.apache.jasper.servlet.TldScanner.scanJars Al menos un JAR, que se ha explorado buscando TLDs, aún no contenía TLDs. Activar historial de depuración para este historiador para una completa lista de los JARs que fueron explorados y de los que nos se halló TLDs. Saltarse JARs no necesarios durante la exploración puede dar lugar a una mejora de tiempo significativa en el arranque y compilación de JSP .
30-Nov-2023 14:56:02.875 INFO [main] org.apache.catalina.startup.HostConfig.deployDirectory Deployment of web application directory [E:\Krakedev\Modulo-3\apache-tomcat-9.0.82-windows-x64\apache-tomcat-9.0.82\webapps\host-manager] has finished in [277] ms
30-Nov-2023 14:56:02.875 INFO [main] org.apache.catalina.startup.HostConfig.deployDirectory Desplegando el directorio [E:\Krakedev\Modulo-3\apache-tomcat-9.0.82-windows-x64\apache-tomcat-9.0.82\webapps\krakedev] de la aplicación web
30-Nov-2023 14:56:03.061 INFO [main] org.apache.jasper.servlet.TldScanner.scanJars Al menos un JAR, que se ha explorado buscando TLDs, aún no contenía TLDs. Activar historial de depuración para este historiador para una completa lista de los JARs que fueron explorados y de los que nos se halló TLDs. Saltarse JARs no necesarios durante la exploración puede dar lugar a una mejora de tiempo significativa en el arranque y compilación de JSP .
30-Nov-2023 14:56:03.066 INFO [main] org.apache.catalina.startup.HostConfig.deployDirectory Deployment of web application directory [E:\Krakedev\Modulo-3\apache-tomcat-9.0.82-windows-x64\apache-tomcat-9.0.82\webapps\krakedev] has finished in [191] ms
30-Nov-2023 14:56:03.067 INFO [main] org.apache.catalina.startup.HostConfig.deployDirectory Desplegando el directorio [E:\Krakedev\Modulo-3\apache-tomcat-9.0.82-windows-x64\apache-tomcat-9.0.82\webapps\manager] de la aplicación web
30-Nov-2023 14:56:03.271 INFO [main] org.apache.jasper.servlet.TldScanner.scanJars Al menos un JAR, que se ha explorado buscando TLDs, aún no contenía TLDs. Activar historial de depuración para este historiador para una completa lista de los JARs que fueron explorados y de los que nos se halló TLDs. Saltarse JARs no necesarios durante la exploración puede dar lugar a una mejora de tiempo significativa en el arranque y compilación de JSP .
30-Nov-2023 14:56:03.274 INFO [main] org.apache.catalina.startup.HostConfig.deployDirectory Deployment of web application directory [E:\Krakedev\Modulo-3\apache-tomcat-9.0.82-windows-x64\apache-tomcat-9.0.82\webapps\manager] has finished in [207] ms
30-Nov-2023 14:56:03.275 INFO [main] org.apache.catalina.startup.HostConfig.deployDirectory Desplegando el directorio [E:\Krakedev\Modulo-3\apache-tomcat-9.0.82-windows-x64\apache-tomcat-9.0.82\webapps\ROOT] de la aplicación web
30-Nov-2023 14:56:03.457 INFO [main] org.apache.jasper.servlet.TldScanner.scanJars Al menos un JAR, que se ha explorado buscando TLDs, aún no contenía TLDs. Activar historial de depuración para este historiador para una completa lista de los JARs que fueron explorados y de los que nos se halló TLDs. Saltarse JARs no necesarios durante la exploración puede dar lugar a una mejora de tiempo significativa en el arranque y compilación de JSP .
30-Nov-2023 14:56:03.460 INFO [main] org.apache.catalina.startup.HostConfig.deployDirectory Deployment of web application directory [E:\Krakedev\Modulo-3\apache-tomcat-9.0.82-windows-x64\apache-tomcat-9.0.82\webapps\ROOT] has finished in [185] ms
30-Nov-2023 14:56:03.464 INFO [main] org.apache.coyote.AbstractProtocol.start Starting ProtocolHandler ["http-nio-8080"]
30-Nov-2023 14:56:03.520 INFO [main] org.apache.catalina.startup.Catalina.start Server startup in [25182] milliseconds
30-Nov-2023 15:04:54.673 INFO [Catalina-utility-1] org.apache.catalina.startup.HostConfig.undeploy Repliegue (undeploy) de la aplicación web que tiene como trayectoria de contexto [/inventarios-1.0.0]
30-Nov-2023 15:04:54.748 INFO [Catalina-utility-1] org.apache.catalina.startup.HostConfig.deployWAR Despliegue del archivo [E:\Krakedev\Modulo-3\apache-tomcat-9.0.82-windows-x64\apache-tomcat-9.0.82\webapps\inventarios-1.0.0.war] de la aplicación web
30-Nov-2023 15:05:00.114 INFO [Catalina-utility-1] org.apache.jasper.servlet.TldScanner.scanJars Al menos un JAR, que se ha explorado buscando TLDs, aún no contenía TLDs. Activar historial de depuración para este historiador para una completa lista de los JARs que fueron explorados y de los que nos se halló TLDs. Saltarse JARs no necesarios durante la exploración puede dar lugar a una mejora de tiempo significativa en el arranque y compilación de JSP .
30-Nov-2023 15:05:00.148 INFO [Catalina-utility-1] org.apache.catalina.startup.HostConfig.deployWAR Deployment of web application archive [E:\Krakedev\Modulo-3\apache-tomcat-9.0.82-windows-x64\apache-tomcat-9.0.82\webapps\inventarios-1.0.0.war] has finished in [5.400] ms
