05-Dec-2023 07:05:41.238 INFO [Catalina-utility-1] org.apache.catalina.startup.HostConfig.undeploy Repliegue (undeploy) de la aplicación web que tiene como trayectoria de contexto [/inventarios-1.0.0]
05-Dec-2023 07:05:41.638 INFO [Catalina-utility-1] org.apache.catalina.startup.HostConfig.deployWAR Despliegue del archivo [E:\Krakedev\Modulo-3\apache-tomcat-9.0.82-windows-x64\apache-tomcat-9.0.82\webapps\inventarios-1.0.0.war] de la aplicación web
05-Dec-2023 07:05:51.820 INFO [main] org.apache.catalina.startup.VersionLoggerListener.log Nombre de la versión del servidor: Apache Tomcat/9.0.82
05-Dec-2023 07:05:51.827 INFO [main] org.apache.catalina.startup.VersionLoggerListener.log Server built:                      Oct 11 2023 13:15:08 UTC
05-Dec-2023 07:05:51.827 INFO [main] org.apache.catalina.startup.VersionLoggerListener.log Número de versión de servidor:     9.0.82.0
05-Dec-2023 07:05:51.827 INFO [main] org.apache.catalina.startup.VersionLoggerListener.log OS Name:                           Windows 11
05-Dec-2023 07:05:51.827 INFO [main] org.apache.catalina.startup.VersionLoggerListener.log Versión de Systema Operativo:      10.0
05-Dec-2023 07:05:51.827 INFO [main] org.apache.catalina.startup.VersionLoggerListener.log Arquitectura:                      amd64
05-Dec-2023 07:05:51.827 INFO [main] org.apache.catalina.startup.VersionLoggerListener.log Java Home:                         C:\Program Files\Java\jdk-21
05-Dec-2023 07:05:51.827 INFO [main] org.apache.catalina.startup.VersionLoggerListener.log JVM Version:                       21.0.1+12-LTS-29
05-Dec-2023 07:05:51.827 INFO [main] org.apache.catalina.startup.VersionLoggerListener.log Vededor JVM:                       Oracle Corporation
05-Dec-2023 07:05:51.827 INFO [main] org.apache.catalina.startup.VersionLoggerListener.log CATALINA_BASE:                     E:\Krakedev\Modulo-3\apache-tomcat-9.0.82-windows-x64\apache-tomcat-9.0.82
05-Dec-2023 07:05:51.827 INFO [main] org.apache.catalina.startup.VersionLoggerListener.log CATALINA_HOME:                     E:\Krakedev\Modulo-3\apache-tomcat-9.0.82-windows-x64\apache-tomcat-9.0.82
05-Dec-2023 07:05:51.847 INFO [main] org.apache.catalina.startup.VersionLoggerListener.log Command line argument:             --add-opens=java.base/java.lang=ALL-UNNAMED
05-Dec-2023 07:05:51.847 INFO [main] org.apache.catalina.startup.VersionLoggerListener.log Command line argument:             --add-opens=java.base/java.io=ALL-UNNAMED
05-Dec-2023 07:05:51.847 INFO [main] org.apache.catalina.startup.VersionLoggerListener.log Command line argument:             --add-opens=java.base/java.util=ALL-UNNAMED
05-Dec-2023 07:05:51.847 INFO [main] org.apache.catalina.startup.VersionLoggerListener.log Command line argument:             --add-opens=java.base/java.util.concurrent=ALL-UNNAMED
05-Dec-2023 07:05:51.847 INFO [main] org.apache.catalina.startup.VersionLoggerListener.log Command line argument:             --add-opens=java.rmi/sun.rmi.transport=ALL-UNNAMED
05-Dec-2023 07:05:51.847 INFO [main] org.apache.catalina.startup.VersionLoggerListener.log Command line argument:             -Djava.util.logging.config.file=E:\Krakedev\Modulo-3\apache-tomcat-9.0.82-windows-x64\apache-tomcat-9.0.82\conf\logging.properties
05-Dec-2023 07:05:51.847 INFO [main] org.apache.catalina.startup.VersionLoggerListener.log Command line argument:             -Djava.util.logging.manager=org.apache.juli.ClassLoaderLogManager
05-Dec-2023 07:05:51.847 INFO [main] org.apache.catalina.startup.VersionLoggerListener.log Command line argument:             -Djdk.tls.ephemeralDHKeySize=2048
05-Dec-2023 07:05:51.847 INFO [main] org.apache.catalina.startup.VersionLoggerListener.log Command line argument:             -Djava.protocol.handler.pkgs=org.apache.catalina.webresources
05-Dec-2023 07:05:51.847 INFO [main] org.apache.catalina.startup.VersionLoggerListener.log Command line argument:             -Dignore.endorsed.dirs=
05-Dec-2023 07:05:51.847 INFO [main] org.apache.catalina.startup.VersionLoggerListener.log Command line argument:             -Dcatalina.base=E:\Krakedev\Modulo-3\apache-tomcat-9.0.82-windows-x64\apache-tomcat-9.0.82
05-Dec-2023 07:05:51.847 INFO [main] org.apache.catalina.startup.VersionLoggerListener.log Command line argument:             -Dcatalina.home=E:\Krakedev\Modulo-3\apache-tomcat-9.0.82-windows-x64\apache-tomcat-9.0.82
05-Dec-2023 07:05:51.847 INFO [main] org.apache.catalina.startup.VersionLoggerListener.log Command line argument:             -Djava.io.tmpdir=E:\Krakedev\Modulo-3\apache-tomcat-9.0.82-windows-x64\apache-tomcat-9.0.82\temp
05-Dec-2023 07:05:51.887 INFO [main] org.apache.catalina.core.AprLifecycleListener.lifecycleEvent Cargada la biblioteca nativa APR de Apache Tomcat [1.2.39] con la versión APR [1.7.4].
05-Dec-2023 07:05:51.897 INFO [main] org.apache.catalina.core.AprLifecycleListener.lifecycleEvent Capacidades APR: IPv6 [true], enviar fichero [true], aceptar filtros [false], aleatorio [true], UDS [true].
05-Dec-2023 07:05:51.897 INFO [main] org.apache.catalina.core.AprLifecycleListener.lifecycleEvent APR/OpenSSL configuration: useAprConnector [false], useOpenSSL [true]
05-Dec-2023 07:05:51.917 INFO [main] org.apache.catalina.core.AprLifecycleListener.initializeSSL OpenSSL inicializado correctamente [OpenSSL 3.0.11 19 Sep 2023]
05-Dec-2023 07:05:52.507 INFO [main] org.apache.coyote.AbstractProtocol.init Inicializando el manejador de protocolo ["http-nio-8080"]

05-Dec-2023 07:05:52.580 INFO [main] org.apache.catalina.startup.Catalina.load Server initialization in [1076] milliseconds
05-Dec-2023 07:05:52.622 WARNING [main] java.util.ArrayList.forEach Name = ConexionInventario Property maxActive is not used in DBCP2, use maxTotal instead. maxTotal default value is 8. You have set value of "100" for "maxActive" property, which is being ignored.
05-Dec-2023 07:05:52.622 WARNING [main] java.util.ArrayList.forEach Name = ConexionInventario Property maxWait is not used in DBCP2 , use maxWaitMillis instead. maxWaitMillis default value is PT-0.001S. You have set value of "10000" for "maxWait" property, which is being ignored.
05-Dec-2023 07:05:52.622 INFO [main] java.util.ArrayList.forEach Name = ConexionInventario Ignoring unknown property: value of "jdbc/ConexionInventario" for "global" property
05-Dec-2023 07:05:52.672 WARNING [main] java.util.ArrayList.forEach Name = ConexionPG Property maxActive is not used in DBCP2, use maxTotal instead. maxTotal default value is 8. You have set value of "100" for "maxActive" property, which is being ignored.
05-Dec-2023 07:05:52.672 WARNING [main] java.util.ArrayList.forEach Name = ConexionPG Property maxWait is not used in DBCP2 , use maxWaitMillis instead. maxWaitMillis default value is PT-0.001S. You have set value of "10000" for "maxWait" property, which is being ignored.
05-Dec-2023 07:05:52.672 INFO [main] java.util.ArrayList.forEach Name = ConexionPG Ignoring unknown property: value of "jdbc/ConexionPG" for "global" property
05-Dec-2023 07:05:52.732 INFO [main] org.apache.catalina.core.StandardService.startInternal Arrancando servicio [Catalina]
05-Dec-2023 07:05:52.732 INFO [main] org.apache.catalina.core.StandardEngine.startInternal Starting Servlet engine: [Apache Tomcat/9.0.82]
05-Dec-2023 07:05:52.752 INFO [main] org.apache.catalina.startup.HostConfig.deployWAR Despliegue del archivo [E:\Krakedev\Modulo-3\apache-tomcat-9.0.82-windows-x64\apache-tomcat-9.0.82\webapps\ejemploweb.war] de la aplicación web
05-Dec-2023 07:05:57.954 INFO [main] org.apache.jasper.servlet.TldScanner.scanJars Al menos un JAR, que se ha explorado buscando TLDs, aún no contenía TLDs. Activar historial de depuración para este historiador para una completa lista de los JARs que fueron explorados y de los que nos se halló TLDs. Saltarse JARs no necesarios durante la exploración puede dar lugar a una mejora de tiempo significativa en el arranque y compilación de JSP .
05-Dec-2023 07:05:59.404 INFO [main] org.apache.catalina.startup.HostConfig.deployWAR Deployment of web application archive [E:\Krakedev\Modulo-3\apache-tomcat-9.0.82-windows-x64\apache-tomcat-9.0.82\webapps\ejemploweb.war] has finished in [6.642] ms
05-Dec-2023 07:05:59.404 INFO [main] org.apache.catalina.startup.HostConfig.deployWAR Despliegue del archivo [E:\Krakedev\Modulo-3\apache-tomcat-9.0.82-windows-x64\apache-tomcat-9.0.82\webapps\inventario.war] de la aplicación web
05-Dec-2023 07:06:03.895 INFO [main] org.apache.jasper.servlet.TldScanner.scanJars Al menos un JAR, que se ha explorado buscando TLDs, aún no contenía TLDs. Activar historial de depuración para este historiador para una completa lista de los JARs que fueron explorados y de los que nos se halló TLDs. Saltarse JARs no necesarios durante la exploración puede dar lugar a una mejora de tiempo significativa en el arranque y compilación de JSP .
05-Dec-2023 07:06:05.005 INFO [main] org.apache.catalina.startup.HostConfig.deployWAR Deployment of web application archive [E:\Krakedev\Modulo-3\apache-tomcat-9.0.82-windows-x64\apache-tomcat-9.0.82\webapps\inventario.war] has finished in [5.601] ms
05-Dec-2023 07:06:05.005 INFO [main] org.apache.catalina.startup.HostConfig.deployWAR Despliegue del archivo [E:\Krakedev\Modulo-3\apache-tomcat-9.0.82-windows-x64\apache-tomcat-9.0.82\webapps\inventarios-1.0.0.war] de la aplicación web
05-Dec-2023 07:06:09.065 INFO [main] org.apache.jasper.servlet.TldScanner.scanJars Al menos un JAR, que se ha explorado buscando TLDs, aún no contenía TLDs. Activar historial de depuración para este historiador para una completa lista de los JARs que fueron explorados y de los que nos se halló TLDs. Saltarse JARs no necesarios durante la exploración puede dar lugar a una mejora de tiempo significativa en el arranque y compilación de JSP .
05-Dec-2023 07:06:09.085 INFO [main] org.apache.catalina.startup.HostConfig.deployWAR Deployment of web application archive [E:\Krakedev\Modulo-3\apache-tomcat-9.0.82-windows-x64\apache-tomcat-9.0.82\webapps\inventarios-1.0.0.war] has finished in [4.080] ms
05-Dec-2023 07:06:09.085 INFO [main] org.apache.catalina.startup.HostConfig.deployDirectory Desplegando el directorio [E:\Krakedev\Modulo-3\apache-tomcat-9.0.82-windows-x64\apache-tomcat-9.0.82\webapps\coffee] de la aplicación web
05-Dec-2023 07:06:09.225 INFO [main] org.apache.jasper.servlet.TldScanner.scanJars Al menos un JAR, que se ha explorado buscando TLDs, aún no contenía TLDs. Activar historial de depuración para este historiador para una completa lista de los JARs que fueron explorados y de los que nos se halló TLDs. Saltarse JARs no necesarios durante la exploración puede dar lugar a una mejora de tiempo significativa en el arranque y compilación de JSP .
05-Dec-2023 07:06:09.235 INFO [main] org.apache.catalina.startup.HostConfig.deployDirectory Deployment of web application directory [E:\Krakedev\Modulo-3\apache-tomcat-9.0.82-windows-x64\apache-tomcat-9.0.82\webapps\coffee] has finished in [150] ms
05-Dec-2023 07:06:09.235 INFO [main] org.apache.catalina.startup.HostConfig.deployDirectory Desplegando el directorio [E:\Krakedev\Modulo-3\apache-tomcat-9.0.82-windows-x64\apache-tomcat-9.0.82\webapps\docs] de la aplicación web
05-Dec-2023 07:06:09.415 INFO [main] org.apache.jasper.servlet.TldScanner.scanJars Al menos un JAR, que se ha explorado buscando TLDs, aún no contenía TLDs. Activar historial de depuración para este historiador para una completa lista de los JARs que fueron explorados y de los que nos se halló TLDs. Saltarse JARs no necesarios durante la exploración puede dar lugar a una mejora de tiempo significativa en el arranque y compilación de JSP .
05-Dec-2023 07:06:09.415 INFO [main] org.apache.catalina.startup.HostConfig.deployDirectory Deployment of web application directory [E:\Krakedev\Modulo-3\apache-tomcat-9.0.82-windows-x64\apache-tomcat-9.0.82\webapps\docs] has finished in [180] ms
05-Dec-2023 07:06:09.415 INFO [main] org.apache.catalina.startup.HostConfig.deployDirectory Desplegando el directorio [E:\Krakedev\Modulo-3\apache-tomcat-9.0.82-windows-x64\apache-tomcat-9.0.82\webapps\examples] de la aplicación web
05-Dec-2023 07:06:10.183 INFO [main] org.apache.jasper.servlet.TldScanner.scanJars Al menos un JAR, que se ha explorado buscando TLDs, aún no contenía TLDs. Activar historial de depuración para este historiador para una completa lista de los JARs que fueron explorados y de los que nos se halló TLDs. Saltarse JARs no necesarios durante la exploración puede dar lugar a una mejora de tiempo significativa en el arranque y compilación de JSP .
05-Dec-2023 07:06:10.255 INFO [main] org.apache.catalina.startup.HostConfig.deployDirectory Deployment of web application directory [E:\Krakedev\Modulo-3\apache-tomcat-9.0.82-windows-x64\apache-tomcat-9.0.82\webapps\examples] has finished in [840] ms
05-Dec-2023 07:06:10.255 INFO [main] org.apache.catalina.startup.HostConfig.deployDirectory Desplegando el directorio [E:\Krakedev\Modulo-3\apache-tomcat-9.0.82-windows-x64\apache-tomcat-9.0.82\webapps\host-manager] de la aplicación web
05-Dec-2023 07:06:10.435 INFO [main] org.apache.jasper.servlet.TldScanner.scanJars Al menos un JAR, que se ha explorado buscando TLDs, aún no contenía TLDs. Activar historial de depuración para este historiador para una completa lista de los JARs que fueron explorados y de los que nos se halló TLDs. Saltarse JARs no necesarios durante la exploración puede dar lugar a una mejora de tiempo significativa en el arranque y compilación de JSP .
05-Dec-2023 07:06:10.445 INFO [main] org.apache.catalina.startup.HostConfig.deployDirectory Deployment of web application directory [E:\Krakedev\Modulo-3\apache-tomcat-9.0.82-windows-x64\apache-tomcat-9.0.82\webapps\host-manager] has finished in [190] ms
05-Dec-2023 07:06:10.445 INFO [main] org.apache.catalina.startup.HostConfig.deployDirectory Desplegando el directorio [E:\Krakedev\Modulo-3\apache-tomcat-9.0.82-windows-x64\apache-tomcat-9.0.82\webapps\krakedev] de la aplicación web
05-Dec-2023 07:06:10.595 INFO [main] org.apache.jasper.servlet.TldScanner.scanJars Al menos un JAR, que se ha explorado buscando TLDs, aún no contenía TLDs. Activar historial de depuración para este historiador para una completa lista de los JARs que fueron explorados y de los que nos se halló TLDs. Saltarse JARs no necesarios durante la exploración puede dar lugar a una mejora de tiempo significativa en el arranque y compilación de JSP .
05-Dec-2023 07:06:10.595 INFO [main] org.apache.catalina.startup.HostConfig.deployDirectory Deployment of web application directory [E:\Krakedev\Modulo-3\apache-tomcat-9.0.82-windows-x64\apache-tomcat-9.0.82\webapps\krakedev] has finished in [150] ms
05-Dec-2023 07:06:10.595 INFO [main] org.apache.catalina.startup.HostConfig.deployDirectory Desplegando el directorio [E:\Krakedev\Modulo-3\apache-tomcat-9.0.82-windows-x64\apache-tomcat-9.0.82\webapps\manager] de la aplicación web
05-Dec-2023 07:06:10.765 INFO [main] org.apache.jasper.servlet.TldScanner.scanJars Al menos un JAR, que se ha explorado buscando TLDs, aún no contenía TLDs. Activar historial de depuración para este historiador para una completa lista de los JARs que fueron explorados y de los que nos se halló TLDs. Saltarse JARs no necesarios durante la exploración puede dar lugar a una mejora de tiempo significativa en el arranque y compilación de JSP .
05-Dec-2023 07:06:10.765 INFO [main] org.apache.catalina.startup.HostConfig.deployDirectory Deployment of web application directory [E:\Krakedev\Modulo-3\apache-tomcat-9.0.82-windows-x64\apache-tomcat-9.0.82\webapps\manager] has finished in [170] ms
05-Dec-2023 07:06:10.765 INFO [main] org.apache.catalina.startup.HostConfig.deployDirectory Desplegando el directorio [E:\Krakedev\Modulo-3\apache-tomcat-9.0.82-windows-x64\apache-tomcat-9.0.82\webapps\ROOT] de la aplicación web
05-Dec-2023 07:06:10.905 INFO [main] org.apache.jasper.servlet.TldScanner.scanJars Al menos un JAR, que se ha explorado buscando TLDs, aún no contenía TLDs. Activar historial de depuración para este historiador para una completa lista de los JARs que fueron explorados y de los que nos se halló TLDs. Saltarse JARs no necesarios durante la exploración puede dar lugar a una mejora de tiempo significativa en el arranque y compilación de JSP .
05-Dec-2023 07:06:10.905 INFO [main] org.apache.catalina.startup.HostConfig.deployDirectory Deployment of web application directory [E:\Krakedev\Modulo-3\apache-tomcat-9.0.82-windows-x64\apache-tomcat-9.0.82\webapps\ROOT] has finished in [140] ms
05-Dec-2023 07:06:10.915 INFO [main] org.apache.coyote.AbstractProtocol.start Starting ProtocolHandler ["http-nio-8080"]
05-Dec-2023 07:06:10.945 INFO [main] org.apache.catalina.startup.Catalina.start Server startup in [18370] milliseconds
