07-Dec-2023 23:30:03.005 INFO [main] org.apache.catalina.startup.VersionLoggerListener.log Nombre de la versión del servidor: Apache Tomcat/9.0.82
07-Dec-2023 23:30:03.013 INFO [main] org.apache.catalina.startup.VersionLoggerListener.log Server built:                      Oct 11 2023 13:15:08 UTC
07-Dec-2023 23:30:03.013 INFO [main] org.apache.catalina.startup.VersionLoggerListener.log Número de versión de servidor:     9.0.82.0
07-Dec-2023 23:30:03.016 INFO [main] org.apache.catalina.startup.VersionLoggerListener.log OS Name:                           Windows 11
07-Dec-2023 23:30:03.019 INFO [main] org.apache.catalina.startup.VersionLoggerListener.log Versión de Systema Operativo:      10.0
07-Dec-2023 23:30:03.019 INFO [main] org.apache.catalina.startup.VersionLoggerListener.log Arquitectura:                      amd64
07-Dec-2023 23:30:03.020 INFO [main] org.apache.catalina.startup.VersionLoggerListener.log Java Home:                         C:\Program Files\Java\jdk-21
07-Dec-2023 23:30:03.020 INFO [main] org.apache.catalina.startup.VersionLoggerListener.log JVM Version:                       21.0.1+12-LTS-29
07-Dec-2023 23:30:03.021 INFO [main] org.apache.catalina.startup.VersionLoggerListener.log Vededor JVM:                       Oracle Corporation
07-Dec-2023 23:30:03.021 INFO [main] org.apache.catalina.startup.VersionLoggerListener.log CATALINA_BASE:                     E:\Krakedev\Modulo-3\apache-tomcat-9.0.82-windows-x64\apache-tomcat-9.0.82
07-Dec-2023 23:30:03.021 INFO [main] org.apache.catalina.startup.VersionLoggerListener.log CATALINA_HOME:                     E:\Krakedev\Modulo-3\apache-tomcat-9.0.82-windows-x64\apache-tomcat-9.0.82
07-Dec-2023 23:30:03.047 INFO [main] org.apache.catalina.startup.VersionLoggerListener.log Command line argument:             --add-opens=java.base/java.lang=ALL-UNNAMED
07-Dec-2023 23:30:03.047 INFO [main] org.apache.catalina.startup.VersionLoggerListener.log Command line argument:             --add-opens=java.base/java.io=ALL-UNNAMED
07-Dec-2023 23:30:03.048 INFO [main] org.apache.catalina.startup.VersionLoggerListener.log Command line argument:             --add-opens=java.base/java.util=ALL-UNNAMED
07-Dec-2023 23:30:03.048 INFO [main] org.apache.catalina.startup.VersionLoggerListener.log Command line argument:             --add-opens=java.base/java.util.concurrent=ALL-UNNAMED
07-Dec-2023 23:30:03.048 INFO [main] org.apache.catalina.startup.VersionLoggerListener.log Command line argument:             --add-opens=java.rmi/sun.rmi.transport=ALL-UNNAMED
07-Dec-2023 23:30:03.048 INFO [main] org.apache.catalina.startup.VersionLoggerListener.log Command line argument:             -Djava.util.logging.config.file=E:\Krakedev\Modulo-3\apache-tomcat-9.0.82-windows-x64\apache-tomcat-9.0.82\conf\logging.properties
07-Dec-2023 23:30:03.048 INFO [main] org.apache.catalina.startup.VersionLoggerListener.log Command line argument:             -Djava.util.logging.manager=org.apache.juli.ClassLoaderLogManager
07-Dec-2023 23:30:03.049 INFO [main] org.apache.catalina.startup.VersionLoggerListener.log Command line argument:             -Djdk.tls.ephemeralDHKeySize=2048
07-Dec-2023 23:30:03.050 INFO [main] org.apache.catalina.startup.VersionLoggerListener.log Command line argument:             -Djava.protocol.handler.pkgs=org.apache.catalina.webresources
07-Dec-2023 23:30:03.051 INFO [main] org.apache.catalina.startup.VersionLoggerListener.log Command line argument:             -Dignore.endorsed.dirs=
07-Dec-2023 23:30:03.051 INFO [main] org.apache.catalina.startup.VersionLoggerListener.log Command line argument:             -Dcatalina.base=E:\Krakedev\Modulo-3\apache-tomcat-9.0.82-windows-x64\apache-tomcat-9.0.82
07-Dec-2023 23:30:03.052 INFO [main] org.apache.catalina.startup.VersionLoggerListener.log Command line argument:             -Dcatalina.home=E:\Krakedev\Modulo-3\apache-tomcat-9.0.82-windows-x64\apache-tomcat-9.0.82
07-Dec-2023 23:30:03.052 INFO [main] org.apache.catalina.startup.VersionLoggerListener.log Command line argument:             -Djava.io.tmpdir=E:\Krakedev\Modulo-3\apache-tomcat-9.0.82-windows-x64\apache-tomcat-9.0.82\temp
07-Dec-2023 23:30:03.089 INFO [main] org.apache.catalina.core.AprLifecycleListener.lifecycleEvent Cargada la biblioteca nativa APR de Apache Tomcat [1.2.39] con la versión APR [1.7.4].
07-Dec-2023 23:30:03.089 INFO [main] org.apache.catalina.core.AprLifecycleListener.lifecycleEvent Capacidades APR: IPv6 [true], enviar fichero [true], aceptar filtros [false], aleatorio [true], UDS [true].
07-Dec-2023 23:30:03.090 INFO [main] org.apache.catalina.core.AprLifecycleListener.lifecycleEvent APR/OpenSSL configuration: useAprConnector [false], useOpenSSL [true]
07-Dec-2023 23:30:03.113 INFO [main] org.apache.catalina.core.AprLifecycleListener.initializeSSL OpenSSL inicializado correctamente [OpenSSL 3.0.11 19 Sep 2023]
07-Dec-2023 23:30:03.748 INFO [main] org.apache.coyote.AbstractProtocol.init Inicializando el manejador de protocolo ["http-nio-8080"]

07-Dec-2023 23:30:03.811 INFO [main] org.apache.catalina.startup.Catalina.load Server initialization in [1160] milliseconds
07-Dec-2023 23:30:03.873 WARNING [main] java.util.ArrayList.forEach Name = ConexionInventario Property maxActive is not used in DBCP2, use maxTotal instead. maxTotal default value is 8. You have set value of "100" for "maxActive" property, which is being ignored.
07-Dec-2023 23:30:03.874 WARNING [main] java.util.ArrayList.forEach Name = ConexionInventario Property maxWait is not used in DBCP2 , use maxWaitMillis instead. maxWaitMillis default value is PT-0.001S. You have set value of "10000" for "maxWait" property, which is being ignored.
07-Dec-2023 23:30:03.876 INFO [main] java.util.ArrayList.forEach Name = ConexionInventario Ignoring unknown property: value of "jdbc/ConexionInventario" for "global" property
07-Dec-2023 23:30:03.942 WARNING [main] java.util.ArrayList.forEach Name = ConexionPG Property maxActive is not used in DBCP2, use maxTotal instead. maxTotal default value is 8. You have set value of "100" for "maxActive" property, which is being ignored.
07-Dec-2023 23:30:03.942 WARNING [main] java.util.ArrayList.forEach Name = ConexionPG Property maxWait is not used in DBCP2 , use maxWaitMillis instead. maxWaitMillis default value is PT-0.001S. You have set value of "10000" for "maxWait" property, which is being ignored.
07-Dec-2023 23:30:03.943 INFO [main] java.util.ArrayList.forEach Name = ConexionPG Ignoring unknown property: value of "jdbc/ConexionPG" for "global" property
07-Dec-2023 23:30:03.997 INFO [main] org.apache.catalina.core.StandardService.startInternal Arrancando servicio [Catalina]
07-Dec-2023 23:30:03.998 INFO [main] org.apache.catalina.core.StandardEngine.startInternal Starting Servlet engine: [Apache Tomcat/9.0.82]
07-Dec-2023 23:30:04.028 INFO [main] org.apache.catalina.startup.HostConfig.deployWAR Despliegue del archivo [E:\Krakedev\Modulo-3\apache-tomcat-9.0.82-windows-x64\apache-tomcat-9.0.82\webapps\ejemploweb.war] de la aplicación web
07-Dec-2023 23:30:09.588 INFO [main] org.apache.jasper.servlet.TldScanner.scanJars Al menos un JAR, que se ha explorado buscando TLDs, aún no contenía TLDs. Activar historial de depuración para este historiador para una completa lista de los JARs que fueron explorados y de los que nos se halló TLDs. Saltarse JARs no necesarios durante la exploración puede dar lugar a una mejora de tiempo significativa en el arranque y compilación de JSP .
07-Dec-2023 23:30:11.014 INFO [main] org.apache.catalina.startup.HostConfig.deployWAR Deployment of web application archive [E:\Krakedev\Modulo-3\apache-tomcat-9.0.82-windows-x64\apache-tomcat-9.0.82\webapps\ejemploweb.war] has finished in [6.985] ms
07-Dec-2023 23:30:11.019 INFO [main] org.apache.catalina.startup.HostConfig.deployWAR Despliegue del archivo [E:\Krakedev\Modulo-3\apache-tomcat-9.0.82-windows-x64\apache-tomcat-9.0.82\webapps\inventario.war] de la aplicación web
07-Dec-2023 23:30:15.398 INFO [main] org.apache.jasper.servlet.TldScanner.scanJars Al menos un JAR, que se ha explorado buscando TLDs, aún no contenía TLDs. Activar historial de depuración para este historiador para una completa lista de los JARs que fueron explorados y de los que nos se halló TLDs. Saltarse JARs no necesarios durante la exploración puede dar lugar a una mejora de tiempo significativa en el arranque y compilación de JSP .
07-Dec-2023 23:30:16.562 INFO [main] org.apache.catalina.startup.HostConfig.deployWAR Deployment of web application archive [E:\Krakedev\Modulo-3\apache-tomcat-9.0.82-windows-x64\apache-tomcat-9.0.82\webapps\inventario.war] has finished in [5.543] ms
07-Dec-2023 23:30:16.563 INFO [main] org.apache.catalina.startup.HostConfig.deployWAR Despliegue del archivo [E:\Krakedev\Modulo-3\apache-tomcat-9.0.82-windows-x64\apache-tomcat-9.0.82\webapps\inventarios-1.0.0.war] de la aplicación web
07-Dec-2023 23:30:16.569 INFO [main] org.apache.catalina.startup.ExpandWar.expand An expanded directory [E:\Krakedev\Modulo-3\apache-tomcat-9.0.82-windows-x64\apache-tomcat-9.0.82\webapps\inventarios-1.0.0] was found with a last modified time that did not match the associated WAR. It will be deleted.
07-Dec-2023 23:30:21.119 INFO [main] org.apache.jasper.servlet.TldScanner.scanJars Al menos un JAR, que se ha explorado buscando TLDs, aún no contenía TLDs. Activar historial de depuración para este historiador para una completa lista de los JARs que fueron explorados y de los que nos se halló TLDs. Saltarse JARs no necesarios durante la exploración puede dar lugar a una mejora de tiempo significativa en el arranque y compilación de JSP .
07-Dec-2023 23:30:21.148 INFO [main] org.apache.catalina.startup.HostConfig.deployWAR Deployment of web application archive [E:\Krakedev\Modulo-3\apache-tomcat-9.0.82-windows-x64\apache-tomcat-9.0.82\webapps\inventarios-1.0.0.war] has finished in [4.585] ms
07-Dec-2023 23:30:21.149 INFO [main] org.apache.catalina.startup.HostConfig.deployDirectory Desplegando el directorio [E:\Krakedev\Modulo-3\apache-tomcat-9.0.82-windows-x64\apache-tomcat-9.0.82\webapps\coffee] de la aplicación web
07-Dec-2023 23:30:21.309 INFO [main] org.apache.jasper.servlet.TldScanner.scanJars Al menos un JAR, que se ha explorado buscando TLDs, aún no contenía TLDs. Activar historial de depuración para este historiador para una completa lista de los JARs que fueron explorados y de los que nos se halló TLDs. Saltarse JARs no necesarios durante la exploración puede dar lugar a una mejora de tiempo significativa en el arranque y compilación de JSP .
07-Dec-2023 23:30:21.313 INFO [main] org.apache.catalina.startup.HostConfig.deployDirectory Deployment of web application directory [E:\Krakedev\Modulo-3\apache-tomcat-9.0.82-windows-x64\apache-tomcat-9.0.82\webapps\coffee] has finished in [164] ms
07-Dec-2023 23:30:21.314 INFO [main] org.apache.catalina.startup.HostConfig.deployDirectory Desplegando el directorio [E:\Krakedev\Modulo-3\apache-tomcat-9.0.82-windows-x64\apache-tomcat-9.0.82\webapps\docs] de la aplicación web
07-Dec-2023 23:30:21.487 INFO [main] org.apache.jasper.servlet.TldScanner.scanJars Al menos un JAR, que se ha explorado buscando TLDs, aún no contenía TLDs. Activar historial de depuración para este historiador para una completa lista de los JARs que fueron explorados y de los que nos se halló TLDs. Saltarse JARs no necesarios durante la exploración puede dar lugar a una mejora de tiempo significativa en el arranque y compilación de JSP .
07-Dec-2023 23:30:21.492 INFO [main] org.apache.catalina.startup.HostConfig.deployDirectory Deployment of web application directory [E:\Krakedev\Modulo-3\apache-tomcat-9.0.82-windows-x64\apache-tomcat-9.0.82\webapps\docs] has finished in [178] ms
07-Dec-2023 23:30:21.493 INFO [main] org.apache.catalina.startup.HostConfig.deployDirectory Desplegando el directorio [E:\Krakedev\Modulo-3\apache-tomcat-9.0.82-windows-x64\apache-tomcat-9.0.82\webapps\examples] de la aplicación web
07-Dec-2023 23:30:22.406 INFO [main] org.apache.jasper.servlet.TldScanner.scanJars Al menos un JAR, que se ha explorado buscando TLDs, aún no contenía TLDs. Activar historial de depuración para este historiador para una completa lista de los JARs que fueron explorados y de los que nos se halló TLDs. Saltarse JARs no necesarios durante la exploración puede dar lugar a una mejora de tiempo significativa en el arranque y compilación de JSP .
07-Dec-2023 23:30:22.509 INFO [main] org.apache.catalina.startup.HostConfig.deployDirectory Deployment of web application directory [E:\Krakedev\Modulo-3\apache-tomcat-9.0.82-windows-x64\apache-tomcat-9.0.82\webapps\examples] has finished in [1.017] ms
07-Dec-2023 23:30:22.510 INFO [main] org.apache.catalina.startup.HostConfig.deployDirectory Desplegando el directorio [E:\Krakedev\Modulo-3\apache-tomcat-9.0.82-windows-x64\apache-tomcat-9.0.82\webapps\host-manager] de la aplicación web
07-Dec-2023 23:30:22.755 INFO [main] org.apache.jasper.servlet.TldScanner.scanJars Al menos un JAR, que se ha explorado buscando TLDs, aún no contenía TLDs. Activar historial de depuración para este historiador para una completa lista de los JARs que fueron explorados y de los que nos se halló TLDs. Saltarse JARs no necesarios durante la exploración puede dar lugar a una mejora de tiempo significativa en el arranque y compilación de JSP .
07-Dec-2023 23:30:22.765 INFO [main] org.apache.catalina.startup.HostConfig.deployDirectory Deployment of web application directory [E:\Krakedev\Modulo-3\apache-tomcat-9.0.82-windows-x64\apache-tomcat-9.0.82\webapps\host-manager] has finished in [253] ms
07-Dec-2023 23:30:22.766 INFO [main] org.apache.catalina.startup.HostConfig.deployDirectory Desplegando el directorio [E:\Krakedev\Modulo-3\apache-tomcat-9.0.82-windows-x64\apache-tomcat-9.0.82\webapps\krakedev] de la aplicación web
07-Dec-2023 23:30:22.936 INFO [main] org.apache.jasper.servlet.TldScanner.scanJars Al menos un JAR, que se ha explorado buscando TLDs, aún no contenía TLDs. Activar historial de depuración para este historiador para una completa lista de los JARs que fueron explorados y de los que nos se halló TLDs. Saltarse JARs no necesarios durante la exploración puede dar lugar a una mejora de tiempo significativa en el arranque y compilación de JSP .
07-Dec-2023 23:30:22.941 INFO [main] org.apache.catalina.startup.HostConfig.deployDirectory Deployment of web application directory [E:\Krakedev\Modulo-3\apache-tomcat-9.0.82-windows-x64\apache-tomcat-9.0.82\webapps\krakedev] has finished in [174] ms
07-Dec-2023 23:30:22.941 INFO [main] org.apache.catalina.startup.HostConfig.deployDirectory Desplegando el directorio [E:\Krakedev\Modulo-3\apache-tomcat-9.0.82-windows-x64\apache-tomcat-9.0.82\webapps\manager] de la aplicación web
07-Dec-2023 23:30:23.118 INFO [main] org.apache.jasper.servlet.TldScanner.scanJars Al menos un JAR, que se ha explorado buscando TLDs, aún no contenía TLDs. Activar historial de depuración para este historiador para una completa lista de los JARs que fueron explorados y de los que nos se halló TLDs. Saltarse JARs no necesarios durante la exploración puede dar lugar a una mejora de tiempo significativa en el arranque y compilación de JSP .
07-Dec-2023 23:30:23.122 INFO [main] org.apache.catalina.startup.HostConfig.deployDirectory Deployment of web application directory [E:\Krakedev\Modulo-3\apache-tomcat-9.0.82-windows-x64\apache-tomcat-9.0.82\webapps\manager] has finished in [181] ms
07-Dec-2023 23:30:23.123 INFO [main] org.apache.catalina.startup.HostConfig.deployDirectory Desplegando el directorio [E:\Krakedev\Modulo-3\apache-tomcat-9.0.82-windows-x64\apache-tomcat-9.0.82\webapps\ROOT] de la aplicación web
07-Dec-2023 23:30:23.271 INFO [main] org.apache.jasper.servlet.TldScanner.scanJars Al menos un JAR, que se ha explorado buscando TLDs, aún no contenía TLDs. Activar historial de depuración para este historiador para una completa lista de los JARs que fueron explorados y de los que nos se halló TLDs. Saltarse JARs no necesarios durante la exploración puede dar lugar a una mejora de tiempo significativa en el arranque y compilación de JSP .
07-Dec-2023 23:30:23.274 INFO [main] org.apache.catalina.startup.HostConfig.deployDirectory Deployment of web application directory [E:\Krakedev\Modulo-3\apache-tomcat-9.0.82-windows-x64\apache-tomcat-9.0.82\webapps\ROOT] has finished in [151] ms
07-Dec-2023 23:30:23.278 INFO [main] org.apache.coyote.AbstractProtocol.start Starting ProtocolHandler ["http-nio-8080"]
07-Dec-2023 23:30:23.320 INFO [main] org.apache.catalina.startup.Catalina.start Server startup in [19505] milliseconds
07-Dec-2023 23:57:27.841 INFO [main] org.apache.catalina.startup.VersionLoggerListener.log Nombre de la versión del servidor: Apache Tomcat/9.0.82
07-Dec-2023 23:57:27.847 INFO [main] org.apache.catalina.startup.VersionLoggerListener.log Server built:                      Oct 11 2023 13:15:08 UTC
07-Dec-2023 23:57:27.848 INFO [main] org.apache.catalina.startup.VersionLoggerListener.log Número de versión de servidor:     9.0.82.0
07-Dec-2023 23:57:27.848 INFO [main] org.apache.catalina.startup.VersionLoggerListener.log OS Name:                           Windows 11
07-Dec-2023 23:57:27.848 INFO [main] org.apache.catalina.startup.VersionLoggerListener.log Versión de Systema Operativo:      10.0
07-Dec-2023 23:57:27.848 INFO [main] org.apache.catalina.startup.VersionLoggerListener.log Arquitectura:                      amd64
07-Dec-2023 23:57:27.848 INFO [main] org.apache.catalina.startup.VersionLoggerListener.log Java Home:                         C:\Program Files\Java\jdk-21
07-Dec-2023 23:57:27.848 INFO [main] org.apache.catalina.startup.VersionLoggerListener.log JVM Version:                       21.0.1+12-LTS-29
07-Dec-2023 23:57:27.849 INFO [main] org.apache.catalina.startup.VersionLoggerListener.log Vededor JVM:                       Oracle Corporation
07-Dec-2023 23:57:27.849 INFO [main] org.apache.catalina.startup.VersionLoggerListener.log CATALINA_BASE:                     E:\Krakedev\Modulo-3\apache-tomcat-9.0.82-windows-x64\apache-tomcat-9.0.82
07-Dec-2023 23:57:27.849 INFO [main] org.apache.catalina.startup.VersionLoggerListener.log CATALINA_HOME:                     E:\Krakedev\Modulo-3\apache-tomcat-9.0.82-windows-x64\apache-tomcat-9.0.82
07-Dec-2023 23:57:27.868 INFO [main] org.apache.catalina.startup.VersionLoggerListener.log Command line argument:             --add-opens=java.base/java.lang=ALL-UNNAMED
07-Dec-2023 23:57:27.868 INFO [main] org.apache.catalina.startup.VersionLoggerListener.log Command line argument:             --add-opens=java.base/java.io=ALL-UNNAMED
07-Dec-2023 23:57:27.868 INFO [main] org.apache.catalina.startup.VersionLoggerListener.log Command line argument:             --add-opens=java.base/java.util=ALL-UNNAMED
07-Dec-2023 23:57:27.868 INFO [main] org.apache.catalina.startup.VersionLoggerListener.log Command line argument:             --add-opens=java.base/java.util.concurrent=ALL-UNNAMED
07-Dec-2023 23:57:27.868 INFO [main] org.apache.catalina.startup.VersionLoggerListener.log Command line argument:             --add-opens=java.rmi/sun.rmi.transport=ALL-UNNAMED
07-Dec-2023 23:57:27.868 INFO [main] org.apache.catalina.startup.VersionLoggerListener.log Command line argument:             -Djava.util.logging.config.file=E:\Krakedev\Modulo-3\apache-tomcat-9.0.82-windows-x64\apache-tomcat-9.0.82\conf\logging.properties
07-Dec-2023 23:57:27.868 INFO [main] org.apache.catalina.startup.VersionLoggerListener.log Command line argument:             -Djava.util.logging.manager=org.apache.juli.ClassLoaderLogManager
07-Dec-2023 23:57:27.870 INFO [main] org.apache.catalina.startup.VersionLoggerListener.log Command line argument:             -Djdk.tls.ephemeralDHKeySize=2048
07-Dec-2023 23:57:27.870 INFO [main] org.apache.catalina.startup.VersionLoggerListener.log Command line argument:             -Djava.protocol.handler.pkgs=org.apache.catalina.webresources
07-Dec-2023 23:57:27.870 INFO [main] org.apache.catalina.startup.VersionLoggerListener.log Command line argument:             -Dignore.endorsed.dirs=
07-Dec-2023 23:57:27.871 INFO [main] org.apache.catalina.startup.VersionLoggerListener.log Command line argument:             -Dcatalina.base=E:\Krakedev\Modulo-3\apache-tomcat-9.0.82-windows-x64\apache-tomcat-9.0.82
07-Dec-2023 23:57:27.871 INFO [main] org.apache.catalina.startup.VersionLoggerListener.log Command line argument:             -Dcatalina.home=E:\Krakedev\Modulo-3\apache-tomcat-9.0.82-windows-x64\apache-tomcat-9.0.82
07-Dec-2023 23:57:27.871 INFO [main] org.apache.catalina.startup.VersionLoggerListener.log Command line argument:             -Djava.io.tmpdir=E:\Krakedev\Modulo-3\apache-tomcat-9.0.82-windows-x64\apache-tomcat-9.0.82\temp
07-Dec-2023 23:57:27.877 INFO [main] org.apache.catalina.core.AprLifecycleListener.lifecycleEvent Cargada la biblioteca nativa APR de Apache Tomcat [1.2.39] con la versión APR [1.7.4].
07-Dec-2023 23:57:27.878 INFO [main] org.apache.catalina.core.AprLifecycleListener.lifecycleEvent Capacidades APR: IPv6 [true], enviar fichero [true], aceptar filtros [false], aleatorio [true], UDS [true].
07-Dec-2023 23:57:27.878 INFO [main] org.apache.catalina.core.AprLifecycleListener.lifecycleEvent APR/OpenSSL configuration: useAprConnector [false], useOpenSSL [true]
07-Dec-2023 23:57:27.888 INFO [main] org.apache.catalina.core.AprLifecycleListener.initializeSSL OpenSSL inicializado correctamente [OpenSSL 3.0.11 19 Sep 2023]
07-Dec-2023 23:57:28.541 INFO [main] org.apache.coyote.AbstractProtocol.init Inicializando el manejador de protocolo ["http-nio-8080"]

07-Dec-2023 23:57:28.606 INFO [main] org.apache.catalina.startup.Catalina.load Server initialization in [1136] milliseconds
07-Dec-2023 23:57:28.658 WARNING [main] java.util.ArrayList.forEach Name = ConexionInventario Property maxActive is not used in DBCP2, use maxTotal instead. maxTotal default value is 8. You have set value of "100" for "maxActive" property, which is being ignored.
07-Dec-2023 23:57:28.658 WARNING [main] java.util.ArrayList.forEach Name = ConexionInventario Property maxWait is not used in DBCP2 , use maxWaitMillis instead. maxWaitMillis default value is PT-0.001S. You have set value of "10000" for "maxWait" property, which is being ignored.
07-Dec-2023 23:57:28.659 INFO [main] java.util.ArrayList.forEach Name = ConexionInventario Ignoring unknown property: value of "jdbc/ConexionInventario" for "global" property
07-Dec-2023 23:57:28.716 WARNING [main] java.util.ArrayList.forEach Name = ConexionPG Property maxActive is not used in DBCP2, use maxTotal instead. maxTotal default value is 8. You have set value of "100" for "maxActive" property, which is being ignored.
07-Dec-2023 23:57:28.717 WARNING [main] java.util.ArrayList.forEach Name = ConexionPG Property maxWait is not used in DBCP2 , use maxWaitMillis instead. maxWaitMillis default value is PT-0.001S. You have set value of "10000" for "maxWait" property, which is being ignored.
07-Dec-2023 23:57:28.719 INFO [main] java.util.ArrayList.forEach Name = ConexionPG Ignoring unknown property: value of "jdbc/ConexionPG" for "global" property
07-Dec-2023 23:57:28.783 INFO [main] org.apache.catalina.core.StandardService.startInternal Arrancando servicio [Catalina]
07-Dec-2023 23:57:28.786 INFO [main] org.apache.catalina.core.StandardEngine.startInternal Starting Servlet engine: [Apache Tomcat/9.0.82]
07-Dec-2023 23:57:28.823 INFO [main] org.apache.catalina.startup.HostConfig.deployWAR Despliegue del archivo [E:\Krakedev\Modulo-3\apache-tomcat-9.0.82-windows-x64\apache-tomcat-9.0.82\webapps\ejemploweb.war] de la aplicación web
07-Dec-2023 23:57:31.067 INFO [main] org.apache.jasper.servlet.TldScanner.scanJars Al menos un JAR, que se ha explorado buscando TLDs, aún no contenía TLDs. Activar historial de depuración para este historiador para una completa lista de los JARs que fueron explorados y de los que nos se halló TLDs. Saltarse JARs no necesarios durante la exploración puede dar lugar a una mejora de tiempo significativa en el arranque y compilación de JSP .
07-Dec-2023 23:57:32.563 INFO [main] org.apache.catalina.startup.HostConfig.deployWAR Deployment of web application archive [E:\Krakedev\Modulo-3\apache-tomcat-9.0.82-windows-x64\apache-tomcat-9.0.82\webapps\ejemploweb.war] has finished in [3.739] ms
07-Dec-2023 23:57:32.567 INFO [main] org.apache.catalina.startup.HostConfig.deployWAR Despliegue del archivo [E:\Krakedev\Modulo-3\apache-tomcat-9.0.82-windows-x64\apache-tomcat-9.0.82\webapps\inventario.war] de la aplicación web
07-Dec-2023 23:57:34.005 INFO [main] org.apache.jasper.servlet.TldScanner.scanJars Al menos un JAR, que se ha explorado buscando TLDs, aún no contenía TLDs. Activar historial de depuración para este historiador para una completa lista de los JARs que fueron explorados y de los que nos se halló TLDs. Saltarse JARs no necesarios durante la exploración puede dar lugar a una mejora de tiempo significativa en el arranque y compilación de JSP .
07-Dec-2023 23:57:35.095 INFO [main] org.apache.catalina.startup.HostConfig.deployWAR Deployment of web application archive [E:\Krakedev\Modulo-3\apache-tomcat-9.0.82-windows-x64\apache-tomcat-9.0.82\webapps\inventario.war] has finished in [2.527] ms
07-Dec-2023 23:57:35.096 INFO [main] org.apache.catalina.startup.HostConfig.deployWAR Despliegue del archivo [E:\Krakedev\Modulo-3\apache-tomcat-9.0.82-windows-x64\apache-tomcat-9.0.82\webapps\inventarios-1.0.0.war] de la aplicación web
07-Dec-2023 23:57:35.101 INFO [main] org.apache.catalina.startup.ExpandWar.expand An expanded directory [E:\Krakedev\Modulo-3\apache-tomcat-9.0.82-windows-x64\apache-tomcat-9.0.82\webapps\inventarios-1.0.0] was found with a last modified time that did not match the associated WAR. It will be deleted.
07-Dec-2023 23:57:36.488 INFO [main] org.apache.jasper.servlet.TldScanner.scanJars Al menos un JAR, que se ha explorado buscando TLDs, aún no contenía TLDs. Activar historial de depuración para este historiador para una completa lista de los JARs que fueron explorados y de los que nos se halló TLDs. Saltarse JARs no necesarios durante la exploración puede dar lugar a una mejora de tiempo significativa en el arranque y compilación de JSP .
07-Dec-2023 23:57:36.510 INFO [main] org.apache.catalina.startup.HostConfig.deployWAR Deployment of web application archive [E:\Krakedev\Modulo-3\apache-tomcat-9.0.82-windows-x64\apache-tomcat-9.0.82\webapps\inventarios-1.0.0.war] has finished in [1.414] ms
07-Dec-2023 23:57:36.511 INFO [main] org.apache.catalina.startup.HostConfig.deployDirectory Desplegando el directorio [E:\Krakedev\Modulo-3\apache-tomcat-9.0.82-windows-x64\apache-tomcat-9.0.82\webapps\coffee] de la aplicación web
07-Dec-2023 23:57:36.667 INFO [main] org.apache.jasper.servlet.TldScanner.scanJars Al menos un JAR, que se ha explorado buscando TLDs, aún no contenía TLDs. Activar historial de depuración para este historiador para una completa lista de los JARs que fueron explorados y de los que nos se halló TLDs. Saltarse JARs no necesarios durante la exploración puede dar lugar a una mejora de tiempo significativa en el arranque y compilación de JSP .
07-Dec-2023 23:57:36.670 INFO [main] org.apache.catalina.startup.HostConfig.deployDirectory Deployment of web application directory [E:\Krakedev\Modulo-3\apache-tomcat-9.0.82-windows-x64\apache-tomcat-9.0.82\webapps\coffee] has finished in [159] ms
07-Dec-2023 23:57:36.671 INFO [main] org.apache.catalina.startup.HostConfig.deployDirectory Desplegando el directorio [E:\Krakedev\Modulo-3\apache-tomcat-9.0.82-windows-x64\apache-tomcat-9.0.82\webapps\docs] de la aplicación web
07-Dec-2023 23:57:36.836 INFO [main] org.apache.jasper.servlet.TldScanner.scanJars Al menos un JAR, que se ha explorado buscando TLDs, aún no contenía TLDs. Activar historial de depuración para este historiador para una completa lista de los JARs que fueron explorados y de los que nos se halló TLDs. Saltarse JARs no necesarios durante la exploración puede dar lugar a una mejora de tiempo significativa en el arranque y compilación de JSP .
07-Dec-2023 23:57:36.840 INFO [main] org.apache.catalina.startup.HostConfig.deployDirectory Deployment of web application directory [E:\Krakedev\Modulo-3\apache-tomcat-9.0.82-windows-x64\apache-tomcat-9.0.82\webapps\docs] has finished in [169] ms
07-Dec-2023 23:57:36.840 INFO [main] org.apache.catalina.startup.HostConfig.deployDirectory Desplegando el directorio [E:\Krakedev\Modulo-3\apache-tomcat-9.0.82-windows-x64\apache-tomcat-9.0.82\webapps\examples] de la aplicación web
07-Dec-2023 23:57:37.440 INFO [main] org.apache.jasper.servlet.TldScanner.scanJars Al menos un JAR, que se ha explorado buscando TLDs, aún no contenía TLDs. Activar historial de depuración para este historiador para una completa lista de los JARs que fueron explorados y de los que nos se halló TLDs. Saltarse JARs no necesarios durante la exploración puede dar lugar a una mejora de tiempo significativa en el arranque y compilación de JSP .
07-Dec-2023 23:57:37.515 INFO [main] org.apache.catalina.startup.HostConfig.deployDirectory Deployment of web application directory [E:\Krakedev\Modulo-3\apache-tomcat-9.0.82-windows-x64\apache-tomcat-9.0.82\webapps\examples] has finished in [675] ms
07-Dec-2023 23:57:37.516 INFO [main] org.apache.catalina.startup.HostConfig.deployDirectory Desplegando el directorio [E:\Krakedev\Modulo-3\apache-tomcat-9.0.82-windows-x64\apache-tomcat-9.0.82\webapps\host-manager] de la aplicación web
07-Dec-2023 23:57:37.730 INFO [main] org.apache.jasper.servlet.TldScanner.scanJars Al menos un JAR, que se ha explorado buscando TLDs, aún no contenía TLDs. Activar historial de depuración para este historiador para una completa lista de los JARs que fueron explorados y de los que nos se halló TLDs. Saltarse JARs no necesarios durante la exploración puede dar lugar a una mejora de tiempo significativa en el arranque y compilación de JSP .
07-Dec-2023 23:57:37.739 INFO [main] org.apache.catalina.startup.HostConfig.deployDirectory Deployment of web application directory [E:\Krakedev\Modulo-3\apache-tomcat-9.0.82-windows-x64\apache-tomcat-9.0.82\webapps\host-manager] has finished in [224] ms
07-Dec-2023 23:57:37.740 INFO [main] org.apache.catalina.startup.HostConfig.deployDirectory Desplegando el directorio [E:\Krakedev\Modulo-3\apache-tomcat-9.0.82-windows-x64\apache-tomcat-9.0.82\webapps\krakedev] de la aplicación web
07-Dec-2023 23:57:37.914 INFO [main] org.apache.jasper.servlet.TldScanner.scanJars Al menos un JAR, que se ha explorado buscando TLDs, aún no contenía TLDs. Activar historial de depuración para este historiador para una completa lista de los JARs que fueron explorados y de los que nos se halló TLDs. Saltarse JARs no necesarios durante la exploración puede dar lugar a una mejora de tiempo significativa en el arranque y compilación de JSP .
07-Dec-2023 23:57:37.919 INFO [main] org.apache.catalina.startup.HostConfig.deployDirectory Deployment of web application directory [E:\Krakedev\Modulo-3\apache-tomcat-9.0.82-windows-x64\apache-tomcat-9.0.82\webapps\krakedev] has finished in [179] ms
07-Dec-2023 23:57:37.920 INFO [main] org.apache.catalina.startup.HostConfig.deployDirectory Desplegando el directorio [E:\Krakedev\Modulo-3\apache-tomcat-9.0.82-windows-x64\apache-tomcat-9.0.82\webapps\manager] de la aplicación web
07-Dec-2023 23:57:38.110 INFO [main] org.apache.jasper.servlet.TldScanner.scanJars Al menos un JAR, que se ha explorado buscando TLDs, aún no contenía TLDs. Activar historial de depuración para este historiador para una completa lista de los JARs que fueron explorados y de los que nos se halló TLDs. Saltarse JARs no necesarios durante la exploración puede dar lugar a una mejora de tiempo significativa en el arranque y compilación de JSP .
07-Dec-2023 23:57:38.115 INFO [main] org.apache.catalina.startup.HostConfig.deployDirectory Deployment of web application directory [E:\Krakedev\Modulo-3\apache-tomcat-9.0.82-windows-x64\apache-tomcat-9.0.82\webapps\manager] has finished in [195] ms
07-Dec-2023 23:57:38.115 INFO [main] org.apache.catalina.startup.HostConfig.deployDirectory Desplegando el directorio [E:\Krakedev\Modulo-3\apache-tomcat-9.0.82-windows-x64\apache-tomcat-9.0.82\webapps\ROOT] de la aplicación web
07-Dec-2023 23:57:38.262 INFO [main] org.apache.jasper.servlet.TldScanner.scanJars Al menos un JAR, que se ha explorado buscando TLDs, aún no contenía TLDs. Activar historial de depuración para este historiador para una completa lista de los JARs que fueron explorados y de los que nos se halló TLDs. Saltarse JARs no necesarios durante la exploración puede dar lugar a una mejora de tiempo significativa en el arranque y compilación de JSP .
07-Dec-2023 23:57:38.265 INFO [main] org.apache.catalina.startup.HostConfig.deployDirectory Deployment of web application directory [E:\Krakedev\Modulo-3\apache-tomcat-9.0.82-windows-x64\apache-tomcat-9.0.82\webapps\ROOT] has finished in [150] ms
07-Dec-2023 23:57:38.270 INFO [main] org.apache.coyote.AbstractProtocol.start Starting ProtocolHandler ["http-nio-8080"]
07-Dec-2023 23:57:38.309 INFO [main] org.apache.catalina.startup.Catalina.start Server startup in [9700] milliseconds
