09-Nov-2023 06:05:00.431 INFO [main] org.apache.catalina.startup.VersionLoggerListener.log Nombre de la versión del servidor: Apache Tomcat/10.1.15
09-Nov-2023 06:05:00.442 INFO [main] org.apache.catalina.startup.VersionLoggerListener.log Server built:                      Oct 11 2023 23:38:40 UTC
09-Nov-2023 06:05:00.442 INFO [main] org.apache.catalina.startup.VersionLoggerListener.log Número de versión de servidor:     10.1.15.0
09-Nov-2023 06:05:00.442 INFO [main] org.apache.catalina.startup.VersionLoggerListener.log OS Name:                           Windows 11
09-Nov-2023 06:05:00.442 INFO [main] org.apache.catalina.startup.VersionLoggerListener.log Versión de Systema Operativo:      10.0
09-Nov-2023 06:05:00.442 INFO [main] org.apache.catalina.startup.VersionLoggerListener.log Arquitectura:                      amd64
09-Nov-2023 06:05:00.442 INFO [main] org.apache.catalina.startup.VersionLoggerListener.log Java Home:                         C:\Program Files\Java\jdk-21
09-Nov-2023 06:05:00.442 INFO [main] org.apache.catalina.startup.VersionLoggerListener.log JVM Version:                       21.0.1+12-LTS-29
09-Nov-2023 06:05:00.442 INFO [main] org.apache.catalina.startup.VersionLoggerListener.log Vededor JVM:                       Oracle Corporation
09-Nov-2023 06:05:00.451 INFO [main] org.apache.catalina.startup.VersionLoggerListener.log CATALINA_BASE:                     E:\Krakedev\Modulo 3\apache-tomcat-10.1.15-windows-x64\apache-tomcat-10.1.15
09-Nov-2023 06:05:00.458 INFO [main] org.apache.catalina.startup.VersionLoggerListener.log CATALINA_HOME:                     E:\Krakedev\Modulo 3\apache-tomcat-10.1.15-windows-x64\apache-tomcat-10.1.15
09-Nov-2023 06:05:00.490 INFO [main] org.apache.catalina.startup.VersionLoggerListener.log Command line argument:             -Djava.util.logging.config.file=E:\Krakedev\Modulo 3\apache-tomcat-10.1.15-windows-x64\apache-tomcat-10.1.15\conf\logging.properties
09-Nov-2023 06:05:00.492 INFO [main] org.apache.catalina.startup.VersionLoggerListener.log Command line argument:             -Djava.util.logging.manager=org.apache.juli.ClassLoaderLogManager
09-Nov-2023 06:05:00.493 INFO [main] org.apache.catalina.startup.VersionLoggerListener.log Command line argument:             -Djdk.tls.ephemeralDHKeySize=2048
09-Nov-2023 06:05:00.494 INFO [main] org.apache.catalina.startup.VersionLoggerListener.log Command line argument:             -Djava.protocol.handler.pkgs=org.apache.catalina.webresources
09-Nov-2023 06:05:00.495 INFO [main] org.apache.catalina.startup.VersionLoggerListener.log Command line argument:             --add-opens=java.base/java.lang=ALL-UNNAMED
09-Nov-2023 06:05:00.495 INFO [main] org.apache.catalina.startup.VersionLoggerListener.log Command line argument:             --add-opens=java.base/java.io=ALL-UNNAMED
09-Nov-2023 06:05:00.495 INFO [main] org.apache.catalina.startup.VersionLoggerListener.log Command line argument:             --add-opens=java.base/java.util=ALL-UNNAMED
09-Nov-2023 06:05:00.497 INFO [main] org.apache.catalina.startup.VersionLoggerListener.log Command line argument:             --add-opens=java.base/java.util.concurrent=ALL-UNNAMED
09-Nov-2023 06:05:00.497 INFO [main] org.apache.catalina.startup.VersionLoggerListener.log Command line argument:             --add-opens=java.rmi/sun.rmi.transport=ALL-UNNAMED
09-Nov-2023 06:05:00.498 INFO [main] org.apache.catalina.startup.VersionLoggerListener.log Command line argument:             -Dcatalina.base=E:\Krakedev\Modulo 3\apache-tomcat-10.1.15-windows-x64\apache-tomcat-10.1.15
09-Nov-2023 06:05:00.498 INFO [main] org.apache.catalina.startup.VersionLoggerListener.log Command line argument:             -Dcatalina.home=E:\Krakedev\Modulo 3\apache-tomcat-10.1.15-windows-x64\apache-tomcat-10.1.15
09-Nov-2023 06:05:00.499 INFO [main] org.apache.catalina.startup.VersionLoggerListener.log Command line argument:             -Djava.io.tmpdir=E:\Krakedev\Modulo 3\apache-tomcat-10.1.15-windows-x64\apache-tomcat-10.1.15\temp
09-Nov-2023 06:05:00.544 INFO [main] org.apache.catalina.core.AprLifecycleListener.lifecycleEvent Cargada la biblioteca nativa APR de Apache Tomcat [2.0.6] con la versión APR [1.7.4].
09-Nov-2023 06:05:00.558 INFO [main] org.apache.catalina.core.AprLifecycleListener.initializeSSL OpenSSL inicializado correctamente [OpenSSL 3.0.11 19 Sep 2023]
09-Nov-2023 06:05:01.208 INFO [main] org.apache.coyote.AbstractProtocol.init Inicializando el manejador de protocolo ["http-nio-8080"]

09-Nov-2023 06:05:01.293 INFO [main] org.apache.catalina.startup.Catalina.load Server initialization in [1433] milliseconds
09-Nov-2023 06:05:01.503 INFO [main] org.apache.catalina.core.StandardService.startInternal Arrancando servicio [Catalina]
09-Nov-2023 06:05:01.504 INFO [main] org.apache.catalina.core.StandardEngine.startInternal Starting Servlet engine: [Apache Tomcat/10.1.15]
09-Nov-2023 06:05:01.528 INFO [main] org.apache.catalina.startup.HostConfig.deployDirectory Desplegando el directorio [E:\Krakedev\Modulo 3\apache-tomcat-10.1.15-windows-x64\apache-tomcat-10.1.15\webapps\docs] de la aplicación web
09-Nov-2023 06:05:02.640 INFO [main] org.apache.catalina.startup.HostConfig.deployDirectory Deployment of web application directory [E:\Krakedev\Modulo 3\apache-tomcat-10.1.15-windows-x64\apache-tomcat-10.1.15\webapps\docs] has finished in [1.101] ms
09-Nov-2023 06:05:02.640 INFO [main] org.apache.catalina.startup.HostConfig.deployDirectory Desplegando el directorio [E:\Krakedev\Modulo 3\apache-tomcat-10.1.15-windows-x64\apache-tomcat-10.1.15\webapps\examples] de la aplicación web
09-Nov-2023 06:05:03.606 INFO [main] org.apache.catalina.startup.HostConfig.deployDirectory Deployment of web application directory [E:\Krakedev\Modulo 3\apache-tomcat-10.1.15-windows-x64\apache-tomcat-10.1.15\webapps\examples] has finished in [965] ms
09-Nov-2023 06:05:03.607 INFO [main] org.apache.catalina.startup.HostConfig.deployDirectory Desplegando el directorio [E:\Krakedev\Modulo 3\apache-tomcat-10.1.15-windows-x64\apache-tomcat-10.1.15\webapps\host-manager] de la aplicación web
09-Nov-2023 06:05:03.712 INFO [main] org.apache.catalina.startup.HostConfig.deployDirectory Deployment of web application directory [E:\Krakedev\Modulo 3\apache-tomcat-10.1.15-windows-x64\apache-tomcat-10.1.15\webapps\host-manager] has finished in [104] ms
09-Nov-2023 06:05:03.712 INFO [main] org.apache.catalina.startup.HostConfig.deployDirectory Desplegando el directorio [E:\Krakedev\Modulo 3\apache-tomcat-10.1.15-windows-x64\apache-tomcat-10.1.15\webapps\manager] de la aplicación web
09-Nov-2023 06:05:03.800 INFO [main] org.apache.catalina.startup.HostConfig.deployDirectory Deployment of web application directory [E:\Krakedev\Modulo 3\apache-tomcat-10.1.15-windows-x64\apache-tomcat-10.1.15\webapps\manager] has finished in [88] ms
09-Nov-2023 06:05:03.801 INFO [main] org.apache.catalina.startup.HostConfig.deployDirectory Desplegando el directorio [E:\Krakedev\Modulo 3\apache-tomcat-10.1.15-windows-x64\apache-tomcat-10.1.15\webapps\ROOT] de la aplicación web
09-Nov-2023 06:05:03.886 INFO [main] org.apache.catalina.startup.HostConfig.deployDirectory Deployment of web application directory [E:\Krakedev\Modulo 3\apache-tomcat-10.1.15-windows-x64\apache-tomcat-10.1.15\webapps\ROOT] has finished in [85] ms
09-Nov-2023 06:05:03.894 INFO [main] org.apache.coyote.AbstractProtocol.start Starting ProtocolHandler ["http-nio-8080"]
09-Nov-2023 06:05:03.964 INFO [main] org.apache.catalina.startup.Catalina.start Server startup in [2667] milliseconds
09-Nov-2023 06:08:04.588 INFO [Catalina-utility-2] org.apache.catalina.startup.HostConfig.deployDirectory Desplegando el directorio [E:\Krakedev\Modulo 3\apache-tomcat-10.1.15-windows-x64\apache-tomcat-10.1.15\webapps\Krakedev] de la aplicación web
09-Nov-2023 06:08:04.644 INFO [Catalina-utility-2] org.apache.catalina.startup.HostConfig.deployDirectory Deployment of web application directory [E:\Krakedev\Modulo 3\apache-tomcat-10.1.15-windows-x64\apache-tomcat-10.1.15\webapps\Krakedev] has finished in [55] ms
09-Nov-2023 06:14:39.535 INFO [Catalina-utility-1] org.apache.catalina.startup.HostConfig.deployDirectory Desplegando el directorio [E:\Krakedev\Modulo 3\apache-tomcat-10.1.15-windows-x64\apache-tomcat-10.1.15\webapps\krakedev] de la aplicación web
09-Nov-2023 06:14:39.578 INFO [Catalina-utility-1] org.apache.catalina.startup.HostConfig.deployDirectory Deployment of web application directory [E:\Krakedev\Modulo 3\apache-tomcat-10.1.15-windows-x64\apache-tomcat-10.1.15\webapps\krakedev] has finished in [43] ms
09-Nov-2023 20:59:28.166 INFO [main] org.apache.catalina.startup.VersionLoggerListener.log Nombre de la versión del servidor: Apache Tomcat/10.1.15
09-Nov-2023 20:59:28.181 INFO [main] org.apache.catalina.startup.VersionLoggerListener.log Server built:                      Oct 11 2023 23:38:40 UTC
09-Nov-2023 20:59:28.181 INFO [main] org.apache.catalina.startup.VersionLoggerListener.log Número de versión de servidor:     10.1.15.0
09-Nov-2023 20:59:28.181 INFO [main] org.apache.catalina.startup.VersionLoggerListener.log OS Name:                           Windows 11
09-Nov-2023 20:59:28.181 INFO [main] org.apache.catalina.startup.VersionLoggerListener.log Versión de Systema Operativo:      10.0
09-Nov-2023 20:59:28.181 INFO [main] org.apache.catalina.startup.VersionLoggerListener.log Arquitectura:                      amd64
09-Nov-2023 20:59:28.181 INFO [main] org.apache.catalina.startup.VersionLoggerListener.log Java Home:                         C:\Program Files\Java\jdk-21
09-Nov-2023 20:59:28.181 INFO [main] org.apache.catalina.startup.VersionLoggerListener.log JVM Version:                       21.0.1+12-LTS-29
09-Nov-2023 20:59:28.181 INFO [main] org.apache.catalina.startup.VersionLoggerListener.log Vededor JVM:                       Oracle Corporation
09-Nov-2023 20:59:28.181 INFO [main] org.apache.catalina.startup.VersionLoggerListener.log CATALINA_BASE:                     E:\Krakedev\Modulo 3\apache-tomcat-10.1.15-windows-x64\apache-tomcat-10.1.15
09-Nov-2023 20:59:28.181 INFO [main] org.apache.catalina.startup.VersionLoggerListener.log CATALINA_HOME:                     E:\Krakedev\Modulo 3\apache-tomcat-10.1.15-windows-x64\apache-tomcat-10.1.15
09-Nov-2023 20:59:28.228 INFO [main] org.apache.catalina.startup.VersionLoggerListener.log Command line argument:             -Djava.util.logging.config.file=E:\Krakedev\Modulo 3\apache-tomcat-10.1.15-windows-x64\apache-tomcat-10.1.15\conf\logging.properties
09-Nov-2023 20:59:28.228 INFO [main] org.apache.catalina.startup.VersionLoggerListener.log Command line argument:             -Djava.util.logging.manager=org.apache.juli.ClassLoaderLogManager
09-Nov-2023 20:59:28.228 INFO [main] org.apache.catalina.startup.VersionLoggerListener.log Command line argument:             -Djdk.tls.ephemeralDHKeySize=2048
09-Nov-2023 20:59:28.228 INFO [main] org.apache.catalina.startup.VersionLoggerListener.log Command line argument:             -Djava.protocol.handler.pkgs=org.apache.catalina.webresources
09-Nov-2023 20:59:28.228 INFO [main] org.apache.catalina.startup.VersionLoggerListener.log Command line argument:             --add-opens=java.base/java.lang=ALL-UNNAMED
09-Nov-2023 20:59:28.228 INFO [main] org.apache.catalina.startup.VersionLoggerListener.log Command line argument:             --add-opens=java.base/java.io=ALL-UNNAMED
09-Nov-2023 20:59:28.228 INFO [main] org.apache.catalina.startup.VersionLoggerListener.log Command line argument:             --add-opens=java.base/java.util=ALL-UNNAMED
09-Nov-2023 20:59:28.228 INFO [main] org.apache.catalina.startup.VersionLoggerListener.log Command line argument:             --add-opens=java.base/java.util.concurrent=ALL-UNNAMED
09-Nov-2023 20:59:28.228 INFO [main] org.apache.catalina.startup.VersionLoggerListener.log Command line argument:             --add-opens=java.rmi/sun.rmi.transport=ALL-UNNAMED
09-Nov-2023 20:59:28.228 INFO [main] org.apache.catalina.startup.VersionLoggerListener.log Command line argument:             -Dcatalina.base=E:\Krakedev\Modulo 3\apache-tomcat-10.1.15-windows-x64\apache-tomcat-10.1.15
09-Nov-2023 20:59:28.228 INFO [main] org.apache.catalina.startup.VersionLoggerListener.log Command line argument:             -Dcatalina.home=E:\Krakedev\Modulo 3\apache-tomcat-10.1.15-windows-x64\apache-tomcat-10.1.15
09-Nov-2023 20:59:28.228 INFO [main] org.apache.catalina.startup.VersionLoggerListener.log Command line argument:             -Djava.io.tmpdir=E:\Krakedev\Modulo 3\apache-tomcat-10.1.15-windows-x64\apache-tomcat-10.1.15\temp
09-Nov-2023 20:59:28.272 INFO [main] org.apache.catalina.core.AprLifecycleListener.lifecycleEvent Cargada la biblioteca nativa APR de Apache Tomcat [2.0.6] con la versión APR [1.7.4].
09-Nov-2023 20:59:28.303 INFO [main] org.apache.catalina.core.AprLifecycleListener.initializeSSL OpenSSL inicializado correctamente [OpenSSL 3.0.11 19 Sep 2023]
09-Nov-2023 20:59:29.044 INFO [main] org.apache.coyote.AbstractProtocol.init Inicializando el manejador de protocolo ["http-nio-8080"]

09-Nov-2023 20:59:29.111 INFO [main] org.apache.catalina.startup.Catalina.load Server initialization in [1429] milliseconds
09-Nov-2023 20:59:29.448 INFO [main] org.apache.catalina.core.StandardService.startInternal Arrancando servicio [Catalina]
09-Nov-2023 20:59:29.463 INFO [main] org.apache.catalina.core.StandardEngine.startInternal Starting Servlet engine: [Apache Tomcat/10.1.15]
09-Nov-2023 20:59:29.500 INFO [main] org.apache.catalina.startup.HostConfig.deployDirectory Desplegando el directorio [E:\Krakedev\Modulo 3\apache-tomcat-10.1.15-windows-x64\apache-tomcat-10.1.15\webapps\docs] de la aplicación web
09-Nov-2023 20:59:30.306 INFO [main] org.apache.catalina.startup.HostConfig.deployDirectory Deployment of web application directory [E:\Krakedev\Modulo 3\apache-tomcat-10.1.15-windows-x64\apache-tomcat-10.1.15\webapps\docs] has finished in [801] ms
09-Nov-2023 20:59:30.308 INFO [main] org.apache.catalina.startup.HostConfig.deployDirectory Desplegando el directorio [E:\Krakedev\Modulo 3\apache-tomcat-10.1.15-windows-x64\apache-tomcat-10.1.15\webapps\examples] de la aplicación web
09-Nov-2023 20:59:31.510 INFO [main] org.apache.catalina.startup.HostConfig.deployDirectory Deployment of web application directory [E:\Krakedev\Modulo 3\apache-tomcat-10.1.15-windows-x64\apache-tomcat-10.1.15\webapps\examples] has finished in [1.202] ms
09-Nov-2023 20:59:31.510 INFO [main] org.apache.catalina.startup.HostConfig.deployDirectory Desplegando el directorio [E:\Krakedev\Modulo 3\apache-tomcat-10.1.15-windows-x64\apache-tomcat-10.1.15\webapps\host-manager] de la aplicación web
09-Nov-2023 20:59:31.626 INFO [main] org.apache.catalina.startup.HostConfig.deployDirectory Deployment of web application directory [E:\Krakedev\Modulo 3\apache-tomcat-10.1.15-windows-x64\apache-tomcat-10.1.15\webapps\host-manager] has finished in [116] ms
09-Nov-2023 20:59:31.627 INFO [main] org.apache.catalina.startup.HostConfig.deployDirectory Desplegando el directorio [E:\Krakedev\Modulo 3\apache-tomcat-10.1.15-windows-x64\apache-tomcat-10.1.15\webapps\krakedev] de la aplicación web
09-Nov-2023 20:59:31.702 INFO [main] org.apache.catalina.startup.HostConfig.deployDirectory Deployment of web application directory [E:\Krakedev\Modulo 3\apache-tomcat-10.1.15-windows-x64\apache-tomcat-10.1.15\webapps\krakedev] has finished in [75] ms
09-Nov-2023 20:59:31.703 INFO [main] org.apache.catalina.startup.HostConfig.deployDirectory Desplegando el directorio [E:\Krakedev\Modulo 3\apache-tomcat-10.1.15-windows-x64\apache-tomcat-10.1.15\webapps\manager] de la aplicación web
09-Nov-2023 20:59:31.778 INFO [main] org.apache.catalina.startup.HostConfig.deployDirectory Deployment of web application directory [E:\Krakedev\Modulo 3\apache-tomcat-10.1.15-windows-x64\apache-tomcat-10.1.15\webapps\manager] has finished in [75] ms
09-Nov-2023 20:59:31.778 INFO [main] org.apache.catalina.startup.HostConfig.deployDirectory Desplegando el directorio [E:\Krakedev\Modulo 3\apache-tomcat-10.1.15-windows-x64\apache-tomcat-10.1.15\webapps\ROOT] de la aplicación web
09-Nov-2023 20:59:31.841 INFO [main] org.apache.catalina.startup.HostConfig.deployDirectory Deployment of web application directory [E:\Krakedev\Modulo 3\apache-tomcat-10.1.15-windows-x64\apache-tomcat-10.1.15\webapps\ROOT] has finished in [63] ms
09-Nov-2023 20:59:31.849 INFO [main] org.apache.coyote.AbstractProtocol.start Starting ProtocolHandler ["http-nio-8080"]
09-Nov-2023 20:59:31.942 INFO [main] org.apache.catalina.startup.Catalina.start Server startup in [2818] milliseconds
09-Nov-2023 21:00:01.070 INFO [main] org.apache.catalina.core.StandardServer.await Se ha recibido un comando de apagado a través del puerto de apagado. Parando la instancia del Servidor.
09-Nov-2023 21:00:01.070 INFO [main] org.apache.coyote.AbstractProtocol.pause Pausing ProtocolHandler ["http-nio-8080"]
09-Nov-2023 21:00:01.079 INFO [main] org.apache.catalina.core.StandardService.stopInternal Parando servicio [Catalina]
09-Nov-2023 21:00:01.110 INFO [main] org.apache.coyote.AbstractProtocol.stop Stopping ProtocolHandler ["http-nio-8080"]
09-Nov-2023 21:00:01.129 INFO [main] org.apache.coyote.AbstractProtocol.destroy Destroying ProtocolHandler ["http-nio-8080"]
09-Nov-2023 21:00:13.083 INFO [main] org.apache.catalina.startup.VersionLoggerListener.log Nombre de la versión del servidor: Apache Tomcat/10.1.15
09-Nov-2023 21:00:13.096 INFO [main] org.apache.catalina.startup.VersionLoggerListener.log Server built:                      Oct 11 2023 23:38:40 UTC
09-Nov-2023 21:00:13.096 INFO [main] org.apache.catalina.startup.VersionLoggerListener.log Número de versión de servidor:     10.1.15.0
09-Nov-2023 21:00:13.097 INFO [main] org.apache.catalina.startup.VersionLoggerListener.log OS Name:                           Windows 11
09-Nov-2023 21:00:13.097 INFO [main] org.apache.catalina.startup.VersionLoggerListener.log Versión de Systema Operativo:      10.0
09-Nov-2023 21:00:13.097 INFO [main] org.apache.catalina.startup.VersionLoggerListener.log Arquitectura:                      amd64
09-Nov-2023 21:00:13.097 INFO [main] org.apache.catalina.startup.VersionLoggerListener.log Java Home:                         C:\Program Files\Java\jdk-21
09-Nov-2023 21:00:13.098 INFO [main] org.apache.catalina.startup.VersionLoggerListener.log JVM Version:                       21.0.1+12-LTS-29
09-Nov-2023 21:00:13.098 INFO [main] org.apache.catalina.startup.VersionLoggerListener.log Vededor JVM:                       Oracle Corporation
09-Nov-2023 21:00:13.098 INFO [main] org.apache.catalina.startup.VersionLoggerListener.log CATALINA_BASE:                     E:\Krakedev\Modulo 3\apache-tomcat-10.1.15-windows-x64\apache-tomcat-10.1.15
09-Nov-2023 21:00:13.098 INFO [main] org.apache.catalina.startup.VersionLoggerListener.log CATALINA_HOME:                     E:\Krakedev\Modulo 3\apache-tomcat-10.1.15-windows-x64\apache-tomcat-10.1.15
09-Nov-2023 21:00:13.124 INFO [main] org.apache.catalina.startup.VersionLoggerListener.log Command line argument:             -Djava.util.logging.config.file=E:\Krakedev\Modulo 3\apache-tomcat-10.1.15-windows-x64\apache-tomcat-10.1.15\conf\logging.properties
09-Nov-2023 21:00:13.128 INFO [main] org.apache.catalina.startup.VersionLoggerListener.log Command line argument:             -Djava.util.logging.manager=org.apache.juli.ClassLoaderLogManager
09-Nov-2023 21:00:13.128 INFO [main] org.apache.catalina.startup.VersionLoggerListener.log Command line argument:             -Djdk.tls.ephemeralDHKeySize=2048
09-Nov-2023 21:00:13.128 INFO [main] org.apache.catalina.startup.VersionLoggerListener.log Command line argument:             -Djava.protocol.handler.pkgs=org.apache.catalina.webresources
09-Nov-2023 21:00:13.128 INFO [main] org.apache.catalina.startup.VersionLoggerListener.log Command line argument:             --add-opens=java.base/java.lang=ALL-UNNAMED
09-Nov-2023 21:00:13.128 INFO [main] org.apache.catalina.startup.VersionLoggerListener.log Command line argument:             --add-opens=java.base/java.io=ALL-UNNAMED
09-Nov-2023 21:00:13.128 INFO [main] org.apache.catalina.startup.VersionLoggerListener.log Command line argument:             --add-opens=java.base/java.util=ALL-UNNAMED
09-Nov-2023 21:00:13.128 INFO [main] org.apache.catalina.startup.VersionLoggerListener.log Command line argument:             --add-opens=java.base/java.util.concurrent=ALL-UNNAMED
09-Nov-2023 21:00:13.128 INFO [main] org.apache.catalina.startup.VersionLoggerListener.log Command line argument:             --add-opens=java.rmi/sun.rmi.transport=ALL-UNNAMED
09-Nov-2023 21:00:13.128 INFO [main] org.apache.catalina.startup.VersionLoggerListener.log Command line argument:             -Dcatalina.base=E:\Krakedev\Modulo 3\apache-tomcat-10.1.15-windows-x64\apache-tomcat-10.1.15
09-Nov-2023 21:00:13.128 INFO [main] org.apache.catalina.startup.VersionLoggerListener.log Command line argument:             -Dcatalina.home=E:\Krakedev\Modulo 3\apache-tomcat-10.1.15-windows-x64\apache-tomcat-10.1.15
09-Nov-2023 21:00:13.128 INFO [main] org.apache.catalina.startup.VersionLoggerListener.log Command line argument:             -Djava.io.tmpdir=E:\Krakedev\Modulo 3\apache-tomcat-10.1.15-windows-x64\apache-tomcat-10.1.15\temp
09-Nov-2023 21:00:13.144 INFO [main] org.apache.catalina.core.AprLifecycleListener.lifecycleEvent Cargada la biblioteca nativa APR de Apache Tomcat [2.0.6] con la versión APR [1.7.4].
09-Nov-2023 21:00:13.158 INFO [main] org.apache.catalina.core.AprLifecycleListener.initializeSSL OpenSSL inicializado correctamente [OpenSSL 3.0.11 19 Sep 2023]
09-Nov-2023 21:00:13.805 INFO [main] org.apache.coyote.AbstractProtocol.init Inicializando el manejador de protocolo ["http-nio-8080"]

09-Nov-2023 21:00:13.888 INFO [main] org.apache.catalina.startup.Catalina.load Server initialization in [1222] milliseconds
09-Nov-2023 21:00:14.221 INFO [main] org.apache.catalina.core.StandardService.startInternal Arrancando servicio [Catalina]
09-Nov-2023 21:00:14.225 INFO [main] org.apache.catalina.core.StandardEngine.startInternal Starting Servlet engine: [Apache Tomcat/10.1.15]
09-Nov-2023 21:00:14.249 INFO [main] org.apache.catalina.startup.HostConfig.deployDirectory Desplegando el directorio [E:\Krakedev\Modulo 3\apache-tomcat-10.1.15-windows-x64\apache-tomcat-10.1.15\webapps\docs] de la aplicación web
09-Nov-2023 21:00:14.956 INFO [main] org.apache.catalina.startup.HostConfig.deployDirectory Deployment of web application directory [E:\Krakedev\Modulo 3\apache-tomcat-10.1.15-windows-x64\apache-tomcat-10.1.15\webapps\docs] has finished in [700] ms
09-Nov-2023 21:00:14.956 INFO [main] org.apache.catalina.startup.HostConfig.deployDirectory Desplegando el directorio [E:\Krakedev\Modulo 3\apache-tomcat-10.1.15-windows-x64\apache-tomcat-10.1.15\webapps\examples] de la aplicación web
09-Nov-2023 21:00:16.182 INFO [main] org.apache.catalina.startup.HostConfig.deployDirectory Deployment of web application directory [E:\Krakedev\Modulo 3\apache-tomcat-10.1.15-windows-x64\apache-tomcat-10.1.15\webapps\examples] has finished in [1.226] ms
09-Nov-2023 21:00:16.183 INFO [main] org.apache.catalina.startup.HostConfig.deployDirectory Desplegando el directorio [E:\Krakedev\Modulo 3\apache-tomcat-10.1.15-windows-x64\apache-tomcat-10.1.15\webapps\host-manager] de la aplicación web
09-Nov-2023 21:00:16.283 INFO [main] org.apache.catalina.startup.HostConfig.deployDirectory Deployment of web application directory [E:\Krakedev\Modulo 3\apache-tomcat-10.1.15-windows-x64\apache-tomcat-10.1.15\webapps\host-manager] has finished in [100] ms
09-Nov-2023 21:00:16.283 INFO [main] org.apache.catalina.startup.HostConfig.deployDirectory Desplegando el directorio [E:\Krakedev\Modulo 3\apache-tomcat-10.1.15-windows-x64\apache-tomcat-10.1.15\webapps\krakedev] de la aplicación web
09-Nov-2023 21:00:16.339 INFO [main] org.apache.catalina.startup.HostConfig.deployDirectory Deployment of web application directory [E:\Krakedev\Modulo 3\apache-tomcat-10.1.15-windows-x64\apache-tomcat-10.1.15\webapps\krakedev] has finished in [56] ms
09-Nov-2023 21:00:16.339 INFO [main] org.apache.catalina.startup.HostConfig.deployDirectory Desplegando el directorio [E:\Krakedev\Modulo 3\apache-tomcat-10.1.15-windows-x64\apache-tomcat-10.1.15\webapps\manager] de la aplicación web
09-Nov-2023 21:00:16.418 INFO [main] org.apache.catalina.startup.HostConfig.deployDirectory Deployment of web application directory [E:\Krakedev\Modulo 3\apache-tomcat-10.1.15-windows-x64\apache-tomcat-10.1.15\webapps\manager] has finished in [78] ms
09-Nov-2023 21:00:16.418 INFO [main] org.apache.catalina.startup.HostConfig.deployDirectory Desplegando el directorio [E:\Krakedev\Modulo 3\apache-tomcat-10.1.15-windows-x64\apache-tomcat-10.1.15\webapps\ROOT] de la aplicación web
09-Nov-2023 21:00:16.486 INFO [main] org.apache.catalina.startup.HostConfig.deployDirectory Deployment of web application directory [E:\Krakedev\Modulo 3\apache-tomcat-10.1.15-windows-x64\apache-tomcat-10.1.15\webapps\ROOT] has finished in [68] ms
09-Nov-2023 21:00:16.488 INFO [main] org.apache.coyote.AbstractProtocol.start Starting ProtocolHandler ["http-nio-8080"]
09-Nov-2023 21:00:16.578 INFO [main] org.apache.catalina.startup.Catalina.start Server startup in [2682] milliseconds
09-Nov-2023 21:01:25.058 INFO [main] org.apache.catalina.core.StandardServer.await Se ha recibido un comando de apagado a través del puerto de apagado. Parando la instancia del Servidor.
09-Nov-2023 21:01:25.058 INFO [main] org.apache.coyote.AbstractProtocol.pause Pausing ProtocolHandler ["http-nio-8080"]
09-Nov-2023 21:01:25.058 INFO [main] org.apache.catalina.core.StandardService.stopInternal Parando servicio [Catalina]
09-Nov-2023 21:01:25.091 INFO [main] org.apache.coyote.AbstractProtocol.stop Stopping ProtocolHandler ["http-nio-8080"]
09-Nov-2023 21:01:25.105 INFO [main] org.apache.coyote.AbstractProtocol.destroy Destroying ProtocolHandler ["http-nio-8080"]
09-Nov-2023 21:07:39.950 INFO [main] org.apache.catalina.startup.VersionLoggerListener.log Nombre de la versión del servidor: Apache Tomcat/10.1.15
09-Nov-2023 21:07:39.965 INFO [main] org.apache.catalina.startup.VersionLoggerListener.log Server built:                      Oct 11 2023 23:38:40 UTC
09-Nov-2023 21:07:39.965 INFO [main] org.apache.catalina.startup.VersionLoggerListener.log Número de versión de servidor:     10.1.15.0
09-Nov-2023 21:07:39.965 INFO [main] org.apache.catalina.startup.VersionLoggerListener.log OS Name:                           Windows 11
09-Nov-2023 21:07:39.965 INFO [main] org.apache.catalina.startup.VersionLoggerListener.log Versión de Systema Operativo:      10.0
09-Nov-2023 21:07:39.965 INFO [main] org.apache.catalina.startup.VersionLoggerListener.log Arquitectura:                      amd64
09-Nov-2023 21:07:39.965 INFO [main] org.apache.catalina.startup.VersionLoggerListener.log Java Home:                         C:\Program Files\Java\jdk-21
09-Nov-2023 21:07:39.965 INFO [main] org.apache.catalina.startup.VersionLoggerListener.log JVM Version:                       21.0.1+12-LTS-29
09-Nov-2023 21:07:39.965 INFO [main] org.apache.catalina.startup.VersionLoggerListener.log Vededor JVM:                       Oracle Corporation
09-Nov-2023 21:07:39.965 INFO [main] org.apache.catalina.startup.VersionLoggerListener.log CATALINA_BASE:                     E:\Krakedev\Modulo 3\apache-tomcat-10.1.15-windows-x64\apache-tomcat-10.1.15
09-Nov-2023 21:07:39.965 INFO [main] org.apache.catalina.startup.VersionLoggerListener.log CATALINA_HOME:                     E:\Krakedev\Modulo 3\apache-tomcat-10.1.15-windows-x64\apache-tomcat-10.1.15
09-Nov-2023 21:07:39.975 INFO [main] org.apache.catalina.startup.VersionLoggerListener.log Command line argument:             -Djava.util.logging.config.file=E:\Krakedev\Modulo 3\apache-tomcat-10.1.15-windows-x64\apache-tomcat-10.1.15\conf\logging.properties
09-Nov-2023 21:07:39.975 INFO [main] org.apache.catalina.startup.VersionLoggerListener.log Command line argument:             -Djava.util.logging.manager=org.apache.juli.ClassLoaderLogManager
09-Nov-2023 21:07:39.975 INFO [main] org.apache.catalina.startup.VersionLoggerListener.log Command line argument:             -Djdk.tls.ephemeralDHKeySize=2048
09-Nov-2023 21:07:39.975 INFO [main] org.apache.catalina.startup.VersionLoggerListener.log Command line argument:             -Djava.protocol.handler.pkgs=org.apache.catalina.webresources
09-Nov-2023 21:07:39.975 INFO [main] org.apache.catalina.startup.VersionLoggerListener.log Command line argument:             --add-opens=java.base/java.lang=ALL-UNNAMED
09-Nov-2023 21:07:39.975 INFO [main] org.apache.catalina.startup.VersionLoggerListener.log Command line argument:             --add-opens=java.base/java.io=ALL-UNNAMED
09-Nov-2023 21:07:39.975 INFO [main] org.apache.catalina.startup.VersionLoggerListener.log Command line argument:             --add-opens=java.base/java.util=ALL-UNNAMED
09-Nov-2023 21:07:39.975 INFO [main] org.apache.catalina.startup.VersionLoggerListener.log Command line argument:             --add-opens=java.base/java.util.concurrent=ALL-UNNAMED
09-Nov-2023 21:07:39.991 INFO [main] org.apache.catalina.startup.VersionLoggerListener.log Command line argument:             --add-opens=java.rmi/sun.rmi.transport=ALL-UNNAMED
09-Nov-2023 21:07:39.991 INFO [main] org.apache.catalina.startup.VersionLoggerListener.log Command line argument:             -Dcatalina.base=E:\Krakedev\Modulo 3\apache-tomcat-10.1.15-windows-x64\apache-tomcat-10.1.15
09-Nov-2023 21:07:39.991 INFO [main] org.apache.catalina.startup.VersionLoggerListener.log Command line argument:             -Dcatalina.home=E:\Krakedev\Modulo 3\apache-tomcat-10.1.15-windows-x64\apache-tomcat-10.1.15
09-Nov-2023 21:07:39.991 INFO [main] org.apache.catalina.startup.VersionLoggerListener.log Command line argument:             -Djava.io.tmpdir=E:\Krakedev\Modulo 3\apache-tomcat-10.1.15-windows-x64\apache-tomcat-10.1.15\temp
09-Nov-2023 21:07:39.991 INFO [main] org.apache.catalina.core.AprLifecycleListener.lifecycleEvent Cargada la biblioteca nativa APR de Apache Tomcat [2.0.6] con la versión APR [1.7.4].
09-Nov-2023 21:07:40.006 INFO [main] org.apache.catalina.core.AprLifecycleListener.initializeSSL OpenSSL inicializado correctamente [OpenSSL 3.0.11 19 Sep 2023]
09-Nov-2023 21:07:40.543 INFO [main] org.apache.coyote.AbstractProtocol.init Inicializando el manejador de protocolo ["http-nio-8080"]

09-Nov-2023 21:07:40.606 INFO [main] org.apache.catalina.startup.Catalina.load Server initialization in [1033] milliseconds
09-Nov-2023 21:07:40.716 INFO [main] org.apache.catalina.core.StandardService.startInternal Arrancando servicio [Catalina]
09-Nov-2023 21:07:40.717 INFO [main] org.apache.catalina.core.StandardEngine.startInternal Starting Servlet engine: [Apache Tomcat/10.1.15]
09-Nov-2023 21:07:40.743 INFO [main] org.apache.catalina.startup.HostConfig.deployDirectory Desplegando el directorio [E:\Krakedev\Modulo 3\apache-tomcat-10.1.15-windows-x64\apache-tomcat-10.1.15\webapps\coffee] de la aplicación web
09-Nov-2023 21:07:41.347 INFO [main] org.apache.catalina.startup.HostConfig.deployDirectory Deployment of web application directory [E:\Krakedev\Modulo 3\apache-tomcat-10.1.15-windows-x64\apache-tomcat-10.1.15\webapps\coffee] has finished in [604] ms
09-Nov-2023 21:07:41.347 INFO [main] org.apache.catalina.startup.HostConfig.deployDirectory Desplegando el directorio [E:\Krakedev\Modulo 3\apache-tomcat-10.1.15-windows-x64\apache-tomcat-10.1.15\webapps\docs] de la aplicación web
09-Nov-2023 21:07:41.425 INFO [main] org.apache.catalina.startup.HostConfig.deployDirectory Deployment of web application directory [E:\Krakedev\Modulo 3\apache-tomcat-10.1.15-windows-x64\apache-tomcat-10.1.15\webapps\docs] has finished in [62] ms
09-Nov-2023 21:07:41.425 INFO [main] org.apache.catalina.startup.HostConfig.deployDirectory Desplegando el directorio [E:\Krakedev\Modulo 3\apache-tomcat-10.1.15-windows-x64\apache-tomcat-10.1.15\webapps\examples] de la aplicación web
09-Nov-2023 21:07:42.168 INFO [main] org.apache.catalina.startup.HostConfig.deployDirectory Deployment of web application directory [E:\Krakedev\Modulo 3\apache-tomcat-10.1.15-windows-x64\apache-tomcat-10.1.15\webapps\examples] has finished in [743] ms
09-Nov-2023 21:07:42.168 INFO [main] org.apache.catalina.startup.HostConfig.deployDirectory Desplegando el directorio [E:\Krakedev\Modulo 3\apache-tomcat-10.1.15-windows-x64\apache-tomcat-10.1.15\webapps\host-manager] de la aplicación web
09-Nov-2023 21:07:42.246 INFO [main] org.apache.catalina.startup.HostConfig.deployDirectory Deployment of web application directory [E:\Krakedev\Modulo 3\apache-tomcat-10.1.15-windows-x64\apache-tomcat-10.1.15\webapps\host-manager] has finished in [78] ms
09-Nov-2023 21:07:42.246 INFO [main] org.apache.catalina.startup.HostConfig.deployDirectory Desplegando el directorio [E:\Krakedev\Modulo 3\apache-tomcat-10.1.15-windows-x64\apache-tomcat-10.1.15\webapps\krakedev] de la aplicación web
09-Nov-2023 21:07:42.293 INFO [main] org.apache.catalina.startup.HostConfig.deployDirectory Deployment of web application directory [E:\Krakedev\Modulo 3\apache-tomcat-10.1.15-windows-x64\apache-tomcat-10.1.15\webapps\krakedev] has finished in [47] ms
09-Nov-2023 21:07:42.293 INFO [main] org.apache.catalina.startup.HostConfig.deployDirectory Desplegando el directorio [E:\Krakedev\Modulo 3\apache-tomcat-10.1.15-windows-x64\apache-tomcat-10.1.15\webapps\manager] de la aplicación web
09-Nov-2023 21:07:42.457 INFO [main] org.apache.catalina.startup.HostConfig.deployDirectory Deployment of web application directory [E:\Krakedev\Modulo 3\apache-tomcat-10.1.15-windows-x64\apache-tomcat-10.1.15\webapps\manager] has finished in [163] ms
09-Nov-2023 21:07:42.463 INFO [main] org.apache.catalina.startup.HostConfig.deployDirectory Desplegando el directorio [E:\Krakedev\Modulo 3\apache-tomcat-10.1.15-windows-x64\apache-tomcat-10.1.15\webapps\ROOT] de la aplicación web
09-Nov-2023 21:07:42.536 INFO [main] org.apache.catalina.startup.HostConfig.deployDirectory Deployment of web application directory [E:\Krakedev\Modulo 3\apache-tomcat-10.1.15-windows-x64\apache-tomcat-10.1.15\webapps\ROOT] has finished in [73] ms
09-Nov-2023 21:07:42.545 INFO [main] org.apache.coyote.AbstractProtocol.start Starting ProtocolHandler ["http-nio-8080"]
09-Nov-2023 21:07:42.624 INFO [main] org.apache.catalina.startup.Catalina.start Server startup in [2016] milliseconds
